Started by upstream project "[8mha:AAAAnx+LCAAAAAAAAABb85aBtbiIQSajNKU4P08vOT+vOD8nVc+jsiC1KCczL9svvyT1dMUiOWdZ/mImBiZPBrac1Lz0kgwfBubSopwSBiGfrMSyRP2cxLx0/eCSosy8dOuKIgYpNOOcITTIMAYIYGRiYKgoADLEShgU9LPyk/TdixJTclLdKlSNDFxSy1Jz8guALKfSzJwUfQDojmfypQAAAA==[0mGradleFx Develop Build" build number [8mha:AAAAoh+LCAAAAAAAAABb85aBtbiIQSajNKU4P08vOT+vOD8nVc+jsiC1KCczL9svvyT1dMUiOWdZ/mImBiZPBrac1Lz0kgwfBubSopwSBiGfrMSyRP2cxLx0/eCSosy8dOuKIgYpNOOcITTIMAYIYGRiYKgoADKYSxiU9bPyk/TdixJTclLdKlSNDFxSy1Jz8guALKfSzJwUfUNDCwDp3hodqAAAAA==[0m118
Building in workspace /var/lib/jenkins/workspace/GradleFx Testbed Build
Checkout:GradleFx Testbed Build / /var/lib/jenkins/workspace/GradleFx Testbed Build - hudson.remoting.LocalChannel@1f4609c5
Using strategy: Default
Last Built Revision: Revision 02dda0bc259146e517d71573a12537de396597a2 (origin/master)
Fetching changes from 1 remote Git repository
Fetching upstream changes from git@github.com:GradleFx/GradleFx-testbed.git
Commencing build of Revision 02dda0bc259146e517d71573a12537de396597a2 (origin/master)
Checking out Revision 02dda0bc259146e517d71573a12537de396597a2 (origin/master)
Starting xvnc
[GradleFx Testbed Build] $ vncserver :12

New 'server.augnite.com:12 (jenkins)' desktop is server.augnite.com:12

Starting applications specified in /var/lib/jenkins/.vnc/xstartup
Log file is /var/lib/jenkins/.vnc/server.augnite.com:12.log

[GradleFx Testbed Build] $ "/var/lib/jenkins/workspace/GradleFx Testbed Build/gradlew" -info --stacktrace
Starting Build
================================================ Start building buildSrc
Evaluating root project 'buildSrc' using empty build file.
Selected primary task 'build'
[8mha:AAAAYB+LCAAAAAAAAABb85aBtbiIQSWjNKU4P0+vIKc0PTOvWC+9KDElJ1XPHUyFJBZn++WXpC7zV766aHPULSYGhooiBimoluT8vOJ8oFpnCA1SyAABjCCFBQDX67qaYgAAAA==[0m:buildSrc:compileJava
Skipping task ':compileJava' as it has no source files.
[8mha:AAAAYB+LCAAAAAAAAABb85aBtbiIQSWjNKU4P0+vIKc0PTOvWC+9KDElJ1XPHUyFJBZn++WXpC7zV766aHPULSYGhooiBimoluT8vOJ8oFpnCA1SyAABjCCFBQDX67qaYgAAAA==[0m:buildSrc:compileJava UP-TO-DATE
[8mha:AAAAYB+LCAAAAAAAAABb85aBtbiIQSWjNKU4P0+vIKc0PTOvWC+9KDElJ1XPHUyFJBZn++WXpC7zV766aHPULSYGhooiBimoluT8vOJ8oFpnCA1SyAABjCCFBQDX67qaYgAAAA==[0m:buildSrc:compileGroovy
Skipping task ':compileGroovy' as it has no source files.
[8mha:AAAAYB+LCAAAAAAAAABb85aBtbiIQSWjNKU4P0+vIKc0PTOvWC+9KDElJ1XPHUyFJBZn++WXpC7zV766aHPULSYGhooiBimoluT8vOJ8oFpnCA1SyAABjCCFBQDX67qaYgAAAA==[0m:buildSrc:compileGroovy UP-TO-DATE
[8mha:AAAAYB+LCAAAAAAAAABb85aBtbiIQSWjNKU4P0+vIKc0PTOvWC+9KDElJ1XPHUyFJBZn++WXpC7zV766aHPULSYGhooiBimoluT8vOJ8oFpnCA1SyAABjCCFBQDX67qaYgAAAA==[0m:buildSrc:processResources
Skipping task ':processResources' as it has no source files.
[8mha:AAAAYB+LCAAAAAAAAABb85aBtbiIQSWjNKU4P0+vIKc0PTOvWC+9KDElJ1XPHUyFJBZn++WXpC7zV766aHPULSYGhooiBimoluT8vOJ8oFpnCA1SyAABjCCFBQDX67qaYgAAAA==[0m:buildSrc:processResources UP-TO-DATE
[8mha:AAAAYB+LCAAAAAAAAABb85aBtbiIQSWjNKU4P0+vIKc0PTOvWC+9KDElJ1XPHUyFJBZn++WXpC7zV766aHPULSYGhooiBimoluT8vOJ8oFpnCA1SyAABjCCFBQDX67qaYgAAAA==[0m:buildSrc:classes
Skipping task ':classes' as it has no actions.
[8mha:AAAAYB+LCAAAAAAAAABb85aBtbiIQSWjNKU4P0+vIKc0PTOvWC+9KDElJ1XPHUyFJBZn++WXpC7zV766aHPULSYGhooiBimoluT8vOJ8oFpnCA1SyAABjCCFBQDX67qaYgAAAA==[0m:buildSrc:classes UP-TO-DATE
[8mha:AAAAYB+LCAAAAAAAAABb85aBtbiIQSWjNKU4P0+vIKc0PTOvWC+9KDElJ1XPHUyFJBZn++WXpC7zV766aHPULSYGhooiBimoluT8vOJ8oFpnCA1SyAABjCCFBQDX67qaYgAAAA==[0m:buildSrc:jar
Skipping task ':jar' as it is up-to-date.
Skipping task ':jar' as it is up-to-date
[8mha:AAAAYB+LCAAAAAAAAABb85aBtbiIQSWjNKU4P0+vIKc0PTOvWC+9KDElJ1XPHUyFJBZn++WXpC7zV766aHPULSYGhooiBimoluT8vOJ8oFpnCA1SyAABjCCFBQDX67qaYgAAAA==[0m:buildSrc:jar UP-TO-DATE
[8mha:AAAAYB+LCAAAAAAAAABb85aBtbiIQSWjNKU4P0+vIKc0PTOvWC+9KDElJ1XPHUyFJBZn++WXpC7zV766aHPULSYGhooiBimoluT8vOJ8oFpnCA1SyAABjCCFBQDX67qaYgAAAA==[0m:buildSrc:assemble
Skipping task ':assemble' as it has no actions.
[8mha:AAAAYB+LCAAAAAAAAABb85aBtbiIQSWjNKU4P0+vIKc0PTOvWC+9KDElJ1XPHUyFJBZn++WXpC7zV766aHPULSYGhooiBimoluT8vOJ8oFpnCA1SyAABjCCFBQDX67qaYgAAAA==[0m:buildSrc:assemble UP-TO-DATE
[8mha:AAAAYB+LCAAAAAAAAABb85aBtbiIQSWjNKU4P0+vIKc0PTOvWC+9KDElJ1XPHUyFJBZn++WXpC7zV766aHPULSYGhooiBimoluT8vOJ8oFpnCA1SyAABjCCFBQDX67qaYgAAAA==[0m:buildSrc:compileTestJava
Skipping task ':compileTestJava' as it has no source files.
[8mha:AAAAYB+LCAAAAAAAAABb85aBtbiIQSWjNKU4P0+vIKc0PTOvWC+9KDElJ1XPHUyFJBZn++WXpC7zV766aHPULSYGhooiBimoluT8vOJ8oFpnCA1SyAABjCCFBQDX67qaYgAAAA==[0m:buildSrc:compileTestJava UP-TO-DATE
[8mha:AAAAYB+LCAAAAAAAAABb85aBtbiIQSWjNKU4P0+vIKc0PTOvWC+9KDElJ1XPHUyFJBZn++WXpC7zV766aHPULSYGhooiBimoluT8vOJ8oFpnCA1SyAABjCCFBQDX67qaYgAAAA==[0m:buildSrc:compileTestGroovy
Skipping task ':compileTestGroovy' as it has no source files.
[8mha:AAAAYB+LCAAAAAAAAABb85aBtbiIQSWjNKU4P0+vIKc0PTOvWC+9KDElJ1XPHUyFJBZn++WXpC7zV766aHPULSYGhooiBimoluT8vOJ8oFpnCA1SyAABjCCFBQDX67qaYgAAAA==[0m:buildSrc:compileTestGroovy UP-TO-DATE
[8mha:AAAAYB+LCAAAAAAAAABb85aBtbiIQSWjNKU4P0+vIKc0PTOvWC+9KDElJ1XPHUyFJBZn++WXpC7zV766aHPULSYGhooiBimoluT8vOJ8oFpnCA1SyAABjCCFBQDX67qaYgAAAA==[0m:buildSrc:processTestResources
Skipping task ':processTestResources' as it has no source files.
[8mha:AAAAYB+LCAAAAAAAAABb85aBtbiIQSWjNKU4P0+vIKc0PTOvWC+9KDElJ1XPHUyFJBZn++WXpC7zV766aHPULSYGhooiBimoluT8vOJ8oFpnCA1SyAABjCCFBQDX67qaYgAAAA==[0m:buildSrc:processTestResources UP-TO-DATE
[8mha:AAAAYB+LCAAAAAAAAABb85aBtbiIQSWjNKU4P0+vIKc0PTOvWC+9KDElJ1XPHUyFJBZn++WXpC7zV766aHPULSYGhooiBimoluT8vOJ8oFpnCA1SyAABjCCFBQDX67qaYgAAAA==[0m:buildSrc:testClasses
Skipping task ':testClasses' as it has no actions.
[8mha:AAAAYB+LCAAAAAAAAABb85aBtbiIQSWjNKU4P0+vIKc0PTOvWC+9KDElJ1XPHUyFJBZn++WXpC7zV766aHPULSYGhooiBimoluT8vOJ8oFpnCA1SyAABjCCFBQDX67qaYgAAAA==[0m:buildSrc:testClasses UP-TO-DATE
[8mha:AAAAYB+LCAAAAAAAAABb85aBtbiIQSWjNKU4P0+vIKc0PTOvWC+9KDElJ1XPHUyFJBZn++WXpC7zV766aHPULSYGhooiBimoluT8vOJ8oFpnCA1SyAABjCCFBQDX67qaYgAAAA==[0m:buildSrc:test
file or directory '/var/lib/jenkins/workspace/GradleFx Testbed Build/buildSrc/build/classes/test', not found
Skipping task ':test' as it is up-to-date.
Skipping task ':test' as it is up-to-date
[8mha:AAAAYB+LCAAAAAAAAABb85aBtbiIQSWjNKU4P0+vIKc0PTOvWC+9KDElJ1XPHUyFJBZn++WXpC7zV766aHPULSYGhooiBimoluT8vOJ8oFpnCA1SyAABjCCFBQDX67qaYgAAAA==[0m:buildSrc:test UP-TO-DATE
[8mha:AAAAYB+LCAAAAAAAAABb85aBtbiIQSWjNKU4P0+vIKc0PTOvWC+9KDElJ1XPHUyFJBZn++WXpC7zV766aHPULSYGhooiBimoluT8vOJ8oFpnCA1SyAABjCCFBQDX67qaYgAAAA==[0m:buildSrc:check
Skipping task ':check' as it has no actions.
[8mha:AAAAYB+LCAAAAAAAAABb85aBtbiIQSWjNKU4P0+vIKc0PTOvWC+9KDElJ1XPHUyFJBZn++WXpC7zV766aHPULSYGhooiBimoluT8vOJ8oFpnCA1SyAABjCCFBQDX67qaYgAAAA==[0m:buildSrc:check UP-TO-DATE
[8mha:AAAAYB+LCAAAAAAAAABb85aBtbiIQSWjNKU4P0+vIKc0PTOvWC+9KDElJ1XPHUyFJBZn++WXpC7zV766aHPULSYGhooiBimoluT8vOJ8oFpnCA1SyAABjCCFBQDX67qaYgAAAA==[0m:buildSrc:build
Skipping task ':build' as it has no actions.
[8mha:AAAAYB+LCAAAAAAAAABb85aBtbiIQSWjNKU4P0+vIKc0PTOvWC+9KDElJ1XPHUyFJBZn++WXpC7zV766aHPULSYGhooiBimoluT8vOJ8oFpnCA1SyAABjCCFBQDX67qaYgAAAA==[0m:buildSrc:build UP-TO-DATE
================================================ Finished building buildSrc
Settings evaluated using settings file '/var/lib/jenkins/workspace/GradleFx Testbed Build/settings.gradle'.
Projects loaded. Root project using build file '/var/lib/jenkins/workspace/GradleFx Testbed Build/build.gradle'.
Included projects: [root project 'GradleFx Testbed Build', project ':actionscript-only-project', project ':air-single-project', project ':flashbuilder-integration', project ':flex-java-war', project ':flexunit-single-project', project ':intellij-integration', project ':merge-swc-packages', project ':multiproject-all-conventions', project ':multiproject-no-conventions', project ':flashbuilder-integration:fb-air-fx', project ':flashbuilder-integration:fb-mobile-as', project ':flashbuilder-integration:fb-mobile-fx', project ':flashbuilder-integration:fb-swc-as', project ':flashbuilder-integration:fb-swc-fx', project ':flashbuilder-integration:fb-swf-as', project ':flashbuilder-integration:fb-swf-fx', project ':flex-java-war:flex', project ':flex-java-war:java', project ':intellij-integration:iml-air-as', project ':intellij-integration:iml-air-fx', project ':intellij-integration:iml-mobile-android-as', project ':intellij-integration:iml-mobile-android-fx', project ':intellij-integration:iml-mobile-ios-as', project ':intellij-integration:iml-mobile-ios-fx', project ':intellij-integration:iml-swc-as', project ':intellij-integration:iml-swc-fx', project ':intellij-integration:iml-swf-as', project ':intellij-integration:iml-swf-fx', project ':merge-swc-packages:domain', project ':merge-swc-packages:util', project ':multiproject-all-conventions:assets', project ':multiproject-all-conventions:client', project ':multiproject-all-conventions:domain', project ':multiproject-all-conventions:util', project ':multiproject-no-conventions:client', project ':multiproject-no-conventions:domain', project ':multiproject-no-conventions:util', project ':flex-java-war:flex:swc', project ':flex-java-war:flex:swf', project ':flex-java-war:java:dto', project ':flex-java-war:java:war']
Evaluating root project 'GradleFx Testbed Build' using build file '/var/lib/jenkins/workspace/GradleFx Testbed Build/build.gradle'.
Resource missing. [HTTP GET: http://repo1.maven.org/maven2/org/gradlefx/gradlefx/0.8-SNAPSHOT/maven-metadata.xml]
Resource missing. [HTTP HEAD: http://repo1.maven.org/maven2/org/gradlefx/gradlefx/0.8-SNAPSHOT/gradlefx-0.8-SNAPSHOT.pom]
Resource missing. [HTTP HEAD: http://repo1.maven.org/maven2/org/gradlefx/gradlefx/0.8-SNAPSHOT/gradlefx-0.8-SNAPSHOT.jar]
Cached resource is up-to-date (lastModified: Sat Dec 28 17:45:26 CET 2013). [HTTP: https://oss.sonatype.org/content/repositories/snapshots/org/gradlefx/gradlefx/0.8-SNAPSHOT/gradlefx-0.8-20131228.164521-4.pom]
Cached resource is up-to-date (lastModified: Sat Dec 28 17:45:25 CET 2013). [HTTP: https://oss.sonatype.org/content/repositories/snapshots/org/gradlefx/gradlefx/0.8-SNAPSHOT/gradlefx-0.8-20131228.164521-4.jar]
Evaluating project ':actionscript-only-project' using build file '/var/lib/jenkins/workspace/GradleFx Testbed Build/actionscript-only-project/build.gradle'.
Using the flexHome convention
Evaluating project ':air-single-project' using build file '/var/lib/jenkins/workspace/GradleFx Testbed Build/air-single-project/build.gradle'.
Resource missing. [HTTP GET: http://projects.yoolab.org/maven/content/repositories/releases/org/apache/apache-flex-sdk/4.9.1/apache-flex-sdk-4.9.1.pom]
Resource missing. [HTTP HEAD: http://projects.yoolab.org/maven/content/repositories/releases/org/apache/apache-flex-sdk/4.9.1/apache-flex-sdk-4.9.1.zip]
Resource missing. [HTTP GET: http://opensource.adobe.com/svn/opensource/cairngorm3/maven-repository/org/apache/apache-flex-sdk/4.9.1/apache-flex-sdk-4.9.1.pom]
Resource missing. [HTTP HEAD: http://opensource.adobe.com/svn/opensource/cairngorm3/maven-repository/org/apache/apache-flex-sdk/4.9.1/apache-flex-sdk-4.9.1.zip]
Resource missing. [HTTP GET: http://download.macromedia.com/air/win/download/4.9.1/apache-flex-sdk.xml]
Resource missing. [HTTP HEAD: http://download.macromedia.com/air/win/download/4.9.1/apache-flex-sdk.zip]
Using the Flex SDK dependency
Determining SDK install location
Resource missing. [HTTP GET: http://projects.yoolab.org/maven/content/repositories/releases/com/adobe/AdobeAIRSDK/3.4/AdobeAIRSDK-3.4.pom]
Resource missing. [HTTP HEAD: http://projects.yoolab.org/maven/content/repositories/releases/com/adobe/AdobeAIRSDK/3.4/AdobeAIRSDK-3.4.zip]
Resource missing. [HTTP GET: http://opensource.adobe.com/svn/opensource/cairngorm3/maven-repository/com/adobe/AdobeAIRSDK/3.4/AdobeAIRSDK-3.4.pom]
Resource missing. [HTTP HEAD: http://opensource.adobe.com/svn/opensource/cairngorm3/maven-repository/com/adobe/AdobeAIRSDK/3.4/AdobeAIRSDK-3.4.zip]
Resource missing. [HTTP GET: http://apache.cu.be/flex/3.4/binaries/AdobeAIRSDK-3.4-bin.xml]
Resource missing. [HTTP HEAD: http://apache.cu.be/flex/3.4/binaries/AdobeAIRSDK-3.4-bin.zip]
Setting flexHome to /var/lib/jenkins/.gradle/gradleFx/sdks/e9231c6b8603e063b49cf4b5647ed773aacdb659
Using the Air SDK dependency
Determining SDK install location
Evaluating project ':flashbuilder-integration' using build file '/var/lib/jenkins/workspace/GradleFx Testbed Build/flashbuilder-integration/build.gradle'.
Evaluating project ':flex-java-war' using build file '/var/lib/jenkins/workspace/GradleFx Testbed Build/flex-java-war/build.gradle'.
Evaluating project ':flexunit-single-project' using build file '/var/lib/jenkins/workspace/GradleFx Testbed Build/flexunit-single-project/build.gradle'.
Using the flexHome convention
Evaluating project ':intellij-integration' using build file '/var/lib/jenkins/workspace/GradleFx Testbed Build/intellij-integration/build.gradle'.
Evaluating project ':merge-swc-packages' using build file '/var/lib/jenkins/workspace/GradleFx Testbed Build/merge-swc-packages/build.gradle'.
Using the flexHome convention
Evaluating project ':multiproject-all-conventions' using build file '/var/lib/jenkins/workspace/GradleFx Testbed Build/multiproject-all-conventions/build.gradle'.
Evaluating project ':multiproject-no-conventions' using build file '/var/lib/jenkins/workspace/GradleFx Testbed Build/multiproject-no-conventions/build.gradle'.
Evaluating project ':flashbuilder-integration:fb-air-fx' using build file '/var/lib/jenkins/workspace/GradleFx Testbed Build/flashbuilder-integration/fb-air-fx/build.gradle'.
Using the flexHome convention
Evaluating project ':flashbuilder-integration:fb-mobile-as' using build file '/var/lib/jenkins/workspace/GradleFx Testbed Build/flashbuilder-integration/fb-mobile-as/build.gradle'.
Using the flexHome convention
Evaluating project ':flashbuilder-integration:fb-mobile-fx' using build file '/var/lib/jenkins/workspace/GradleFx Testbed Build/flashbuilder-integration/fb-mobile-fx/build.gradle'.
Using the flexHome convention
Evaluating project ':flashbuilder-integration:fb-swc-as' using build file '/var/lib/jenkins/workspace/GradleFx Testbed Build/flashbuilder-integration/fb-swc-as/build.gradle'.
Using the flexHome convention
Evaluating project ':flashbuilder-integration:fb-swc-fx' using build file '/var/lib/jenkins/workspace/GradleFx Testbed Build/flashbuilder-integration/fb-swc-fx/build.gradle'.
Using the flexHome convention
Evaluating project ':flashbuilder-integration:fb-swf-as' using build file '/var/lib/jenkins/workspace/GradleFx Testbed Build/flashbuilder-integration/fb-swf-as/build.gradle'.
Using the flexHome convention
Evaluating project ':flashbuilder-integration:fb-swf-fx' using build file '/var/lib/jenkins/workspace/GradleFx Testbed Build/flashbuilder-integration/fb-swf-fx/build.gradle'.
Using the flexHome convention
Evaluating project ':flex-java-war:flex' using build file '/var/lib/jenkins/workspace/GradleFx Testbed Build/flex-java-war/flex/build.gradle'.
Evaluating project ':flex-java-war:java' using build file '/var/lib/jenkins/workspace/GradleFx Testbed Build/flex-java-war/java/build.gradle'.
Evaluating project ':intellij-integration:iml-air-as' using build file '/var/lib/jenkins/workspace/GradleFx Testbed Build/intellij-integration/iml-air-as/build.gradle'.
Using the flexHome convention
Evaluating project ':intellij-integration:iml-air-fx' using build file '/var/lib/jenkins/workspace/GradleFx Testbed Build/intellij-integration/iml-air-fx/build.gradle'.
Using the flexHome convention
Evaluating project ':intellij-integration:iml-mobile-android-as' using build file '/var/lib/jenkins/workspace/GradleFx Testbed Build/intellij-integration/iml-mobile-android-as/build.gradle'.
Using the flexHome convention
Evaluating project ':intellij-integration:iml-mobile-android-fx' using build file '/var/lib/jenkins/workspace/GradleFx Testbed Build/intellij-integration/iml-mobile-android-fx/build.gradle'.
Using the flexHome convention
Evaluating project ':intellij-integration:iml-mobile-ios-as' using build file '/var/lib/jenkins/workspace/GradleFx Testbed Build/intellij-integration/iml-mobile-ios-as/build.gradle'.
Using the flexHome convention
Evaluating project ':intellij-integration:iml-mobile-ios-fx' using build file '/var/lib/jenkins/workspace/GradleFx Testbed Build/intellij-integration/iml-mobile-ios-fx/build.gradle'.
Using the flexHome convention
Evaluating project ':intellij-integration:iml-swc-as' using build file '/var/lib/jenkins/workspace/GradleFx Testbed Build/intellij-integration/iml-swc-as/build.gradle'.
Using the flexHome convention
Evaluating project ':intellij-integration:iml-swc-fx' using build file '/var/lib/jenkins/workspace/GradleFx Testbed Build/intellij-integration/iml-swc-fx/build.gradle'.
Using the flexHome convention
Evaluating project ':intellij-integration:iml-swf-as' using build file '/var/lib/jenkins/workspace/GradleFx Testbed Build/intellij-integration/iml-swf-as/build.gradle'.
Using the flexHome convention
Evaluating project ':intellij-integration:iml-swf-fx' using build file '/var/lib/jenkins/workspace/GradleFx Testbed Build/intellij-integration/iml-swf-fx/build.gradle'.
Using the flexHome convention
Evaluating project ':merge-swc-packages:domain' using build file '/var/lib/jenkins/workspace/GradleFx Testbed Build/merge-swc-packages/domain/build.gradle'.
Using the flexHome convention
Evaluating project ':merge-swc-packages:util' using build file '/var/lib/jenkins/workspace/GradleFx Testbed Build/merge-swc-packages/util/build.gradle'.
Using the flexHome convention
Evaluating project ':multiproject-all-conventions:assets' using build file '/var/lib/jenkins/workspace/GradleFx Testbed Build/multiproject-all-conventions/assets/build.gradle'.
Using the flexHome convention
Evaluating project ':multiproject-all-conventions:client' using build file '/var/lib/jenkins/workspace/GradleFx Testbed Build/multiproject-all-conventions/client/build.gradle'.
Using the flexHome convention
Evaluating project ':multiproject-all-conventions:domain' using build file '/var/lib/jenkins/workspace/GradleFx Testbed Build/multiproject-all-conventions/domain/build.gradle'.
Using the flexHome convention
Evaluating project ':multiproject-all-conventions:util' using build file '/var/lib/jenkins/workspace/GradleFx Testbed Build/multiproject-all-conventions/util/build.gradle'.
Using the flexHome convention
Evaluating project ':multiproject-no-conventions:client' using build file '/var/lib/jenkins/workspace/GradleFx Testbed Build/multiproject-no-conventions/client/build.gradle'.
Using the flexHome convention
Evaluating project ':multiproject-no-conventions:domain' using build file '/var/lib/jenkins/workspace/GradleFx Testbed Build/multiproject-no-conventions/domain/build.gradle'.
Using the flexHome convention
Evaluating project ':multiproject-no-conventions:util' using build file '/var/lib/jenkins/workspace/GradleFx Testbed Build/multiproject-no-conventions/util/build.gradle'.
Using the flexHome convention
Evaluating project ':flex-java-war:flex:swc' using build file '/var/lib/jenkins/workspace/GradleFx Testbed Build/flex-java-war/flex/swc/build.gradle'.
Using the Flex SDK dependency
Determining SDK install location
Setting flexHome to /var/lib/jenkins/.gradle/gradleFx/sdks/39160a1c0a9547a9c724363ace885c3f8e674171
Evaluating project ':flex-java-war:flex:swf' using build file '/var/lib/jenkins/workspace/GradleFx Testbed Build/flex-java-war/flex/swf/build.gradle'.
Using the Flex SDK dependency
Determining SDK install location
Setting flexHome to /var/lib/jenkins/.gradle/gradleFx/sdks/39160a1c0a9547a9c724363ace885c3f8e674171
Evaluating project ':flex-java-war:java:dto' using empty build file.
Evaluating project ':flex-java-war:java:war' using build file '/var/lib/jenkins/workspace/GradleFx Testbed Build/flex-java-war/java/war/build.gradle'.
All projects evaluated.
No tasks specified. Using project default tasks 'clean', 'flashbuilderClean', 'ideaClean', 'scaffold', 'test', 'compileFlex', 'compileJava', 'package', 'war', 'asdoc', 'flashbuilder', 'idea'
Selected primary tasks 'clean', 'flashbuilderClean', 'ideaClean', 'scaffold', 'test', 'compileFlex', 'compileJava', 'package', 'war', 'asdoc', 'flashbuilder', 'idea'
Tasks to be executed: [task ':actionscript-only-project:clean', task ':air-single-project:clean', task ':flexunit-single-project:clean', task ':merge-swc-packages:clean', task ':flashbuilder-integration:fb-air-fx:clean', task ':flashbuilder-integration:fb-mobile-as:clean', task ':flashbuilder-integration:fb-mobile-fx:clean', task ':flashbuilder-integration:fb-swc-as:clean', task ':flashbuilder-integration:fb-swc-fx:clean', task ':flashbuilder-integration:fb-swf-as:clean', task ':flashbuilder-integration:fb-swf-fx:clean', task ':intellij-integration:iml-air-as:clean', task ':intellij-integration:iml-air-fx:clean', task ':intellij-integration:iml-mobile-android-as:clean', task ':intellij-integration:iml-mobile-android-fx:clean', task ':intellij-integration:iml-mobile-ios-as:clean', task ':intellij-integration:iml-mobile-ios-fx:clean', task ':intellij-integration:iml-swc-as:clean', task ':intellij-integration:iml-swc-fx:clean', task ':intellij-integration:iml-swf-as:clean', task ':intellij-integration:iml-swf-fx:clean', task ':merge-swc-packages:domain:clean', task ':merge-swc-packages:util:clean', task ':multiproject-all-conventions:assets:clean', task ':multiproject-all-conventions:client:clean', task ':multiproject-all-conventions:domain:clean', task ':multiproject-all-conventions:util:clean', task ':multiproject-no-conventions:client:clean', task ':multiproject-no-conventions:domain:clean', task ':multiproject-no-conventions:util:clean', task ':flex-java-war:flex:swc:clean', task ':flex-java-war:flex:swf:clean', task ':flex-java-war:java:dto:clean', task ':flex-java-war:java:war:clean', task ':air-single-project:flashbuilderClean', task ':flashbuilder-integration:fb-air-fx:flashbuilderClean', task ':flashbuilder-integration:fb-mobile-as:flashbuilderClean', task ':flashbuilder-integration:fb-mobile-fx:flashbuilderClean', task ':flashbuilder-integration:fb-swc-as:flashbuilderClean', task ':flashbuilder-integration:fb-swc-fx:flashbuilderClean', task ':flashbuilder-integration:fb-swf-as:flashbuilderClean', task ':flashbuilder-integration:fb-swf-fx:flashbuilderClean', task ':multiproject-no-conventions:client:flashbuilderClean', task ':multiproject-no-conventions:domain:flashbuilderClean', task ':multiproject-no-conventions:util:flashbuilderClean', task ':intellij-integration:iml-air-as:ideaClean', task ':intellij-integration:iml-air-fx:ideaClean', task ':intellij-integration:iml-mobile-android-as:ideaClean', task ':intellij-integration:iml-mobile-android-fx:ideaClean', task ':intellij-integration:iml-mobile-ios-as:ideaClean', task ':intellij-integration:iml-mobile-ios-fx:ideaClean', task ':intellij-integration:iml-swc-as:ideaClean', task ':intellij-integration:iml-swc-fx:ideaClean', task ':intellij-integration:iml-swf-as:ideaClean', task ':intellij-integration:iml-swf-fx:ideaClean', task ':air-single-project:scaffold', task ':flashbuilder-integration:fb-air-fx:scaffold', task ':flashbuilder-integration:fb-mobile-as:scaffold', task ':flashbuilder-integration:fb-mobile-fx:scaffold', task ':flashbuilder-integration:fb-swc-as:scaffold', task ':flashbuilder-integration:fb-swc-fx:scaffold', task ':flashbuilder-integration:fb-swf-as:scaffold', task ':flashbuilder-integration:fb-swf-fx:scaffold', task ':intellij-integration:iml-air-as:scaffold', task ':intellij-integration:iml-air-fx:scaffold', task ':intellij-integration:iml-mobile-android-as:scaffold', task ':intellij-integration:iml-mobile-android-fx:scaffold', task ':intellij-integration:iml-mobile-ios-as:scaffold', task ':intellij-integration:iml-mobile-ios-fx:scaffold', task ':intellij-integration:iml-swc-as:scaffold', task ':intellij-integration:iml-swc-fx:scaffold', task ':intellij-integration:iml-swf-as:scaffold', task ':intellij-integration:iml-swf-fx:scaffold', task ':multiproject-no-conventions:client:scaffold', task ':multiproject-no-conventions:domain:scaffold', task ':multiproject-no-conventions:util:scaffold', task ':actionscript-only-project:copytestresources', task ':actionscript-only-project:test', task ':air-single-project:copytestresources', task ':air-single-project:test', task ':flexunit-single-project:copytestresources', task ':flexunit-single-project:test', task ':merge-swc-packages:copytestresources', task ':merge-swc-packages:test', task ':flashbuilder-integration:fb-air-fx:copytestresources', task ':flashbuilder-integration:fb-air-fx:test', task ':flashbuilder-integration:fb-mobile-as:copytestresources', task ':flashbuilder-integration:fb-mobile-as:test', task ':flashbuilder-integration:fb-mobile-fx:copytestresources', task ':flashbuilder-integration:fb-mobile-fx:test', task ':flashbuilder-integration:fb-swc-as:copytestresources', task ':flashbuilder-integration:fb-swc-as:test', task ':flashbuilder-integration:fb-swc-fx:copytestresources', task ':flashbuilder-integration:fb-swc-fx:test', task ':flashbuilder-integration:fb-swf-as:copytestresources', task ':flashbuilder-integration:fb-swf-as:test', task ':flashbuilder-integration:fb-swf-fx:copytestresources', task ':flashbuilder-integration:fb-swf-fx:test', task ':intellij-integration:iml-air-as:copytestresources', task ':intellij-integration:iml-air-as:test', task ':intellij-integration:iml-air-fx:copytestresources', task ':intellij-integration:iml-air-fx:test', task ':intellij-integration:iml-mobile-android-as:copytestresources', task ':intellij-integration:iml-mobile-android-as:test', task ':intellij-integration:iml-mobile-android-fx:copytestresources', task ':intellij-integration:iml-mobile-android-fx:test', task ':intellij-integration:iml-mobile-ios-as:copytestresources', task ':intellij-integration:iml-mobile-ios-as:test', task ':intellij-integration:iml-mobile-ios-fx:copytestresources', task ':intellij-integration:iml-mobile-ios-fx:test', task ':intellij-integration:iml-swc-as:copytestresources', task ':intellij-integration:iml-swc-as:test', task ':intellij-integration:iml-swc-fx:copytestresources', task ':intellij-integration:iml-swc-fx:test', task ':intellij-integration:iml-swf-as:copytestresources', task ':intellij-integration:iml-swf-as:test', task ':intellij-integration:iml-swf-fx:copytestresources', task ':intellij-integration:iml-swf-fx:test', task ':merge-swc-packages:domain:copytestresources', task ':merge-swc-packages:domain:test', task ':merge-swc-packages:util:copytestresources', task ':merge-swc-packages:util:test', task ':multiproject-all-conventions:assets:copytestresources', task ':multiproject-all-conventions:assets:test', task ':multiproject-all-conventions:client:copytestresources', task ':multiproject-all-conventions:client:test', task ':multiproject-all-conventions:domain:copytestresources', task ':multiproject-all-conventions:domain:test', task ':multiproject-all-conventions:util:copytestresources', task ':multiproject-all-conventions:util:test', task ':multiproject-no-conventions:client:copytestresources', task ':multiproject-no-conventions:client:test', task ':multiproject-no-conventions:domain:copytestresources', task ':multiproject-no-conventions:domain:test', task ':multiproject-no-conventions:util:copytestresources', task ':multiproject-no-conventions:util:test', task ':flex-java-war:flex:swc:copytestresources', task ':flex-java-war:flex:swc:test', task ':flex-java-war:flex:swf:copytestresources', task ':flex-java-war:flex:swf:test', task ':flex-java-war:java:dto:compileJava', task ':flex-java-war:java:dto:processResources', task ':flex-java-war:java:dto:classes', task ':flex-java-war:java:dto:compileTestJava', task ':flex-java-war:java:dto:processTestResources', task ':flex-java-war:java:dto:testClasses', task ':flex-java-war:java:dto:test', task ':flex-java-war:java:dto:jar', task ':flex-java-war:java:war:compileJava', task ':flex-java-war:java:war:processResources', task ':flex-java-war:java:war:classes', task ':flex-java-war:java:war:compileTestJava', task ':flex-java-war:java:war:processTestResources', task ':flex-java-war:java:war:testClasses', task ':flex-java-war:java:war:test', task ':actionscript-only-project:copyresources', task ':actionscript-only-project:compileFlex', task ':air-single-project:copyresources', task ':air-single-project:compileFlex', task ':flexunit-single-project:compileFlex', task ':multiproject-all-conventions:util:compileFlex', task ':merge-swc-packages:domain:compileFlex', task ':merge-swc-packages:util:compileFlex', task ':merge-swc-packages:compileFlex', task ':flashbuilder-integration:fb-air-fx:copyresources', task ':flashbuilder-integration:fb-air-fx:compileFlex', task ':flashbuilder-integration:fb-mobile-as:copyresources', task ':flashbuilder-integration:fb-mobile-as:compileFlex', task ':flashbuilder-integration:fb-mobile-fx:copyresources', task ':flashbuilder-integration:fb-mobile-fx:compileFlex', task ':flashbuilder-integration:fb-swc-as:compileFlex', task ':flashbuilder-integration:fb-swc-fx:compileFlex', task ':flashbuilder-integration:fb-swf-as:copyresources', task ':flashbuilder-integration:fb-swf-as:compileFlex', task ':flashbuilder-integration:fb-swf-fx:copyresources', task ':flashbuilder-integration:fb-swf-fx:compileFlex', task ':intellij-integration:iml-air-as:copyresources', task ':intellij-integration:iml-air-as:compileFlex', task ':intellij-integration:iml-air-fx:copyresources', task ':intellij-integration:iml-air-fx:compileFlex', task ':intellij-integration:iml-mobile-android-as:copyresources', task ':intellij-integration:iml-mobile-android-as:compileFlex', task ':intellij-integration:iml-mobile-android-fx:copyresources', task ':intellij-integration:iml-mobile-android-fx:compileFlex', task ':intellij-integration:iml-mobile-ios-as:copyresources', task ':intellij-integration:iml-mobile-ios-as:compileFlex', task ':intellij-integration:iml-mobile-ios-fx:copyresources', task ':intellij-integration:iml-mobile-ios-fx:compileFlex', task ':intellij-integration:iml-swc-as:compileFlex', task ':intellij-integration:iml-swc-fx:compileFlex', task ':intellij-integration:iml-swf-as:copyresources', task ':intellij-integration:iml-swf-as:compileFlex', task ':intellij-integration:iml-swf-fx:copyresources', task ':intellij-integration:iml-swf-fx:compileFlex', task ':multiproject-all-conventions:assets:compileFlex', task ':multiproject-all-conventions:client:copyresources', task ':multiproject-all-conventions:domain:compileFlex', task ':multiproject-all-conventions:client:compileFlex', task ':multiproject-no-conventions:client:copyresources', task ':multiproject-no-conventions:util:compileFlex', task ':multiproject-no-conventions:domain:asdoc', task ':multiproject-no-conventions:domain:compileFlex', task ':multiproject-no-conventions:client:compileFlex', task ':flex-java-war:flex:swc:compileFlex', task ':flex-java-war:flex:swf:copyresources', task ':flex-java-war:flex:swf:compileFlex', task ':air-single-project:package', task ':flashbuilder-integration:fb-air-fx:package', task ':flashbuilder-integration:fb-mobile-as:package', task ':flashbuilder-integration:fb-mobile-fx:package', task ':intellij-integration:iml-air-as:package', task ':intellij-integration:iml-air-fx:package', task ':intellij-integration:iml-mobile-android-as:package', task ':intellij-integration:iml-mobile-android-fx:package', task ':intellij-integration:iml-mobile-ios-as:package', task ':intellij-integration:iml-mobile-ios-fx:package', task ':flex-java-war:java:war:war', task ':flexunit-single-project:asdoc', task ':merge-swc-packages:asdoc', task ':flashbuilder-integration:fb-swc-as:asdoc', task ':flashbuilder-integration:fb-swc-fx:asdoc', task ':intellij-integration:iml-swc-as:asdoc', task ':intellij-integration:iml-swc-fx:asdoc', task ':merge-swc-packages:domain:asdoc', task ':merge-swc-packages:util:asdoc', task ':multiproject-all-conventions:assets:asdoc', task ':multiproject-all-conventions:domain:asdoc', task ':multiproject-all-conventions:util:asdoc', task ':multiproject-no-conventions:util:asdoc', task ':flex-java-war:flex:swc:asdoc', task ':air-single-project:flashbuilder', task ':flashbuilder-integration:fb-air-fx:flashbuilder', task ':flashbuilder-integration:fb-mobile-as:flashbuilder', task ':flashbuilder-integration:fb-mobile-fx:flashbuilder', task ':flashbuilder-integration:fb-swc-as:flashbuilder', task ':flashbuilder-integration:fb-swc-fx:flashbuilder', task ':flashbuilder-integration:fb-swf-as:flashbuilder', task ':flashbuilder-integration:fb-swf-fx:flashbuilder', task ':multiproject-no-conventions:client:flashbuilder', task ':multiproject-no-conventions:domain:flashbuilder', task ':multiproject-no-conventions:util:flashbuilder', task ':intellij-integration:iml-air-as:idea', task ':intellij-integration:iml-air-fx:idea', task ':intellij-integration:iml-mobile-android-as:idea', task ':intellij-integration:iml-mobile-android-fx:idea', task ':intellij-integration:iml-mobile-ios-as:idea', task ':intellij-integration:iml-mobile-ios-fx:idea', task ':intellij-integration:iml-swc-as:idea', task ':intellij-integration:iml-swc-fx:idea', task ':intellij-integration:iml-swf-as:idea', task ':intellij-integration:iml-swf-fx:idea']
[8mha:AAAAYB+LCAAAAAAAAABb85aBtbiIQSWjNKU4P0+vIKc0PTOvWC+9KDElJ1XPHUyFJBZn++WXpC7zV766aHPULSYGhooiBimoluT8vOJ8oFpnCA1SyAABjCCFBQDX67qaYgAAAA==[0m:actionscript-only-project:clean
Task ':actionscript-only-project:clean' has not declared any outputs, assuming that it is out-of-date.
[8mha:AAAAYB+LCAAAAAAAAABb85aBtbiIQSWjNKU4P0+vIKc0PTOvWC+9KDElJ1XPHUyFJBZn++WXpC7zV766aHPULSYGhooiBimoluT8vOJ8oFpnCA1SyAABjCCFBQDX67qaYgAAAA==[0m:air-single-project:clean
Task ':air-single-project:clean' has not declared any outputs, assuming that it is out-of-date.
[8mha:AAAAYB+LCAAAAAAAAABb85aBtbiIQSWjNKU4P0+vIKc0PTOvWC+9KDElJ1XPHUyFJBZn++WXpC7zV766aHPULSYGhooiBimoluT8vOJ8oFpnCA1SyAABjCCFBQDX67qaYgAAAA==[0m:flexunit-single-project:clean
Task ':flexunit-single-project:clean' has not declared any outputs, assuming that it is out-of-date.
[8mha:AAAAYB+LCAAAAAAAAABb85aBtbiIQSWjNKU4P0+vIKc0PTOvWC+9KDElJ1XPHUyFJBZn++WXpC7zV766aHPULSYGhooiBimoluT8vOJ8oFpnCA1SyAABjCCFBQDX67qaYgAAAA==[0m:merge-swc-packages:clean
Task ':merge-swc-packages:clean' has not declared any outputs, assuming that it is out-of-date.
[8mha:AAAAYB+LCAAAAAAAAABb85aBtbiIQSWjNKU4P0+vIKc0PTOvWC+9KDElJ1XPHUyFJBZn++WXpC7zV766aHPULSYGhooiBimoluT8vOJ8oFpnCA1SyAABjCCFBQDX67qaYgAAAA==[0m:flashbuilder-integration:fb-air-fx:clean
Task ':flashbuilder-integration:fb-air-fx:clean' has not declared any outputs, assuming that it is out-of-date.
[8mha:AAAAYB+LCAAAAAAAAABb85aBtbiIQSWjNKU4P0+vIKc0PTOvWC+9KDElJ1XPHUyFJBZn++WXpC7zV766aHPULSYGhooiBimoluT8vOJ8oFpnCA1SyAABjCCFBQDX67qaYgAAAA==[0m:flashbuilder-integration:fb-mobile-as:clean
Task ':flashbuilder-integration:fb-mobile-as:clean' has not declared any outputs, assuming that it is out-of-date.
[8mha:AAAAYB+LCAAAAAAAAABb85aBtbiIQSWjNKU4P0+vIKc0PTOvWC+9KDElJ1XPHUyFJBZn++WXpC7zV766aHPULSYGhooiBimoluT8vOJ8oFpnCA1SyAABjCCFBQDX67qaYgAAAA==[0m:flashbuilder-integration:fb-mobile-fx:clean
Task ':flashbuilder-integration:fb-mobile-fx:clean' has not declared any outputs, assuming that it is out-of-date.
[8mha:AAAAYB+LCAAAAAAAAABb85aBtbiIQSWjNKU4P0+vIKc0PTOvWC+9KDElJ1XPHUyFJBZn++WXpC7zV766aHPULSYGhooiBimoluT8vOJ8oFpnCA1SyAABjCCFBQDX67qaYgAAAA==[0m:flashbuilder-integration:fb-swc-as:clean
Task ':flashbuilder-integration:fb-swc-as:clean' has not declared any outputs, assuming that it is out-of-date.
[8mha:AAAAYB+LCAAAAAAAAABb85aBtbiIQSWjNKU4P0+vIKc0PTOvWC+9KDElJ1XPHUyFJBZn++WXpC7zV766aHPULSYGhooiBimoluT8vOJ8oFpnCA1SyAABjCCFBQDX67qaYgAAAA==[0m:flashbuilder-integration:fb-swc-fx:clean
Task ':flashbuilder-integration:fb-swc-fx:clean' has not declared any outputs, assuming that it is out-of-date.
[8mha:AAAAYB+LCAAAAAAAAABb85aBtbiIQSWjNKU4P0+vIKc0PTOvWC+9KDElJ1XPHUyFJBZn++WXpC7zV766aHPULSYGhooiBimoluT8vOJ8oFpnCA1SyAABjCCFBQDX67qaYgAAAA==[0m:flashbuilder-integration:fb-swf-as:clean
Task ':flashbuilder-integration:fb-swf-as:clean' has not declared any outputs, assuming that it is out-of-date.
[8mha:AAAAYB+LCAAAAAAAAABb85aBtbiIQSWjNKU4P0+vIKc0PTOvWC+9KDElJ1XPHUyFJBZn++WXpC7zV766aHPULSYGhooiBimoluT8vOJ8oFpnCA1SyAABjCCFBQDX67qaYgAAAA==[0m:flashbuilder-integration:fb-swf-fx:clean
Task ':flashbuilder-integration:fb-swf-fx:clean' has not declared any outputs, assuming that it is out-of-date.
[8mha:AAAAYB+LCAAAAAAAAABb85aBtbiIQSWjNKU4P0+vIKc0PTOvWC+9KDElJ1XPHUyFJBZn++WXpC7zV766aHPULSYGhooiBimoluT8vOJ8oFpnCA1SyAABjCCFBQDX67qaYgAAAA==[0m:intellij-integration:iml-air-as:clean
Task ':intellij-integration:iml-air-as:clean' has not declared any outputs, assuming that it is out-of-date.
[8mha:AAAAYB+LCAAAAAAAAABb85aBtbiIQSWjNKU4P0+vIKc0PTOvWC+9KDElJ1XPHUyFJBZn++WXpC7zV766aHPULSYGhooiBimoluT8vOJ8oFpnCA1SyAABjCCFBQDX67qaYgAAAA==[0m:intellij-integration:iml-air-fx:clean
Task ':intellij-integration:iml-air-fx:clean' has not declared any outputs, assuming that it is out-of-date.
[8mha:AAAAYB+LCAAAAAAAAABb85aBtbiIQSWjNKU4P0+vIKc0PTOvWC+9KDElJ1XPHUyFJBZn++WXpC7zV766aHPULSYGhooiBimoluT8vOJ8oFpnCA1SyAABjCCFBQDX67qaYgAAAA==[0m:intellij-integration:iml-mobile-android-as:clean
Task ':intellij-integration:iml-mobile-android-as:clean' has not declared any outputs, assuming that it is out-of-date.
[8mha:AAAAYB+LCAAAAAAAAABb85aBtbiIQSWjNKU4P0+vIKc0PTOvWC+9KDElJ1XPHUyFJBZn++WXpC7zV766aHPULSYGhooiBimoluT8vOJ8oFpnCA1SyAABjCCFBQDX67qaYgAAAA==[0m:intellij-integration:iml-mobile-android-fx:clean
Task ':intellij-integration:iml-mobile-android-fx:clean' has not declared any outputs, assuming that it is out-of-date.
[8mha:AAAAYB+LCAAAAAAAAABb85aBtbiIQSWjNKU4P0+vIKc0PTOvWC+9KDElJ1XPHUyFJBZn++WXpC7zV766aHPULSYGhooiBimoluT8vOJ8oFpnCA1SyAABjCCFBQDX67qaYgAAAA==[0m:intellij-integration:iml-mobile-ios-as:clean
Task ':intellij-integration:iml-mobile-ios-as:clean' has not declared any outputs, assuming that it is out-of-date.
[8mha:AAAAYB+LCAAAAAAAAABb85aBtbiIQSWjNKU4P0+vIKc0PTOvWC+9KDElJ1XPHUyFJBZn++WXpC7zV766aHPULSYGhooiBimoluT8vOJ8oFpnCA1SyAABjCCFBQDX67qaYgAAAA==[0m:intellij-integration:iml-mobile-ios-fx:clean
Task ':intellij-integration:iml-mobile-ios-fx:clean' has not declared any outputs, assuming that it is out-of-date.
[8mha:AAAAYB+LCAAAAAAAAABb85aBtbiIQSWjNKU4P0+vIKc0PTOvWC+9KDElJ1XPHUyFJBZn++WXpC7zV766aHPULSYGhooiBimoluT8vOJ8oFpnCA1SyAABjCCFBQDX67qaYgAAAA==[0m:intellij-integration:iml-swc-as:clean
Task ':intellij-integration:iml-swc-as:clean' has not declared any outputs, assuming that it is out-of-date.
[8mha:AAAAYB+LCAAAAAAAAABb85aBtbiIQSWjNKU4P0+vIKc0PTOvWC+9KDElJ1XPHUyFJBZn++WXpC7zV766aHPULSYGhooiBimoluT8vOJ8oFpnCA1SyAABjCCFBQDX67qaYgAAAA==[0m:intellij-integration:iml-swc-fx:clean
Task ':intellij-integration:iml-swc-fx:clean' has not declared any outputs, assuming that it is out-of-date.
[8mha:AAAAYB+LCAAAAAAAAABb85aBtbiIQSWjNKU4P0+vIKc0PTOvWC+9KDElJ1XPHUyFJBZn++WXpC7zV766aHPULSYGhooiBimoluT8vOJ8oFpnCA1SyAABjCCFBQDX67qaYgAAAA==[0m:intellij-integration:iml-swf-as:clean
Task ':intellij-integration:iml-swf-as:clean' has not declared any outputs, assuming that it is out-of-date.
[8mha:AAAAYB+LCAAAAAAAAABb85aBtbiIQSWjNKU4P0+vIKc0PTOvWC+9KDElJ1XPHUyFJBZn++WXpC7zV766aHPULSYGhooiBimoluT8vOJ8oFpnCA1SyAABjCCFBQDX67qaYgAAAA==[0m:intellij-integration:iml-swf-fx:clean
Task ':intellij-integration:iml-swf-fx:clean' has not declared any outputs, assuming that it is out-of-date.
[8mha:AAAAYB+LCAAAAAAAAABb85aBtbiIQSWjNKU4P0+vIKc0PTOvWC+9KDElJ1XPHUyFJBZn++WXpC7zV766aHPULSYGhooiBimoluT8vOJ8oFpnCA1SyAABjCCFBQDX67qaYgAAAA==[0m:merge-swc-packages:domain:clean
Task ':merge-swc-packages:domain:clean' has not declared any outputs, assuming that it is out-of-date.
[8mha:AAAAYB+LCAAAAAAAAABb85aBtbiIQSWjNKU4P0+vIKc0PTOvWC+9KDElJ1XPHUyFJBZn++WXpC7zV766aHPULSYGhooiBimoluT8vOJ8oFpnCA1SyAABjCCFBQDX67qaYgAAAA==[0m:merge-swc-packages:util:clean
Task ':merge-swc-packages:util:clean' has not declared any outputs, assuming that it is out-of-date.
[8mha:AAAAYB+LCAAAAAAAAABb85aBtbiIQSWjNKU4P0+vIKc0PTOvWC+9KDElJ1XPHUyFJBZn++WXpC7zV766aHPULSYGhooiBimoluT8vOJ8oFpnCA1SyAABjCCFBQDX67qaYgAAAA==[0m:multiproject-all-conventions:assets:clean
Task ':multiproject-all-conventions:assets:clean' has not declared any outputs, assuming that it is out-of-date.
[8mha:AAAAYB+LCAAAAAAAAABb85aBtbiIQSWjNKU4P0+vIKc0PTOvWC+9KDElJ1XPHUyFJBZn++WXpC7zV766aHPULSYGhooiBimoluT8vOJ8oFpnCA1SyAABjCCFBQDX67qaYgAAAA==[0m:multiproject-all-conventions:client:clean
Task ':multiproject-all-conventions:client:clean' has not declared any outputs, assuming that it is out-of-date.
[8mha:AAAAYB+LCAAAAAAAAABb85aBtbiIQSWjNKU4P0+vIKc0PTOvWC+9KDElJ1XPHUyFJBZn++WXpC7zV766aHPULSYGhooiBimoluT8vOJ8oFpnCA1SyAABjCCFBQDX67qaYgAAAA==[0m:multiproject-all-conventions:domain:clean
Task ':multiproject-all-conventions:domain:clean' has not declared any outputs, assuming that it is out-of-date.
[8mha:AAAAYB+LCAAAAAAAAABb85aBtbiIQSWjNKU4P0+vIKc0PTOvWC+9KDElJ1XPHUyFJBZn++WXpC7zV766aHPULSYGhooiBimoluT8vOJ8oFpnCA1SyAABjCCFBQDX67qaYgAAAA==[0m:multiproject-all-conventions:util:clean
Task ':multiproject-all-conventions:util:clean' has not declared any outputs, assuming that it is out-of-date.
[8mha:AAAAYB+LCAAAAAAAAABb85aBtbiIQSWjNKU4P0+vIKc0PTOvWC+9KDElJ1XPHUyFJBZn++WXpC7zV766aHPULSYGhooiBimoluT8vOJ8oFpnCA1SyAABjCCFBQDX67qaYgAAAA==[0m:multiproject-no-conventions:client:clean
Task ':multiproject-no-conventions:client:clean' has not declared any outputs, assuming that it is out-of-date.
[8mha:AAAAYB+LCAAAAAAAAABb85aBtbiIQSWjNKU4P0+vIKc0PTOvWC+9KDElJ1XPHUyFJBZn++WXpC7zV766aHPULSYGhooiBimoluT8vOJ8oFpnCA1SyAABjCCFBQDX67qaYgAAAA==[0m:multiproject-no-conventions:domain:clean
Task ':multiproject-no-conventions:domain:clean' has not declared any outputs, assuming that it is out-of-date.
[8mha:AAAAYB+LCAAAAAAAAABb85aBtbiIQSWjNKU4P0+vIKc0PTOvWC+9KDElJ1XPHUyFJBZn++WXpC7zV766aHPULSYGhooiBimoluT8vOJ8oFpnCA1SyAABjCCFBQDX67qaYgAAAA==[0m:multiproject-no-conventions:util:clean
Task ':multiproject-no-conventions:util:clean' has not declared any outputs, assuming that it is out-of-date.
[8mha:AAAAYB+LCAAAAAAAAABb85aBtbiIQSWjNKU4P0+vIKc0PTOvWC+9KDElJ1XPHUyFJBZn++WXpC7zV766aHPULSYGhooiBimoluT8vOJ8oFpnCA1SyAABjCCFBQDX67qaYgAAAA==[0m:flex-java-war:flex:swc:clean
Task ':flex-java-war:flex:swc:clean' has not declared any outputs, assuming that it is out-of-date.
[8mha:AAAAYB+LCAAAAAAAAABb85aBtbiIQSWjNKU4P0+vIKc0PTOvWC+9KDElJ1XPHUyFJBZn++WXpC7zV766aHPULSYGhooiBimoluT8vOJ8oFpnCA1SyAABjCCFBQDX67qaYgAAAA==[0m:flex-java-war:flex:swf:clean
Task ':flex-java-war:flex:swf:clean' has not declared any outputs, assuming that it is out-of-date.
[8mha:AAAAYB+LCAAAAAAAAABb85aBtbiIQSWjNKU4P0+vIKc0PTOvWC+9KDElJ1XPHUyFJBZn++WXpC7zV766aHPULSYGhooiBimoluT8vOJ8oFpnCA1SyAABjCCFBQDX67qaYgAAAA==[0m:flex-java-war:java:dto:clean
Task ':flex-java-war:java:dto:clean' has not declared any outputs, assuming that it is out-of-date.
[8mha:AAAAYB+LCAAAAAAAAABb85aBtbiIQSWjNKU4P0+vIKc0PTOvWC+9KDElJ1XPHUyFJBZn++WXpC7zV766aHPULSYGhooiBimoluT8vOJ8oFpnCA1SyAABjCCFBQDX67qaYgAAAA==[0m:flex-java-war:java:war:clean
Task ':flex-java-war:java:war:clean' has not declared any outputs, assuming that it is out-of-date.
[8mha:AAAAYB+LCAAAAAAAAABb85aBtbiIQSWjNKU4P0+vIKc0PTOvWC+9KDElJ1XPHUyFJBZn++WXpC7zV766aHPULSYGhooiBimoluT8vOJ8oFpnCA1SyAABjCCFBQDX67qaYgAAAA==[0m:air-single-project:flashbuilderClean
Task ':air-single-project:flashbuilderClean' has not declared any outputs, assuming that it is out-of-date.
Removing FlashBuilder project files
	.project
	.actionScriptProperties
	.flexProperties
[8mha:AAAAYB+LCAAAAAAAAABb85aBtbiIQSWjNKU4P0+vIKc0PTOvWC+9KDElJ1XPHUyFJBZn++WXpC7zV766aHPULSYGhooiBimoluT8vOJ8oFpnCA1SyAABjCCFBQDX67qaYgAAAA==[0m:flashbuilder-integration:fb-air-fx:flashbuilderClean
Task ':flashbuilder-integration:fb-air-fx:flashbuilderClean' has not declared any outputs, assuming that it is out-of-date.
Removing FlashBuilder project files
	.project
	.actionScriptProperties
	.flexProperties
	src
[8mha:AAAAYB+LCAAAAAAAAABb85aBtbiIQSWjNKU4P0+vIKc0PTOvWC+9KDElJ1XPHUyFJBZn++WXpC7zV766aHPULSYGhooiBimoluT8vOJ8oFpnCA1SyAABjCCFBQDX67qaYgAAAA==[0m:flashbuilder-integration:fb-mobile-as:flashbuilderClean
Task ':flashbuilder-integration:fb-mobile-as:flashbuilderClean' has not declared any outputs, assuming that it is out-of-date.
Removing FlashBuilder project files
	.project
	.actionScriptProperties
	src
[8mha:AAAAYB+LCAAAAAAAAABb85aBtbiIQSWjNKU4P0+vIKc0PTOvWC+9KDElJ1XPHUyFJBZn++WXpC7zV766aHPULSYGhooiBimoluT8vOJ8oFpnCA1SyAABjCCFBQDX67qaYgAAAA==[0m:flashbuilder-integration:fb-mobile-fx:flashbuilderClean
Task ':flashbuilder-integration:fb-mobile-fx:flashbuilderClean' has not declared any outputs, assuming that it is out-of-date.
Removing FlashBuilder project files
	.project
	.actionScriptProperties
	.flexProperties
	src
[8mha:AAAAYB+LCAAAAAAAAABb85aBtbiIQSWjNKU4P0+vIKc0PTOvWC+9KDElJ1XPHUyFJBZn++WXpC7zV766aHPULSYGhooiBimoluT8vOJ8oFpnCA1SyAABjCCFBQDX67qaYgAAAA==[0m:flashbuilder-integration:fb-swc-as:flashbuilderClean
Task ':flashbuilder-integration:fb-swc-as:flashbuilderClean' has not declared any outputs, assuming that it is out-of-date.
Removing FlashBuilder project files
	.project
	.actionScriptProperties
	.flexLibProperties
	src
	doc
[8mha:AAAAYB+LCAAAAAAAAABb85aBtbiIQSWjNKU4P0+vIKc0PTOvWC+9KDElJ1XPHUyFJBZn++WXpC7zV766aHPULSYGhooiBimoluT8vOJ8oFpnCA1SyAABjCCFBQDX67qaYgAAAA==[0m:flashbuilder-integration:fb-swc-fx:flashbuilderClean
Task ':flashbuilder-integration:fb-swc-fx:flashbuilderClean' has not declared any outputs, assuming that it is out-of-date.
Removing FlashBuilder project files
	.project
	.actionScriptProperties
	.flexLibProperties
	src
	doc
[8mha:AAAAYB+LCAAAAAAAAABb85aBtbiIQSWjNKU4P0+vIKc0PTOvWC+9KDElJ1XPHUyFJBZn++WXpC7zV766aHPULSYGhooiBimoluT8vOJ8oFpnCA1SyAABjCCFBQDX67qaYgAAAA==[0m:flashbuilder-integration:fb-swf-as:flashbuilderClean
Task ':flashbuilder-integration:fb-swf-as:flashbuilderClean' has not declared any outputs, assuming that it is out-of-date.
Removing FlashBuilder project files
	.project
	.actionScriptProperties
	src
[8mha:AAAAYB+LCAAAAAAAAABb85aBtbiIQSWjNKU4P0+vIKc0PTOvWC+9KDElJ1XPHUyFJBZn++WXpC7zV766aHPULSYGhooiBimoluT8vOJ8oFpnCA1SyAABjCCFBQDX67qaYgAAAA==[0m:flashbuilder-integration:fb-swf-fx:flashbuilderClean
Task ':flashbuilder-integration:fb-swf-fx:flashbuilderClean' has not declared any outputs, assuming that it is out-of-date.
Removing FlashBuilder project files
	.project
	.actionScriptProperties
	.flexProperties
	src
[8mha:AAAAYB+LCAAAAAAAAABb85aBtbiIQSWjNKU4P0+vIKc0PTOvWC+9KDElJ1XPHUyFJBZn++WXpC7zV766aHPULSYGhooiBimoluT8vOJ8oFpnCA1SyAABjCCFBQDX67qaYgAAAA==[0m:multiproject-no-conventions:client:flashbuilderClean
Task ':multiproject-no-conventions:client:flashbuilderClean' has not declared any outputs, assuming that it is out-of-date.
Removing FlashBuilder project files
	.project
	.actionScriptProperties
	.flexProperties
[8mha:AAAAYB+LCAAAAAAAAABb85aBtbiIQSWjNKU4P0+vIKc0PTOvWC+9KDElJ1XPHUyFJBZn++WXpC7zV766aHPULSYGhooiBimoluT8vOJ8oFpnCA1SyAABjCCFBQDX67qaYgAAAA==[0m:multiproject-no-conventions:domain:flashbuilderClean
Task ':multiproject-no-conventions:domain:flashbuilderClean' has not declared any outputs, assuming that it is out-of-date.
Removing FlashBuilder project files
	.project
	.actionScriptProperties
	.flexLibProperties
[8mha:AAAAYB+LCAAAAAAAAABb85aBtbiIQSWjNKU4P0+vIKc0PTOvWC+9KDElJ1XPHUyFJBZn++WXpC7zV766aHPULSYGhooiBimoluT8vOJ8oFpnCA1SyAABjCCFBQDX67qaYgAAAA==[0m:multiproject-no-conventions:util:flashbuilderClean
Task ':multiproject-no-conventions:util:flashbuilderClean' has not declared any outputs, assuming that it is out-of-date.
Removing FlashBuilder project files
	.project
	.actionScriptProperties
	.flexLibProperties
[8mha:AAAAYB+LCAAAAAAAAABb85aBtbiIQSWjNKU4P0+vIKc0PTOvWC+9KDElJ1XPHUyFJBZn++WXpC7zV766aHPULSYGhooiBimoluT8vOJ8oFpnCA1SyAABjCCFBQDX67qaYgAAAA==[0m:intellij-integration:iml-air-as:ideaClean
Task ':intellij-integration:iml-air-as:ideaClean' has not declared any outputs, assuming that it is out-of-date.
Removing IntelliJ Idea project files
	iml-air-as.iml
	src
[8mha:AAAAYB+LCAAAAAAAAABb85aBtbiIQSWjNKU4P0+vIKc0PTOvWC+9KDElJ1XPHUyFJBZn++WXpC7zV766aHPULSYGhooiBimoluT8vOJ8oFpnCA1SyAABjCCFBQDX67qaYgAAAA==[0m:intellij-integration:iml-air-fx:ideaClean
Task ':intellij-integration:iml-air-fx:ideaClean' has not declared any outputs, assuming that it is out-of-date.
Removing IntelliJ Idea project files
	iml-air-fx.iml
	src
[8mha:AAAAYB+LCAAAAAAAAABb85aBtbiIQSWjNKU4P0+vIKc0PTOvWC+9KDElJ1XPHUyFJBZn++WXpC7zV766aHPULSYGhooiBimoluT8vOJ8oFpnCA1SyAABjCCFBQDX67qaYgAAAA==[0m:intellij-integration:iml-mobile-android-as:ideaClean
Task ':intellij-integration:iml-mobile-android-as:ideaClean' has not declared any outputs, assuming that it is out-of-date.
Removing IntelliJ Idea project files
	iml-mobile-android-as.iml
	src
[8mha:AAAAYB+LCAAAAAAAAABb85aBtbiIQSWjNKU4P0+vIKc0PTOvWC+9KDElJ1XPHUyFJBZn++WXpC7zV766aHPULSYGhooiBimoluT8vOJ8oFpnCA1SyAABjCCFBQDX67qaYgAAAA==[0m:intellij-integration:iml-mobile-android-fx:ideaClean
Task ':intellij-integration:iml-mobile-android-fx:ideaClean' has not declared any outputs, assuming that it is out-of-date.
Removing IntelliJ Idea project files
	iml-mobile-android-fx.iml
	src
[8mha:AAAAYB+LCAAAAAAAAABb85aBtbiIQSWjNKU4P0+vIKc0PTOvWC+9KDElJ1XPHUyFJBZn++WXpC7zV766aHPULSYGhooiBimoluT8vOJ8oFpnCA1SyAABjCCFBQDX67qaYgAAAA==[0m:intellij-integration:iml-mobile-ios-as:ideaClean
Task ':intellij-integration:iml-mobile-ios-as:ideaClean' has not declared any outputs, assuming that it is out-of-date.
Removing IntelliJ Idea project files
	iml-mobile-ios-as.iml
	src
[8mha:AAAAYB+LCAAAAAAAAABb85aBtbiIQSWjNKU4P0+vIKc0PTOvWC+9KDElJ1XPHUyFJBZn++WXpC7zV766aHPULSYGhooiBimoluT8vOJ8oFpnCA1SyAABjCCFBQDX67qaYgAAAA==[0m:intellij-integration:iml-mobile-ios-fx:ideaClean
Task ':intellij-integration:iml-mobile-ios-fx:ideaClean' has not declared any outputs, assuming that it is out-of-date.
Removing IntelliJ Idea project files
	iml-mobile-ios-fx.iml
	src
[8mha:AAAAYB+LCAAAAAAAAABb85aBtbiIQSWjNKU4P0+vIKc0PTOvWC+9KDElJ1XPHUyFJBZn++WXpC7zV766aHPULSYGhooiBimoluT8vOJ8oFpnCA1SyAABjCCFBQDX67qaYgAAAA==[0m:intellij-integration:iml-swc-as:ideaClean
Task ':intellij-integration:iml-swc-as:ideaClean' has not declared any outputs, assuming that it is out-of-date.
Removing IntelliJ Idea project files
	iml-swc-as.iml
	src
	doc
[8mha:AAAAYB+LCAAAAAAAAABb85aBtbiIQSWjNKU4P0+vIKc0PTOvWC+9KDElJ1XPHUyFJBZn++WXpC7zV766aHPULSYGhooiBimoluT8vOJ8oFpnCA1SyAABjCCFBQDX67qaYgAAAA==[0m:intellij-integration:iml-swc-fx:ideaClean
Task ':intellij-integration:iml-swc-fx:ideaClean' has not declared any outputs, assuming that it is out-of-date.
Removing IntelliJ Idea project files
	iml-swc-fx.iml
	src
	doc
[8mha:AAAAYB+LCAAAAAAAAABb85aBtbiIQSWjNKU4P0+vIKc0PTOvWC+9KDElJ1XPHUyFJBZn++WXpC7zV766aHPULSYGhooiBimoluT8vOJ8oFpnCA1SyAABjCCFBQDX67qaYgAAAA==[0m:intellij-integration:iml-swf-as:ideaClean
Task ':intellij-integration:iml-swf-as:ideaClean' has not declared any outputs, assuming that it is out-of-date.
Removing IntelliJ Idea project files
	iml-swf-as.iml
	src
[8mha:AAAAYB+LCAAAAAAAAABb85aBtbiIQSWjNKU4P0+vIKc0PTOvWC+9KDElJ1XPHUyFJBZn++WXpC7zV766aHPULSYGhooiBimoluT8vOJ8oFpnCA1SyAABjCCFBQDX67qaYgAAAA==[0m:intellij-integration:iml-swf-fx:ideaClean
Task ':intellij-integration:iml-swf-fx:ideaClean' has not declared any outputs, assuming that it is out-of-date.
Removing IntelliJ Idea project files
	iml-swf-fx.iml
	src
[8mha:AAAAYB+LCAAAAAAAAABb85aBtbiIQSWjNKU4P0+vIKc0PTOvWC+9KDElJ1XPHUyFJBZn++WXpC7zV766aHPULSYGhooiBimoluT8vOJ8oFpnCA1SyAABjCCFBQDX67qaYgAAAA==[0m:air-single-project:scaffold
Task ':air-single-project:scaffold' has not declared any outputs, assuming that it is out-of-date.
Creating directory structure
	src/main/actionscript
	src/main/resources
	src/test/actionscript
	src/test/resources
Main class already exists
	src/main/actionscript/Main.mxml
[8mha:AAAAYB+LCAAAAAAAAABb85aBtbiIQSWjNKU4P0+vIKc0PTOvWC+9KDElJ1XPHUyFJBZn++WXpC7zV766aHPULSYGhooiBimoluT8vOJ8oFpnCA1SyAABjCCFBQDX67qaYgAAAA==[0m:flashbuilder-integration:fb-air-fx:scaffold
Task ':flashbuilder-integration:fb-air-fx:scaffold' has not declared any outputs, assuming that it is out-of-date.
Creating directory structure
	src/main/actionscript
	src/main/resources
	src/test/actionscript
	src/test/resources
Creating main class and application descriptor
	src/main/actionscript/app-descriptor.xml
	src/main/actionscript/Main.mxml
[8mha:AAAAYB+LCAAAAAAAAABb85aBtbiIQSWjNKU4P0+vIKc0PTOvWC+9KDElJ1XPHUyFJBZn++WXpC7zV766aHPULSYGhooiBimoluT8vOJ8oFpnCA1SyAABjCCFBQDX67qaYgAAAA==[0m:flashbuilder-integration:fb-mobile-as:scaffold
Task ':flashbuilder-integration:fb-mobile-as:scaffold' has not declared any outputs, assuming that it is out-of-date.
Creating directory structure
	src/main/actionscript
	src/main/resources
	src/test/actionscript
	src/test/resources
Creating main class and application descriptor
	src/main/actionscript/app-descriptor.xml
	src/main/actionscript/Main.as
[8mha:AAAAYB+LCAAAAAAAAABb85aBtbiIQSWjNKU4P0+vIKc0PTOvWC+9KDElJ1XPHUyFJBZn++WXpC7zV766aHPULSYGhooiBimoluT8vOJ8oFpnCA1SyAABjCCFBQDX67qaYgAAAA==[0m:flashbuilder-integration:fb-mobile-fx:scaffold
Task ':flashbuilder-integration:fb-mobile-fx:scaffold' has not declared any outputs, assuming that it is out-of-date.
Creating directory structure
	src/main/actionscript
	src/main/resources
	src/test/actionscript
	src/test/resources
Creating main class and application descriptor
	src/main/actionscript/app-descriptor.xml
	src/main/actionscript/Main.mxml
[8mha:AAAAYB+LCAAAAAAAAABb85aBtbiIQSWjNKU4P0+vIKc0PTOvWC+9KDElJ1XPHUyFJBZn++WXpC7zV766aHPULSYGhooiBimoluT8vOJ8oFpnCA1SyAABjCCFBQDX67qaYgAAAA==[0m:flashbuilder-integration:fb-swc-as:scaffold
Task ':flashbuilder-integration:fb-swc-as:scaffold' has not declared any outputs, assuming that it is out-of-date.
Creating directory structure
	src/main/actionscript
	src/main/resources
	src/test/actionscript
	src/test/resources
[8mha:AAAAYB+LCAAAAAAAAABb85aBtbiIQSWjNKU4P0+vIKc0PTOvWC+9KDElJ1XPHUyFJBZn++WXpC7zV766aHPULSYGhooiBimoluT8vOJ8oFpnCA1SyAABjCCFBQDX67qaYgAAAA==[0m:flashbuilder-integration:fb-swc-fx:scaffold
Task ':flashbuilder-integration:fb-swc-fx:scaffold' has not declared any outputs, assuming that it is out-of-date.
Creating directory structure
	src/main/actionscript
	src/main/resources
	src/test/actionscript
	src/test/resources
[8mha:AAAAYB+LCAAAAAAAAABb85aBtbiIQSWjNKU4P0+vIKc0PTOvWC+9KDElJ1XPHUyFJBZn++WXpC7zV766aHPULSYGhooiBimoluT8vOJ8oFpnCA1SyAABjCCFBQDX67qaYgAAAA==[0m:flashbuilder-integration:fb-swf-as:scaffold
Task ':flashbuilder-integration:fb-swf-as:scaffold' has not declared any outputs, assuming that it is out-of-date.
Creating directory structure
	src/main/actionscript
	src/main/resources
	src/test/actionscript
	src/test/resources
	src/main/locale/nl_BE
	src/main/locale/fr_BE
Creating main class
	src/main/actionscript/Main.as
[8mha:AAAAYB+LCAAAAAAAAABb85aBtbiIQSWjNKU4P0+vIKc0PTOvWC+9KDElJ1XPHUyFJBZn++WXpC7zV766aHPULSYGhooiBimoluT8vOJ8oFpnCA1SyAABjCCFBQDX67qaYgAAAA==[0m:flashbuilder-integration:fb-swf-fx:scaffold
Task ':flashbuilder-integration:fb-swf-fx:scaffold' has not declared any outputs, assuming that it is out-of-date.
Creating directory structure
	src/main/actionscript
	src/main/resources
	src/test/actionscript
	src/test/resources
	src/main/locale/en_US
Creating main class
	src/main/actionscript/org/gradlefx/Main.mxml
[8mha:AAAAYB+LCAAAAAAAAABb85aBtbiIQSWjNKU4P0+vIKc0PTOvWC+9KDElJ1XPHUyFJBZn++WXpC7zV766aHPULSYGhooiBimoluT8vOJ8oFpnCA1SyAABjCCFBQDX67qaYgAAAA==[0m:intellij-integration:iml-air-as:scaffold
Task ':intellij-integration:iml-air-as:scaffold' has not declared any outputs, assuming that it is out-of-date.
Creating directory structure
	src/main/actionscript
	src/main/resources
	src/test/actionscript
	src/test/resources
Creating main class and application descriptor
	src/main/actionscript/Main-app.xml
	src/main/actionscript/Main.as
[8mha:AAAAYB+LCAAAAAAAAABb85aBtbiIQSWjNKU4P0+vIKc0PTOvWC+9KDElJ1XPHUyFJBZn++WXpC7zV766aHPULSYGhooiBimoluT8vOJ8oFpnCA1SyAABjCCFBQDX67qaYgAAAA==[0m:intellij-integration:iml-air-fx:scaffold
Task ':intellij-integration:iml-air-fx:scaffold' has not declared any outputs, assuming that it is out-of-date.
Creating directory structure
	src/main/actionscript
	src/main/resources
	src/test/actionscript
	src/test/resources
Creating main class and application descriptor
	src/main/actionscript/Main-app.xml
	src/main/actionscript/Main.mxml
[8mha:AAAAYB+LCAAAAAAAAABb85aBtbiIQSWjNKU4P0+vIKc0PTOvWC+9KDElJ1XPHUyFJBZn++WXpC7zV766aHPULSYGhooiBimoluT8vOJ8oFpnCA1SyAABjCCFBQDX67qaYgAAAA==[0m:intellij-integration:iml-mobile-android-as:scaffold
Task ':intellij-integration:iml-mobile-android-as:scaffold' has not declared any outputs, assuming that it is out-of-date.
Creating directory structure
	src/main/actionscript
	src/main/resources
	src/test/actionscript
	src/test/resources
Creating main class and application descriptor
	src/main/actionscript/MainTestApp-app.xml
	src/main/actionscript/MainTestApp.as
[8mha:AAAAYB+LCAAAAAAAAABb85aBtbiIQSWjNKU4P0+vIKc0PTOvWC+9KDElJ1XPHUyFJBZn++WXpC7zV766aHPULSYGhooiBimoluT8vOJ8oFpnCA1SyAABjCCFBQDX67qaYgAAAA==[0m:intellij-integration:iml-mobile-android-fx:scaffold
Task ':intellij-integration:iml-mobile-android-fx:scaffold' has not declared any outputs, assuming that it is out-of-date.
Creating directory structure
	src/main/actionscript
	src/main/resources
	src/test/actionscript
	src/test/resources
Creating main class and application descriptor
	src/main/actionscript/MainTestApp-app.xml
	src/main/actionscript/MainTestApp.mxml
[8mha:AAAAYB+LCAAAAAAAAABb85aBtbiIQSWjNKU4P0+vIKc0PTOvWC+9KDElJ1XPHUyFJBZn++WXpC7zV766aHPULSYGhooiBimoluT8vOJ8oFpnCA1SyAABjCCFBQDX67qaYgAAAA==[0m:intellij-integration:iml-mobile-ios-as:scaffold
Task ':intellij-integration:iml-mobile-ios-as:scaffold' has not declared any outputs, assuming that it is out-of-date.
Creating directory structure
	src/main/actionscript
	src/main/resources
	src/test/actionscript
	src/test/resources
Creating main class and application descriptor
	src/main/actionscript/MainTestApp-app.xml
	src/main/actionscript/MainTestApp.as
[8mha:AAAAYB+LCAAAAAAAAABb85aBtbiIQSWjNKU4P0+vIKc0PTOvWC+9KDElJ1XPHUyFJBZn++WXpC7zV766aHPULSYGhooiBimoluT8vOJ8oFpnCA1SyAABjCCFBQDX67qaYgAAAA==[0m:intellij-integration:iml-mobile-ios-fx:scaffold
Task ':intellij-integration:iml-mobile-ios-fx:scaffold' has not declared any outputs, assuming that it is out-of-date.
Creating directory structure
	src/main/actionscript
	src/main/resources
	src/test/actionscript
	src/test/resources
Creating main class and application descriptor
	src/main/actionscript/MainTestApp-app.xml
	src/main/actionscript/MainTestApp.mxml
[8mha:AAAAYB+LCAAAAAAAAABb85aBtbiIQSWjNKU4P0+vIKc0PTOvWC+9KDElJ1XPHUyFJBZn++WXpC7zV766aHPULSYGhooiBimoluT8vOJ8oFpnCA1SyAABjCCFBQDX67qaYgAAAA==[0m:intellij-integration:iml-swc-as:scaffold
Task ':intellij-integration:iml-swc-as:scaffold' has not declared any outputs, assuming that it is out-of-date.
Creating directory structure
	src/main/actionscript
	src/main/resources
	src/test/actionscript
	src/test/resources
[8mha:AAAAYB+LCAAAAAAAAABb85aBtbiIQSWjNKU4P0+vIKc0PTOvWC+9KDElJ1XPHUyFJBZn++WXpC7zV766aHPULSYGhooiBimoluT8vOJ8oFpnCA1SyAABjCCFBQDX67qaYgAAAA==[0m:intellij-integration:iml-swc-fx:scaffold
Task ':intellij-integration:iml-swc-fx:scaffold' has not declared any outputs, assuming that it is out-of-date.
Creating directory structure
	src/main/actionscript
	src/main/resources
	src/test/actionscript
	src/test/resources
[8mha:AAAAYB+LCAAAAAAAAABb85aBtbiIQSWjNKU4P0+vIKc0PTOvWC+9KDElJ1XPHUyFJBZn++WXpC7zV766aHPULSYGhooiBimoluT8vOJ8oFpnCA1SyAABjCCFBQDX67qaYgAAAA==[0m:intellij-integration:iml-swf-as:scaffold
Task ':intellij-integration:iml-swf-as:scaffold' has not declared any outputs, assuming that it is out-of-date.
Creating directory structure
	src/main/actionscript
	src/main/resources
	src/test/actionscript
	src/test/resources
Creating main class
	src/main/actionscript/org/gradlefx/MainTestApp.as
[8mha:AAAAYB+LCAAAAAAAAABb85aBtbiIQSWjNKU4P0+vIKc0PTOvWC+9KDElJ1XPHUyFJBZn++WXpC7zV766aHPULSYGhooiBimoluT8vOJ8oFpnCA1SyAABjCCFBQDX67qaYgAAAA==[0m:intellij-integration:iml-swf-fx:scaffold
Task ':intellij-integration:iml-swf-fx:scaffold' has not declared any outputs, assuming that it is out-of-date.
Creating directory structure
	src/main/actionscript
	src/main/resources
	src/test/actionscript
	src/test/resources
Creating main class
	src/main/actionscript/org/gradlefx/MainTestApp.mxml
[8mha:AAAAYB+LCAAAAAAAAABb85aBtbiIQSWjNKU4P0+vIKc0PTOvWC+9KDElJ1XPHUyFJBZn++WXpC7zV766aHPULSYGhooiBimoluT8vOJ8oFpnCA1SyAABjCCFBQDX67qaYgAAAA==[0m:multiproject-no-conventions:client:scaffold
Task ':multiproject-no-conventions:client:scaffold' has not declared any outputs, assuming that it is out-of-date.
Creating directory structure
	src/main/flex
	src/main/flexresources
	src/test/actionscript
	src/test/resources
	src/main/locales/en_US
Main class already exists
	src/main/flex/org/gradlefx/MyProgram.mxml
[8mha:AAAAYB+LCAAAAAAAAABb85aBtbiIQSWjNKU4P0+vIKc0PTOvWC+9KDElJ1XPHUyFJBZn++WXpC7zV766aHPULSYGhooiBimoluT8vOJ8oFpnCA1SyAABjCCFBQDX67qaYgAAAA==[0m:multiproject-no-conventions:domain:scaffold
Task ':multiproject-no-conventions:domain:scaffold' has not declared any outputs, assuming that it is out-of-date.
Creating directory structure
	src/main/as
	src/main/asresources
	src/test/actionscript
	src/test/resources
[8mha:AAAAYB+LCAAAAAAAAABb85aBtbiIQSWjNKU4P0+vIKc0PTOvWC+9KDElJ1XPHUyFJBZn++WXpC7zV766aHPULSYGhooiBimoluT8vOJ8oFpnCA1SyAABjCCFBQDX67qaYgAAAA==[0m:multiproject-no-conventions:util:scaffold
Task ':multiproject-no-conventions:util:scaffold' has not declared any outputs, assuming that it is out-of-date.
Creating directory structure
	src/main/as
	src/main/asresources
	src/test/actionscript
	src/test/resources
[8mha:AAAAYB+LCAAAAAAAAABb85aBtbiIQSWjNKU4P0+vIKc0PTOvWC+9KDElJ1XPHUyFJBZn++WXpC7zV766aHPULSYGhooiBimoluT8vOJ8oFpnCA1SyAABjCCFBQDX67qaYgAAAA==[0m:actionscript-only-project:copytestresources
Task ':actionscript-only-project:copytestresources' has not declared any outputs, assuming that it is out-of-date.
from /var/lib/jenkins/workspace/GradleFx Testbed Build/actionscript-only-project/src/test/resources to /var/lib/jenkins/workspace/GradleFx Testbed Build/actionscript-only-project/build/reports
[8mha:AAAAYB+LCAAAAAAAAABb85aBtbiIQSWjNKU4P0+vIKc0PTOvWC+9KDElJ1XPHUyFJBZn++WXpC7zV766aHPULSYGhooiBimoluT8vOJ8oFpnCA1SyAABjCCFBQDX67qaYgAAAA==[0m:actionscript-only-project:test
Task ':actionscript-only-project:test' has not declared any outputs, assuming that it is out-of-date.
Skipping tests since no tests exist
[8mha:AAAAYB+LCAAAAAAAAABb85aBtbiIQSWjNKU4P0+vIKc0PTOvWC+9KDElJ1XPHUyFJBZn++WXpC7zV766aHPULSYGhooiBimoluT8vOJ8oFpnCA1SyAABjCCFBQDX67qaYgAAAA==[0m:air-single-project:copytestresources
Task ':air-single-project:copytestresources' has not declared any outputs, assuming that it is out-of-date.
from /var/lib/jenkins/workspace/GradleFx Testbed Build/air-single-project/src/test/resources to /var/lib/jenkins/workspace/GradleFx Testbed Build/air-single-project/build/reports
[8mha:AAAAYB+LCAAAAAAAAABb85aBtbiIQSWjNKU4P0+vIKc0PTOvWC+9KDElJ1XPHUyFJBZn++WXpC7zV766aHPULSYGhooiBimoluT8vOJ8oFpnCA1SyAABjCCFBQDX67qaYgAAAA==[0m:air-single-project:test
Task ':air-single-project:test' has not declared any outputs, assuming that it is out-of-date.
test main class file: /var/lib/jenkins/workspace/GradleFx Testbed Build/air-single-project/build/reports/FlexUnitRunner.mxml
Resource missing. [HTTP GET: http://projects.yoolab.org/maven/content/repositories/releases/org/hamcrest/hamcrest-as3/1.1/hamcrest-as3-1.1.pom]
Resource missing. [HTTP HEAD: http://projects.yoolab.org/maven/content/repositories/releases/org/hamcrest/hamcrest-as3/1.1/hamcrest-as3-1.1.swc]
Resource missing. [HTTP GET: http://apache.cu.be/flex/1.1/binaries/hamcrest-as3-1.1-bin.xml]
Resource missing. [HTTP HEAD: http://apache.cu.be/flex/1.1/binaries/hamcrest-as3-1.1-bin.swc]
Resource missing. [HTTP GET: http://download.macromedia.com/air/win/download/1.1/hamcrest-as3.xml]
Resource missing. [HTTP HEAD: http://download.macromedia.com/air/win/download/1.1/hamcrest-as3.swc]
Compiling with mxmlc
	+configname=air
	-source-path+=/var/lib/jenkins/workspace/GradleFx Testbed Build/air-single-project/src/main/actionscript
	-source-path+=/var/lib/jenkins/workspace/GradleFx Testbed Build/air-single-project/src/test/actionscript
	-library-path+=/var/lib/jenkins/.gradle/caches/artifacts-24/filestore/org.as3commons/as3commons-lang/0.3.2/swc/727bc6546e79c3bb63ccc939b7ebefa1a1ae03c6/as3commons-lang-0.3.2.swc
	-output=/var/lib/jenkins/workspace/GradleFx Testbed Build/air-single-project/build/reports/TestRunner.swf
	/var/lib/jenkins/workspace/GradleFx Testbed Build/air-single-project/build/reports/FlexUnitRunner.mxml
	-library-path+=/var/lib/jenkins/dependencies/flexunit/flexunit-4.1.0-8-flex_4.1.0.16076.swc
	-library-path+=/var/lib/jenkins/dependencies/flexunit/flexunit-cilistener-4.1.0-8-4.1.0.16076.swc
	-library-path+=/var/lib/jenkins/dependencies/flexunit/flexunit-uilistener-4.1.0-8-4.1.0.16076.swc
	-library-path+=/var/lib/jenkins/.gradle/caches/artifacts-24/filestore/org.hamcrest/hamcrest-as3/1.1/swc/87773cab5ece2719d208df07497884a040dd12c3/hamcrest-as3-1.1.swc
[mxmlc] Loading configuration file /var/lib/jenkins/.gradle/gradleFx/sdks/e9231c6b8603e063b49cf4b5647ed773aacdb659/frameworks/air-config.xml
/var/lib/jenkins/workspace/GradleFx Testbed Build/air-single-project/build/reports/TestRunner.swf (709547 bytes)
[ant:flexunit] 
[ant:flexunit] Suite: org.gradlefx.airsingleproject.AirTest
[ant:flexunit] Tests run: 1, Failures: 0, Errors: 0, Skipped: 0, Time elapsed: 0.030 sec
[ant:flexunit] 
[ant:flexunit] Results :
[ant:flexunit] 
[ant:flexunit] Tests run: 1, Failures: 0, Errors: 0, Skipped: 0, Time elapsed: 0.030 sec
[ant:flexunit] 
[8mha:AAAAYB+LCAAAAAAAAABb85aBtbiIQSWjNKU4P0+vIKc0PTOvWC+9KDElJ1XPHUyFJBZn++WXpC7zV766aHPULSYGhooiBimoluT8vOJ8oFpnCA1SyAABjCCFBQDX67qaYgAAAA==[0m:flexunit-single-project:copytestresources
Task ':flexunit-single-project:copytestresources' has not declared any outputs, assuming that it is out-of-date.
from /var/lib/jenkins/workspace/GradleFx Testbed Build/flexunit-single-project/src/test/resources to /var/lib/jenkins/workspace/GradleFx Testbed Build/flexunit-single-project/build/reports
[8mha:AAAAYB+LCAAAAAAAAABb85aBtbiIQSWjNKU4P0+vIKc0PTOvWC+9KDElJ1XPHUyFJBZn++WXpC7zV766aHPULSYGhooiBimoluT8vOJ8oFpnCA1SyAABjCCFBQDX67qaYgAAAA==[0m:flexunit-single-project:test
Task ':flexunit-single-project:test' has not declared any outputs, assuming that it is out-of-date.
test main class file: /var/lib/jenkins/workspace/GradleFx Testbed Build/flexunit-single-project/build/reports/FlexUnitRunner.mxml
Compiling with mxmlc
	+configname=flex
	-source-path+=/var/lib/jenkins/workspace/GradleFx Testbed Build/flexunit-single-project/src/main/actionscript
	-source-path+=/var/lib/jenkins/workspace/GradleFx Testbed Build/flexunit-single-project/src/test/actionscript
	-incremental=true
	-output=/var/lib/jenkins/workspace/GradleFx Testbed Build/flexunit-single-project/build/reports/TestRunner.swf
	/var/lib/jenkins/workspace/GradleFx Testbed Build/flexunit-single-project/build/reports/FlexUnitRunner.mxml
	-library-path+=/var/lib/jenkins/dependencies/flexunit/flexunit-4.1.0-8-flex_4.1.0.16076.swc
	-library-path+=/var/lib/jenkins/dependencies/flexunit/flexunit-cilistener-4.1.0-8-4.1.0.16076.swc
	-library-path+=/var/lib/jenkins/dependencies/flexunit/flexunit-uilistener-4.1.0-8-4.1.0.16076.swc
	-library-path+=/var/lib/jenkins/.gradle/caches/artifacts-24/filestore/org.hamcrest/hamcrest-as3/1.1/swc/87773cab5ece2719d208df07497884a040dd12c3/hamcrest-as3-1.1.swc
[mxmlc] Loading configuration file /var/lib/jenkins/dependencies/sdks/Flex4.6/frameworks/flex-config.xml
Required RSLs:
    http://fpdownload.adobe.com/pub/swz/flex/4.6.0.23201/framework_4.6.0.23201.swz with 1 failover.
    http://fpdownload.adobe.com/pub/swz/tlf/2.0.0.232/textLayout_2.0.0.232.swz with 1 failover.
    http://fpdownload.adobe.com/pub/swz/flex/4.6.0.23201/spark_4.6.0.23201.swz with 1 failover.
    http://fpdownload.adobe.com/pub/swz/flex/4.6.0.23201/sparkskins_4.6.0.23201.swz with 1 failover.
    http://fpdownload.adobe.com/pub/swz/flex/4.6.0.23201/mx_4.6.0.23201.swz with 1 failover.
/var/lib/jenkins/workspace/GradleFx Testbed Build/flexunit-single-project/build/reports/TestRunner.swf (313757 bytes)
[ant:flexunit] 
[ant:flexunit] Suite: org.gradlefx.flexunitexample.Calculator2Test
[ant:flexunit] Tests run: 1, Failures: 0, Errors: 0, Skipped: 0, Time elapsed: 0.001 sec
[ant:flexunit] Suite: org.gradlefx.flexunitexample.CalculatorTest
[ant:flexunit] Tests run: 1, Failures: 0, Errors: 0, Skipped: 0, Time elapsed: 0.027 sec
[ant:flexunit] 
[ant:flexunit] Results :
[ant:flexunit] 
[ant:flexunit] Tests run: 2, Failures: 0, Errors: 0, Skipped: 0, Time elapsed: 0.028 sec
[ant:flexunit] 
[8mha:AAAAYB+LCAAAAAAAAABb85aBtbiIQSWjNKU4P0+vIKc0PTOvWC+9KDElJ1XPHUyFJBZn++WXpC7zV766aHPULSYGhooiBimoluT8vOJ8oFpnCA1SyAABjCCFBQDX67qaYgAAAA==[0m:merge-swc-packages:copytestresources
Task ':merge-swc-packages:copytestresources' has not declared any outputs, assuming that it is out-of-date.
from /var/lib/jenkins/workspace/GradleFx Testbed Build/merge-swc-packages/src/test/resources to /var/lib/jenkins/workspace/GradleFx Testbed Build/merge-swc-packages/build/reports
[8mha:AAAAYB+LCAAAAAAAAABb85aBtbiIQSWjNKU4P0+vIKc0PTOvWC+9KDElJ1XPHUyFJBZn++WXpC7zV766aHPULSYGhooiBimoluT8vOJ8oFpnCA1SyAABjCCFBQDX67qaYgAAAA==[0m:merge-swc-packages:test
Task ':merge-swc-packages:test' has not declared any outputs, assuming that it is out-of-date.
Skipping tests since no tests exist
[8mha:AAAAYB+LCAAAAAAAAABb85aBtbiIQSWjNKU4P0+vIKc0PTOvWC+9KDElJ1XPHUyFJBZn++WXpC7zV766aHPULSYGhooiBimoluT8vOJ8oFpnCA1SyAABjCCFBQDX67qaYgAAAA==[0m:flashbuilder-integration:fb-air-fx:copytestresources
Task ':flashbuilder-integration:fb-air-fx:copytestresources' has not declared any outputs, assuming that it is out-of-date.
from /var/lib/jenkins/workspace/GradleFx Testbed Build/flashbuilder-integration/fb-air-fx/src/test/resources to /var/lib/jenkins/workspace/GradleFx Testbed Build/flashbuilder-integration/fb-air-fx/build/reports
[8mha:AAAAYB+LCAAAAAAAAABb85aBtbiIQSWjNKU4P0+vIKc0PTOvWC+9KDElJ1XPHUyFJBZn++WXpC7zV766aHPULSYGhooiBimoluT8vOJ8oFpnCA1SyAABjCCFBQDX67qaYgAAAA==[0m:flashbuilder-integration:fb-air-fx:test
Task ':flashbuilder-integration:fb-air-fx:test' has not declared any outputs, assuming that it is out-of-date.
Skipping tests since no tests exist
[8mha:AAAAYB+LCAAAAAAAAABb85aBtbiIQSWjNKU4P0+vIKc0PTOvWC+9KDElJ1XPHUyFJBZn++WXpC7zV766aHPULSYGhooiBimoluT8vOJ8oFpnCA1SyAABjCCFBQDX67qaYgAAAA==[0m:flashbuilder-integration:fb-mobile-as:copytestresources
Task ':flashbuilder-integration:fb-mobile-as:copytestresources' has not declared any outputs, assuming that it is out-of-date.
from /var/lib/jenkins/workspace/GradleFx Testbed Build/flashbuilder-integration/fb-mobile-as/src/test/resources to /var/lib/jenkins/workspace/GradleFx Testbed Build/flashbuilder-integration/fb-mobile-as/build/reports
[8mha:AAAAYB+LCAAAAAAAAABb85aBtbiIQSWjNKU4P0+vIKc0PTOvWC+9KDElJ1XPHUyFJBZn++WXpC7zV766aHPULSYGhooiBimoluT8vOJ8oFpnCA1SyAABjCCFBQDX67qaYgAAAA==[0m:flashbuilder-integration:fb-mobile-as:test
Task ':flashbuilder-integration:fb-mobile-as:test' has not declared any outputs, assuming that it is out-of-date.
Skipping tests since no tests exist
[8mha:AAAAYB+LCAAAAAAAAABb85aBtbiIQSWjNKU4P0+vIKc0PTOvWC+9KDElJ1XPHUyFJBZn++WXpC7zV766aHPULSYGhooiBimoluT8vOJ8oFpnCA1SyAABjCCFBQDX67qaYgAAAA==[0m:flashbuilder-integration:fb-mobile-fx:copytestresources
Task ':flashbuilder-integration:fb-mobile-fx:copytestresources' has not declared any outputs, assuming that it is out-of-date.
from /var/lib/jenkins/workspace/GradleFx Testbed Build/flashbuilder-integration/fb-mobile-fx/src/test/resources to /var/lib/jenkins/workspace/GradleFx Testbed Build/flashbuilder-integration/fb-mobile-fx/build/reports
[8mha:AAAAYB+LCAAAAAAAAABb85aBtbiIQSWjNKU4P0+vIKc0PTOvWC+9KDElJ1XPHUyFJBZn++WXpC7zV766aHPULSYGhooiBimoluT8vOJ8oFpnCA1SyAABjCCFBQDX67qaYgAAAA==[0m:flashbuilder-integration:fb-mobile-fx:test
Task ':flashbuilder-integration:fb-mobile-fx:test' has not declared any outputs, assuming that it is out-of-date.
Skipping tests since no tests exist
[8mha:AAAAYB+LCAAAAAAAAABb85aBtbiIQSWjNKU4P0+vIKc0PTOvWC+9KDElJ1XPHUyFJBZn++WXpC7zV766aHPULSYGhooiBimoluT8vOJ8oFpnCA1SyAABjCCFBQDX67qaYgAAAA==[0m:flashbuilder-integration:fb-swc-as:copytestresources
Task ':flashbuilder-integration:fb-swc-as:copytestresources' has not declared any outputs, assuming that it is out-of-date.
from /var/lib/jenkins/workspace/GradleFx Testbed Build/flashbuilder-integration/fb-swc-as/src/test/resources to /var/lib/jenkins/workspace/GradleFx Testbed Build/flashbuilder-integration/fb-swc-as/build/reports
[8mha:AAAAYB+LCAAAAAAAAABb85aBtbiIQSWjNKU4P0+vIKc0PTOvWC+9KDElJ1XPHUyFJBZn++WXpC7zV766aHPULSYGhooiBimoluT8vOJ8oFpnCA1SyAABjCCFBQDX67qaYgAAAA==[0m:flashbuilder-integration:fb-swc-as:test
Task ':flashbuilder-integration:fb-swc-as:test' has not declared any outputs, assuming that it is out-of-date.
Skipping tests since no tests exist
[8mha:AAAAYB+LCAAAAAAAAABb85aBtbiIQSWjNKU4P0+vIKc0PTOvWC+9KDElJ1XPHUyFJBZn++WXpC7zV766aHPULSYGhooiBimoluT8vOJ8oFpnCA1SyAABjCCFBQDX67qaYgAAAA==[0m:flashbuilder-integration:fb-swc-fx:copytestresources
Task ':flashbuilder-integration:fb-swc-fx:copytestresources' has not declared any outputs, assuming that it is out-of-date.
from /var/lib/jenkins/workspace/GradleFx Testbed Build/flashbuilder-integration/fb-swc-fx/src/test/resources to /var/lib/jenkins/workspace/GradleFx Testbed Build/flashbuilder-integration/fb-swc-fx/build/reports
[8mha:AAAAYB+LCAAAAAAAAABb85aBtbiIQSWjNKU4P0+vIKc0PTOvWC+9KDElJ1XPHUyFJBZn++WXpC7zV766aHPULSYGhooiBimoluT8vOJ8oFpnCA1SyAABjCCFBQDX67qaYgAAAA==[0m:flashbuilder-integration:fb-swc-fx:test
Task ':flashbuilder-integration:fb-swc-fx:test' has not declared any outputs, assuming that it is out-of-date.
Skipping tests since no tests exist
[8mha:AAAAYB+LCAAAAAAAAABb85aBtbiIQSWjNKU4P0+vIKc0PTOvWC+9KDElJ1XPHUyFJBZn++WXpC7zV766aHPULSYGhooiBimoluT8vOJ8oFpnCA1SyAABjCCFBQDX67qaYgAAAA==[0m:flashbuilder-integration:fb-swf-as:copytestresources
Task ':flashbuilder-integration:fb-swf-as:copytestresources' has not declared any outputs, assuming that it is out-of-date.
from /var/lib/jenkins/workspace/GradleFx Testbed Build/flashbuilder-integration/fb-swf-as/src/test/resources to /var/lib/jenkins/workspace/GradleFx Testbed Build/flashbuilder-integration/fb-swf-as/build/reports
[8mha:AAAAYB+LCAAAAAAAAABb85aBtbiIQSWjNKU4P0+vIKc0PTOvWC+9KDElJ1XPHUyFJBZn++WXpC7zV766aHPULSYGhooiBimoluT8vOJ8oFpnCA1SyAABjCCFBQDX67qaYgAAAA==[0m:flashbuilder-integration:fb-swf-as:test
Task ':flashbuilder-integration:fb-swf-as:test' has not declared any outputs, assuming that it is out-of-date.
Skipping tests since no tests exist
[8mha:AAAAYB+LCAAAAAAAAABb85aBtbiIQSWjNKU4P0+vIKc0PTOvWC+9KDElJ1XPHUyFJBZn++WXpC7zV766aHPULSYGhooiBimoluT8vOJ8oFpnCA1SyAABjCCFBQDX67qaYgAAAA==[0m:flashbuilder-integration:fb-swf-fx:copytestresources
Task ':flashbuilder-integration:fb-swf-fx:copytestresources' has not declared any outputs, assuming that it is out-of-date.
from /var/lib/jenkins/workspace/GradleFx Testbed Build/flashbuilder-integration/fb-swf-fx/src/test/resources to /var/lib/jenkins/workspace/GradleFx Testbed Build/flashbuilder-integration/fb-swf-fx/build/reports
[8mha:AAAAYB+LCAAAAAAAAABb85aBtbiIQSWjNKU4P0+vIKc0PTOvWC+9KDElJ1XPHUyFJBZn++WXpC7zV766aHPULSYGhooiBimoluT8vOJ8oFpnCA1SyAABjCCFBQDX67qaYgAAAA==[0m:flashbuilder-integration:fb-swf-fx:test
Task ':flashbuilder-integration:fb-swf-fx:test' has not declared any outputs, assuming that it is out-of-date.
Skipping tests since no tests exist
[8mha:AAAAYB+LCAAAAAAAAABb85aBtbiIQSWjNKU4P0+vIKc0PTOvWC+9KDElJ1XPHUyFJBZn++WXpC7zV766aHPULSYGhooiBimoluT8vOJ8oFpnCA1SyAABjCCFBQDX67qaYgAAAA==[0m:intellij-integration:iml-air-as:copytestresources
Task ':intellij-integration:iml-air-as:copytestresources' has not declared any outputs, assuming that it is out-of-date.
from /var/lib/jenkins/workspace/GradleFx Testbed Build/intellij-integration/iml-air-as/src/test/resources to /var/lib/jenkins/workspace/GradleFx Testbed Build/intellij-integration/iml-air-as/build/reports
[8mha:AAAAYB+LCAAAAAAAAABb85aBtbiIQSWjNKU4P0+vIKc0PTOvWC+9KDElJ1XPHUyFJBZn++WXpC7zV766aHPULSYGhooiBimoluT8vOJ8oFpnCA1SyAABjCCFBQDX67qaYgAAAA==[0m:intellij-integration:iml-air-as:test
Task ':intellij-integration:iml-air-as:test' has not declared any outputs, assuming that it is out-of-date.
Skipping tests since no tests exist
[8mha:AAAAYB+LCAAAAAAAAABb85aBtbiIQSWjNKU4P0+vIKc0PTOvWC+9KDElJ1XPHUyFJBZn++WXpC7zV766aHPULSYGhooiBimoluT8vOJ8oFpnCA1SyAABjCCFBQDX67qaYgAAAA==[0m:intellij-integration:iml-air-fx:copytestresources
Task ':intellij-integration:iml-air-fx:copytestresources' has not declared any outputs, assuming that it is out-of-date.
from /var/lib/jenkins/workspace/GradleFx Testbed Build/intellij-integration/iml-air-fx/src/test/resources to /var/lib/jenkins/workspace/GradleFx Testbed Build/intellij-integration/iml-air-fx/build/reports
[8mha:AAAAYB+LCAAAAAAAAABb85aBtbiIQSWjNKU4P0+vIKc0PTOvWC+9KDElJ1XPHUyFJBZn++WXpC7zV766aHPULSYGhooiBimoluT8vOJ8oFpnCA1SyAABjCCFBQDX67qaYgAAAA==[0m:intellij-integration:iml-air-fx:test
Task ':intellij-integration:iml-air-fx:test' has not declared any outputs, assuming that it is out-of-date.
Skipping tests since no tests exist
[8mha:AAAAYB+LCAAAAAAAAABb85aBtbiIQSWjNKU4P0+vIKc0PTOvWC+9KDElJ1XPHUyFJBZn++WXpC7zV766aHPULSYGhooiBimoluT8vOJ8oFpnCA1SyAABjCCFBQDX67qaYgAAAA==[0m:intellij-integration:iml-mobile-android-as:copytestresources
Task ':intellij-integration:iml-mobile-android-as:copytestresources' has not declared any outputs, assuming that it is out-of-date.
from /var/lib/jenkins/workspace/GradleFx Testbed Build/intellij-integration/iml-mobile-android-as/src/test/resources to /var/lib/jenkins/workspace/GradleFx Testbed Build/intellij-integration/iml-mobile-android-as/build/reports
[8mha:AAAAYB+LCAAAAAAAAABb85aBtbiIQSWjNKU4P0+vIKc0PTOvWC+9KDElJ1XPHUyFJBZn++WXpC7zV766aHPULSYGhooiBimoluT8vOJ8oFpnCA1SyAABjCCFBQDX67qaYgAAAA==[0m:intellij-integration:iml-mobile-android-as:test
Task ':intellij-integration:iml-mobile-android-as:test' has not declared any outputs, assuming that it is out-of-date.
Skipping tests since no tests exist
[8mha:AAAAYB+LCAAAAAAAAABb85aBtbiIQSWjNKU4P0+vIKc0PTOvWC+9KDElJ1XPHUyFJBZn++WXpC7zV766aHPULSYGhooiBimoluT8vOJ8oFpnCA1SyAABjCCFBQDX67qaYgAAAA==[0m:intellij-integration:iml-mobile-android-fx:copytestresources
Task ':intellij-integration:iml-mobile-android-fx:copytestresources' has not declared any outputs, assuming that it is out-of-date.
from /var/lib/jenkins/workspace/GradleFx Testbed Build/intellij-integration/iml-mobile-android-fx/src/test/resources to /var/lib/jenkins/workspace/GradleFx Testbed Build/intellij-integration/iml-mobile-android-fx/build/reports
[8mha:AAAAYB+LCAAAAAAAAABb85aBtbiIQSWjNKU4P0+vIKc0PTOvWC+9KDElJ1XPHUyFJBZn++WXpC7zV766aHPULSYGhooiBimoluT8vOJ8oFpnCA1SyAABjCCFBQDX67qaYgAAAA==[0m:intellij-integration:iml-mobile-android-fx:test
Task ':intellij-integration:iml-mobile-android-fx:test' has not declared any outputs, assuming that it is out-of-date.
Skipping tests since no tests exist
[8mha:AAAAYB+LCAAAAAAAAABb85aBtbiIQSWjNKU4P0+vIKc0PTOvWC+9KDElJ1XPHUyFJBZn++WXpC7zV766aHPULSYGhooiBimoluT8vOJ8oFpnCA1SyAABjCCFBQDX67qaYgAAAA==[0m:intellij-integration:iml-mobile-ios-as:copytestresources
Task ':intellij-integration:iml-mobile-ios-as:copytestresources' has not declared any outputs, assuming that it is out-of-date.
from /var/lib/jenkins/workspace/GradleFx Testbed Build/intellij-integration/iml-mobile-ios-as/src/test/resources to /var/lib/jenkins/workspace/GradleFx Testbed Build/intellij-integration/iml-mobile-ios-as/build/reports
[8mha:AAAAYB+LCAAAAAAAAABb85aBtbiIQSWjNKU4P0+vIKc0PTOvWC+9KDElJ1XPHUyFJBZn++WXpC7zV766aHPULSYGhooiBimoluT8vOJ8oFpnCA1SyAABjCCFBQDX67qaYgAAAA==[0m:intellij-integration:iml-mobile-ios-as:test
Task ':intellij-integration:iml-mobile-ios-as:test' has not declared any outputs, assuming that it is out-of-date.
Skipping tests since no tests exist
[8mha:AAAAYB+LCAAAAAAAAABb85aBtbiIQSWjNKU4P0+vIKc0PTOvWC+9KDElJ1XPHUyFJBZn++WXpC7zV766aHPULSYGhooiBimoluT8vOJ8oFpnCA1SyAABjCCFBQDX67qaYgAAAA==[0m:intellij-integration:iml-mobile-ios-fx:copytestresources
Task ':intellij-integration:iml-mobile-ios-fx:copytestresources' has not declared any outputs, assuming that it is out-of-date.
from /var/lib/jenkins/workspace/GradleFx Testbed Build/intellij-integration/iml-mobile-ios-fx/src/test/resources to /var/lib/jenkins/workspace/GradleFx Testbed Build/intellij-integration/iml-mobile-ios-fx/build/reports
[8mha:AAAAYB+LCAAAAAAAAABb85aBtbiIQSWjNKU4P0+vIKc0PTOvWC+9KDElJ1XPHUyFJBZn++WXpC7zV766aHPULSYGhooiBimoluT8vOJ8oFpnCA1SyAABjCCFBQDX67qaYgAAAA==[0m:intellij-integration:iml-mobile-ios-fx:test
Task ':intellij-integration:iml-mobile-ios-fx:test' has not declared any outputs, assuming that it is out-of-date.
Skipping tests since no tests exist
[8mha:AAAAYB+LCAAAAAAAAABb85aBtbiIQSWjNKU4P0+vIKc0PTOvWC+9KDElJ1XPHUyFJBZn++WXpC7zV766aHPULSYGhooiBimoluT8vOJ8oFpnCA1SyAABjCCFBQDX67qaYgAAAA==[0m:intellij-integration:iml-swc-as:copytestresources
Task ':intellij-integration:iml-swc-as:copytestresources' has not declared any outputs, assuming that it is out-of-date.
from /var/lib/jenkins/workspace/GradleFx Testbed Build/intellij-integration/iml-swc-as/src/test/resources to /var/lib/jenkins/workspace/GradleFx Testbed Build/intellij-integration/iml-swc-as/build/reports
[8mha:AAAAYB+LCAAAAAAAAABb85aBtbiIQSWjNKU4P0+vIKc0PTOvWC+9KDElJ1XPHUyFJBZn++WXpC7zV766aHPULSYGhooiBimoluT8vOJ8oFpnCA1SyAABjCCFBQDX67qaYgAAAA==[0m:intellij-integration:iml-swc-as:test
Task ':intellij-integration:iml-swc-as:test' has not declared any outputs, assuming that it is out-of-date.
Skipping tests since no tests exist
[8mha:AAAAYB+LCAAAAAAAAABb85aBtbiIQSWjNKU4P0+vIKc0PTOvWC+9KDElJ1XPHUyFJBZn++WXpC7zV766aHPULSYGhooiBimoluT8vOJ8oFpnCA1SyAABjCCFBQDX67qaYgAAAA==[0m:intellij-integration:iml-swc-fx:copytestresources
Task ':intellij-integration:iml-swc-fx:copytestresources' has not declared any outputs, assuming that it is out-of-date.
from /var/lib/jenkins/workspace/GradleFx Testbed Build/intellij-integration/iml-swc-fx/src/test/resources to /var/lib/jenkins/workspace/GradleFx Testbed Build/intellij-integration/iml-swc-fx/build/reports
[8mha:AAAAYB+LCAAAAAAAAABb85aBtbiIQSWjNKU4P0+vIKc0PTOvWC+9KDElJ1XPHUyFJBZn++WXpC7zV766aHPULSYGhooiBimoluT8vOJ8oFpnCA1SyAABjCCFBQDX67qaYgAAAA==[0m:intellij-integration:iml-swc-fx:test
Task ':intellij-integration:iml-swc-fx:test' has not declared any outputs, assuming that it is out-of-date.
Skipping tests since no tests exist
[8mha:AAAAYB+LCAAAAAAAAABb85aBtbiIQSWjNKU4P0+vIKc0PTOvWC+9KDElJ1XPHUyFJBZn++WXpC7zV766aHPULSYGhooiBimoluT8vOJ8oFpnCA1SyAABjCCFBQDX67qaYgAAAA==[0m:intellij-integration:iml-swf-as:copytestresources
Task ':intellij-integration:iml-swf-as:copytestresources' has not declared any outputs, assuming that it is out-of-date.
from /var/lib/jenkins/workspace/GradleFx Testbed Build/intellij-integration/iml-swf-as/src/test/resources to /var/lib/jenkins/workspace/GradleFx Testbed Build/intellij-integration/iml-swf-as/build/reports
[8mha:AAAAYB+LCAAAAAAAAABb85aBtbiIQSWjNKU4P0+vIKc0PTOvWC+9KDElJ1XPHUyFJBZn++WXpC7zV766aHPULSYGhooiBimoluT8vOJ8oFpnCA1SyAABjCCFBQDX67qaYgAAAA==[0m:intellij-integration:iml-swf-as:test
Task ':intellij-integration:iml-swf-as:test' has not declared any outputs, assuming that it is out-of-date.
Skipping tests since no tests exist
[8mha:AAAAYB+LCAAAAAAAAABb85aBtbiIQSWjNKU4P0+vIKc0PTOvWC+9KDElJ1XPHUyFJBZn++WXpC7zV766aHPULSYGhooiBimoluT8vOJ8oFpnCA1SyAABjCCFBQDX67qaYgAAAA==[0m:intellij-integration:iml-swf-fx:copytestresources
Task ':intellij-integration:iml-swf-fx:copytestresources' has not declared any outputs, assuming that it is out-of-date.
from /var/lib/jenkins/workspace/GradleFx Testbed Build/intellij-integration/iml-swf-fx/src/test/resources to /var/lib/jenkins/workspace/GradleFx Testbed Build/intellij-integration/iml-swf-fx/build/reports
[8mha:AAAAYB+LCAAAAAAAAABb85aBtbiIQSWjNKU4P0+vIKc0PTOvWC+9KDElJ1XPHUyFJBZn++WXpC7zV766aHPULSYGhooiBimoluT8vOJ8oFpnCA1SyAABjCCFBQDX67qaYgAAAA==[0m:intellij-integration:iml-swf-fx:test
Task ':intellij-integration:iml-swf-fx:test' has not declared any outputs, assuming that it is out-of-date.
Skipping tests since no tests exist
[8mha:AAAAYB+LCAAAAAAAAABb85aBtbiIQSWjNKU4P0+vIKc0PTOvWC+9KDElJ1XPHUyFJBZn++WXpC7zV766aHPULSYGhooiBimoluT8vOJ8oFpnCA1SyAABjCCFBQDX67qaYgAAAA==[0m:merge-swc-packages:domain:copytestresources
Task ':merge-swc-packages:domain:copytestresources' has not declared any outputs, assuming that it is out-of-date.
from /var/lib/jenkins/workspace/GradleFx Testbed Build/merge-swc-packages/domain/src/test/resources to /var/lib/jenkins/workspace/GradleFx Testbed Build/merge-swc-packages/domain/build/reports
[8mha:AAAAYB+LCAAAAAAAAABb85aBtbiIQSWjNKU4P0+vIKc0PTOvWC+9KDElJ1XPHUyFJBZn++WXpC7zV766aHPULSYGhooiBimoluT8vOJ8oFpnCA1SyAABjCCFBQDX67qaYgAAAA==[0m:merge-swc-packages:domain:test
Task ':merge-swc-packages:domain:test' has not declared any outputs, assuming that it is out-of-date.
Skipping tests since no tests exist
[8mha:AAAAYB+LCAAAAAAAAABb85aBtbiIQSWjNKU4P0+vIKc0PTOvWC+9KDElJ1XPHUyFJBZn++WXpC7zV766aHPULSYGhooiBimoluT8vOJ8oFpnCA1SyAABjCCFBQDX67qaYgAAAA==[0m:merge-swc-packages:util:copytestresources
Task ':merge-swc-packages:util:copytestresources' has not declared any outputs, assuming that it is out-of-date.
from /var/lib/jenkins/workspace/GradleFx Testbed Build/merge-swc-packages/util/src/test/resources to /var/lib/jenkins/workspace/GradleFx Testbed Build/merge-swc-packages/util/build/reports
[8mha:AAAAYB+LCAAAAAAAAABb85aBtbiIQSWjNKU4P0+vIKc0PTOvWC+9KDElJ1XPHUyFJBZn++WXpC7zV766aHPULSYGhooiBimoluT8vOJ8oFpnCA1SyAABjCCFBQDX67qaYgAAAA==[0m:merge-swc-packages:util:test
Task ':merge-swc-packages:util:test' has not declared any outputs, assuming that it is out-of-date.
Skipping tests since no tests exist
[8mha:AAAAYB+LCAAAAAAAAABb85aBtbiIQSWjNKU4P0+vIKc0PTOvWC+9KDElJ1XPHUyFJBZn++WXpC7zV766aHPULSYGhooiBimoluT8vOJ8oFpnCA1SyAABjCCFBQDX67qaYgAAAA==[0m:multiproject-all-conventions:assets:copytestresources
Task ':multiproject-all-conventions:assets:copytestresources' has not declared any outputs, assuming that it is out-of-date.
from /var/lib/jenkins/workspace/GradleFx Testbed Build/multiproject-all-conventions/assets/src/test/resources to /var/lib/jenkins/workspace/GradleFx Testbed Build/multiproject-all-conventions/assets/build/reports
[8mha:AAAAYB+LCAAAAAAAAABb85aBtbiIQSWjNKU4P0+vIKc0PTOvWC+9KDElJ1XPHUyFJBZn++WXpC7zV766aHPULSYGhooiBimoluT8vOJ8oFpnCA1SyAABjCCFBQDX67qaYgAAAA==[0m:multiproject-all-conventions:assets:test
Task ':multiproject-all-conventions:assets:test' has not declared any outputs, assuming that it is out-of-date.
Skipping tests since no tests exist
[8mha:AAAAYB+LCAAAAAAAAABb85aBtbiIQSWjNKU4P0+vIKc0PTOvWC+9KDElJ1XPHUyFJBZn++WXpC7zV766aHPULSYGhooiBimoluT8vOJ8oFpnCA1SyAABjCCFBQDX67qaYgAAAA==[0m:multiproject-all-conventions:client:copytestresources
Task ':multiproject-all-conventions:client:copytestresources' has not declared any outputs, assuming that it is out-of-date.
from /var/lib/jenkins/workspace/GradleFx Testbed Build/multiproject-all-conventions/client/src/test/resources to /var/lib/jenkins/workspace/GradleFx Testbed Build/multiproject-all-conventions/client/build/reports
[8mha:AAAAYB+LCAAAAAAAAABb85aBtbiIQSWjNKU4P0+vIKc0PTOvWC+9KDElJ1XPHUyFJBZn++WXpC7zV766aHPULSYGhooiBimoluT8vOJ8oFpnCA1SyAABjCCFBQDX67qaYgAAAA==[0m:multiproject-all-conventions:client:test
Task ':multiproject-all-conventions:client:test' has not declared any outputs, assuming that it is out-of-date.
Skipping tests since no tests exist
[8mha:AAAAYB+LCAAAAAAAAABb85aBtbiIQSWjNKU4P0+vIKc0PTOvWC+9KDElJ1XPHUyFJBZn++WXpC7zV766aHPULSYGhooiBimoluT8vOJ8oFpnCA1SyAABjCCFBQDX67qaYgAAAA==[0m:multiproject-all-conventions:domain:copytestresources
Task ':multiproject-all-conventions:domain:copytestresources' has not declared any outputs, assuming that it is out-of-date.
from /var/lib/jenkins/workspace/GradleFx Testbed Build/multiproject-all-conventions/domain/src/test/resources to /var/lib/jenkins/workspace/GradleFx Testbed Build/multiproject-all-conventions/domain/build/reports
[8mha:AAAAYB+LCAAAAAAAAABb85aBtbiIQSWjNKU4P0+vIKc0PTOvWC+9KDElJ1XPHUyFJBZn++WXpC7zV766aHPULSYGhooiBimoluT8vOJ8oFpnCA1SyAABjCCFBQDX67qaYgAAAA==[0m:multiproject-all-conventions:domain:test
Task ':multiproject-all-conventions:domain:test' has not declared any outputs, assuming that it is out-of-date.
Skipping tests since no tests exist
[8mha:AAAAYB+LCAAAAAAAAABb85aBtbiIQSWjNKU4P0+vIKc0PTOvWC+9KDElJ1XPHUyFJBZn++WXpC7zV766aHPULSYGhooiBimoluT8vOJ8oFpnCA1SyAABjCCFBQDX67qaYgAAAA==[0m:multiproject-all-conventions:util:copytestresources
Task ':multiproject-all-conventions:util:copytestresources' has not declared any outputs, assuming that it is out-of-date.
from /var/lib/jenkins/workspace/GradleFx Testbed Build/multiproject-all-conventions/util/src/test/resources to /var/lib/jenkins/workspace/GradleFx Testbed Build/multiproject-all-conventions/util/build/reports
[8mha:AAAAYB+LCAAAAAAAAABb85aBtbiIQSWjNKU4P0+vIKc0PTOvWC+9KDElJ1XPHUyFJBZn++WXpC7zV766aHPULSYGhooiBimoluT8vOJ8oFpnCA1SyAABjCCFBQDX67qaYgAAAA==[0m:multiproject-all-conventions:util:test
Task ':multiproject-all-conventions:util:test' has not declared any outputs, assuming that it is out-of-date.
Skipping tests since no tests exist
[8mha:AAAAYB+LCAAAAAAAAABb85aBtbiIQSWjNKU4P0+vIKc0PTOvWC+9KDElJ1XPHUyFJBZn++WXpC7zV766aHPULSYGhooiBimoluT8vOJ8oFpnCA1SyAABjCCFBQDX67qaYgAAAA==[0m:multiproject-no-conventions:client:copytestresources
Task ':multiproject-no-conventions:client:copytestresources' has not declared any outputs, assuming that it is out-of-date.
from /var/lib/jenkins/workspace/GradleFx Testbed Build/multiproject-no-conventions/client/src/test/resources to /var/lib/jenkins/workspace/GradleFx Testbed Build/multiproject-no-conventions/client/build/reports
[8mha:AAAAYB+LCAAAAAAAAABb85aBtbiIQSWjNKU4P0+vIKc0PTOvWC+9KDElJ1XPHUyFJBZn++WXpC7zV766aHPULSYGhooiBimoluT8vOJ8oFpnCA1SyAABjCCFBQDX67qaYgAAAA==[0m:multiproject-no-conventions:client:test
Task ':multiproject-no-conventions:client:test' has not declared any outputs, assuming that it is out-of-date.
Skipping tests since no tests exist
[8mha:AAAAYB+LCAAAAAAAAABb85aBtbiIQSWjNKU4P0+vIKc0PTOvWC+9KDElJ1XPHUyFJBZn++WXpC7zV766aHPULSYGhooiBimoluT8vOJ8oFpnCA1SyAABjCCFBQDX67qaYgAAAA==[0m:multiproject-no-conventions:domain:copytestresources
Task ':multiproject-no-conventions:domain:copytestresources' has not declared any outputs, assuming that it is out-of-date.
from /var/lib/jenkins/workspace/GradleFx Testbed Build/multiproject-no-conventions/domain/src/test/resources to /var/lib/jenkins/workspace/GradleFx Testbed Build/multiproject-no-conventions/domain/build/reports
[8mha:AAAAYB+LCAAAAAAAAABb85aBtbiIQSWjNKU4P0+vIKc0PTOvWC+9KDElJ1XPHUyFJBZn++WXpC7zV766aHPULSYGhooiBimoluT8vOJ8oFpnCA1SyAABjCCFBQDX67qaYgAAAA==[0m:multiproject-no-conventions:domain:test
Task ':multiproject-no-conventions:domain:test' has not declared any outputs, assuming that it is out-of-date.
Skipping tests since no tests exist
[8mha:AAAAYB+LCAAAAAAAAABb85aBtbiIQSWjNKU4P0+vIKc0PTOvWC+9KDElJ1XPHUyFJBZn++WXpC7zV766aHPULSYGhooiBimoluT8vOJ8oFpnCA1SyAABjCCFBQDX67qaYgAAAA==[0m:multiproject-no-conventions:util:copytestresources
Task ':multiproject-no-conventions:util:copytestresources' has not declared any outputs, assuming that it is out-of-date.
from /var/lib/jenkins/workspace/GradleFx Testbed Build/multiproject-no-conventions/util/src/test/resources to /var/lib/jenkins/workspace/GradleFx Testbed Build/multiproject-no-conventions/util/build/reports
[8mha:AAAAYB+LCAAAAAAAAABb85aBtbiIQSWjNKU4P0+vIKc0PTOvWC+9KDElJ1XPHUyFJBZn++WXpC7zV766aHPULSYGhooiBimoluT8vOJ8oFpnCA1SyAABjCCFBQDX67qaYgAAAA==[0m:multiproject-no-conventions:util:test
Task ':multiproject-no-conventions:util:test' has not declared any outputs, assuming that it is out-of-date.
Skipping tests since no tests exist
[8mha:AAAAYB+LCAAAAAAAAABb85aBtbiIQSWjNKU4P0+vIKc0PTOvWC+9KDElJ1XPHUyFJBZn++WXpC7zV766aHPULSYGhooiBimoluT8vOJ8oFpnCA1SyAABjCCFBQDX67qaYgAAAA==[0m:flex-java-war:flex:swc:copytestresources
Task ':flex-java-war:flex:swc:copytestresources' has not declared any outputs, assuming that it is out-of-date.
from /var/lib/jenkins/workspace/GradleFx Testbed Build/flex-java-war/flex/swc/src/test/resources to /var/lib/jenkins/workspace/GradleFx Testbed Build/flex-java-war/flex/swc/build/reports
[8mha:AAAAYB+LCAAAAAAAAABb85aBtbiIQSWjNKU4P0+vIKc0PTOvWC+9KDElJ1XPHUyFJBZn++WXpC7zV766aHPULSYGhooiBimoluT8vOJ8oFpnCA1SyAABjCCFBQDX67qaYgAAAA==[0m:flex-java-war:flex:swc:test
Task ':flex-java-war:flex:swc:test' has not declared any outputs, assuming that it is out-of-date.
Skipping tests since no tests exist
[8mha:AAAAYB+LCAAAAAAAAABb85aBtbiIQSWjNKU4P0+vIKc0PTOvWC+9KDElJ1XPHUyFJBZn++WXpC7zV766aHPULSYGhooiBimoluT8vOJ8oFpnCA1SyAABjCCFBQDX67qaYgAAAA==[0m:flex-java-war:flex:swf:copytestresources
Task ':flex-java-war:flex:swf:copytestresources' has not declared any outputs, assuming that it is out-of-date.
from /var/lib/jenkins/workspace/GradleFx Testbed Build/flex-java-war/flex/swf/src/test/resources to /var/lib/jenkins/workspace/GradleFx Testbed Build/flex-java-war/flex/swf/build/reports
[8mha:AAAAYB+LCAAAAAAAAABb85aBtbiIQSWjNKU4P0+vIKc0PTOvWC+9KDElJ1XPHUyFJBZn++WXpC7zV766aHPULSYGhooiBimoluT8vOJ8oFpnCA1SyAABjCCFBQDX67qaYgAAAA==[0m:flex-java-war:flex:swf:test
Task ':flex-java-war:flex:swf:test' has not declared any outputs, assuming that it is out-of-date.
Skipping tests since no tests exist
[8mha:AAAAYB+LCAAAAAAAAABb85aBtbiIQSWjNKU4P0+vIKc0PTOvWC+9KDElJ1XPHUyFJBZn++WXpC7zV766aHPULSYGhooiBimoluT8vOJ8oFpnCA1SyAABjCCFBQDX67qaYgAAAA==[0m:flex-java-war:java:dto:compileJava
Executing task ':flex-java-war:java:dto:compileJava' due to:
  Output file /var/lib/jenkins/workspace/GradleFx Testbed Build/flex-java-war/java/dto/build/classes/main has changed.
  Output file /var/lib/jenkins/workspace/GradleFx Testbed Build/flex-java-war/java/dto/build/dependency-cache has changed.
  Output file /var/lib/jenkins/workspace/GradleFx Testbed Build/flex-java-war/java/dto/build/classes/main/org/gradlefx/Person.class has been removed.
Compiling with JDK Java compiler API.
[8mha:AAAAYB+LCAAAAAAAAABb85aBtbiIQSWjNKU4P0+vIKc0PTOvWC+9KDElJ1XPHUyFJBZn++WXpC7zV766aHPULSYGhooiBimoluT8vOJ8oFpnCA1SyAABjCCFBQDX67qaYgAAAA==[0m:flex-java-war:java:dto:processResources
Skipping task ':flex-java-war:java:dto:processResources' as it has no source files.
[8mha:AAAAYB+LCAAAAAAAAABb85aBtbiIQSWjNKU4P0+vIKc0PTOvWC+9KDElJ1XPHUyFJBZn++WXpC7zV766aHPULSYGhooiBimoluT8vOJ8oFpnCA1SyAABjCCFBQDX67qaYgAAAA==[0m:flex-java-war:java:dto:processResources UP-TO-DATE
[8mha:AAAAYB+LCAAAAAAAAABb85aBtbiIQSWjNKU4P0+vIKc0PTOvWC+9KDElJ1XPHUyFJBZn++WXpC7zV766aHPULSYGhooiBimoluT8vOJ8oFpnCA1SyAABjCCFBQDX67qaYgAAAA==[0m:flex-java-war:java:dto:classes
Skipping task ':flex-java-war:java:dto:classes' as it has no actions.
[8mha:AAAAYB+LCAAAAAAAAABb85aBtbiIQSWjNKU4P0+vIKc0PTOvWC+9KDElJ1XPHUyFJBZn++WXpC7zV766aHPULSYGhooiBimoluT8vOJ8oFpnCA1SyAABjCCFBQDX67qaYgAAAA==[0m:flex-java-war:java:dto:compileTestJava
Skipping task ':flex-java-war:java:dto:compileTestJava' as it has no source files.
[8mha:AAAAYB+LCAAAAAAAAABb85aBtbiIQSWjNKU4P0+vIKc0PTOvWC+9KDElJ1XPHUyFJBZn++WXpC7zV766aHPULSYGhooiBimoluT8vOJ8oFpnCA1SyAABjCCFBQDX67qaYgAAAA==[0m:flex-java-war:java:dto:compileTestJava UP-TO-DATE
[8mha:AAAAYB+LCAAAAAAAAABb85aBtbiIQSWjNKU4P0+vIKc0PTOvWC+9KDElJ1XPHUyFJBZn++WXpC7zV766aHPULSYGhooiBimoluT8vOJ8oFpnCA1SyAABjCCFBQDX67qaYgAAAA==[0m:flex-java-war:java:dto:processTestResources
Skipping task ':flex-java-war:java:dto:processTestResources' as it has no source files.
[8mha:AAAAYB+LCAAAAAAAAABb85aBtbiIQSWjNKU4P0+vIKc0PTOvWC+9KDElJ1XPHUyFJBZn++WXpC7zV766aHPULSYGhooiBimoluT8vOJ8oFpnCA1SyAABjCCFBQDX67qaYgAAAA==[0m:flex-java-war:java:dto:processTestResources UP-TO-DATE
[8mha:AAAAYB+LCAAAAAAAAABb85aBtbiIQSWjNKU4P0+vIKc0PTOvWC+9KDElJ1XPHUyFJBZn++WXpC7zV766aHPULSYGhooiBimoluT8vOJ8oFpnCA1SyAABjCCFBQDX67qaYgAAAA==[0m:flex-java-war:java:dto:testClasses
Skipping task ':flex-java-war:java:dto:testClasses' as it has no actions.
[8mha:AAAAYB+LCAAAAAAAAABb85aBtbiIQSWjNKU4P0+vIKc0PTOvWC+9KDElJ1XPHUyFJBZn++WXpC7zV766aHPULSYGhooiBimoluT8vOJ8oFpnCA1SyAABjCCFBQDX67qaYgAAAA==[0m:flex-java-war:java:dto:testClasses UP-TO-DATE
[8mha:AAAAYB+LCAAAAAAAAABb85aBtbiIQSWjNKU4P0+vIKc0PTOvWC+9KDElJ1XPHUyFJBZn++WXpC7zV766aHPULSYGhooiBimoluT8vOJ8oFpnCA1SyAABjCCFBQDX67qaYgAAAA==[0m:flex-java-war:java:dto:test
file or directory '/var/lib/jenkins/workspace/GradleFx Testbed Build/flex-java-war/java/dto/build/classes/test', not found
Executing task ':flex-java-war:java:dto:test' due to:
  Output file /var/lib/jenkins/workspace/GradleFx Testbed Build/flex-java-war/java/dto/build/test-results/binary/test has changed.
  Output file /var/lib/jenkins/workspace/GradleFx Testbed Build/flex-java-war/java/dto/build/test-results has changed.
  Output file /var/lib/jenkins/workspace/GradleFx Testbed Build/flex-java-war/java/dto/build/reports/tests has changed.
  Output file /var/lib/jenkins/workspace/GradleFx Testbed Build/flex-java-war/java/dto/build/reports/tests/index.html has been removed.
  Output file /var/lib/jenkins/workspace/GradleFx Testbed Build/flex-java-war/java/dto/build/test-results/binary/test/results.bin has been removed.
  Output file /var/lib/jenkins/workspace/GradleFx Testbed Build/flex-java-war/java/dto/build/reports/tests/report.js has been removed.
  Output file /var/lib/jenkins/workspace/GradleFx Testbed Build/flex-java-war/java/dto/build/reports/tests/style.css has been removed.
  Output file /var/lib/jenkins/workspace/GradleFx Testbed Build/flex-java-war/java/dto/build/reports/tests/css3-pie-1.0beta3.htc has been removed.
  Output file /var/lib/jenkins/workspace/GradleFx Testbed Build/flex-java-war/java/dto/build/reports/tests/base-style.css has been removed.
file or directory '/var/lib/jenkins/workspace/GradleFx Testbed Build/flex-java-war/java/dto/build/classes/test', not found
Finished generating test XML results (0.001 secs)
Generating HTML test report...
Finished generating test html results (0.012 secs)
[8mha:AAAAYB+LCAAAAAAAAABb85aBtbiIQSWjNKU4P0+vIKc0PTOvWC+9KDElJ1XPHUyFJBZn++WXpC7zV766aHPULSYGhooiBimoluT8vOJ8oFpnCA1SyAABjCCFBQDX67qaYgAAAA==[0m:flex-java-war:java:dto:jar
Executing task ':flex-java-war:java:dto:jar' due to:
  Output file /var/lib/jenkins/workspace/GradleFx Testbed Build/flex-java-war/java/dto/build/libs/dto-0.1-SNAPSHOT.jar has changed.
  Output file /var/lib/jenkins/workspace/GradleFx Testbed Build/flex-java-war/java/dto/build/libs/dto-0.1-SNAPSHOT.jar has been removed.
[8mha:AAAAYB+LCAAAAAAAAABb85aBtbiIQSWjNKU4P0+vIKc0PTOvWC+9KDElJ1XPHUyFJBZn++WXpC7zV766aHPULSYGhooiBimoluT8vOJ8oFpnCA1SyAABjCCFBQDX67qaYgAAAA==[0m:flex-java-war:java:war:compileJava
Skipping task ':flex-java-war:java:war:compileJava' as it has no source files.
[8mha:AAAAYB+LCAAAAAAAAABb85aBtbiIQSWjNKU4P0+vIKc0PTOvWC+9KDElJ1XPHUyFJBZn++WXpC7zV766aHPULSYGhooiBimoluT8vOJ8oFpnCA1SyAABjCCFBQDX67qaYgAAAA==[0m:flex-java-war:java:war:compileJava UP-TO-DATE
[8mha:AAAAYB+LCAAAAAAAAABb85aBtbiIQSWjNKU4P0+vIKc0PTOvWC+9KDElJ1XPHUyFJBZn++WXpC7zV766aHPULSYGhooiBimoluT8vOJ8oFpnCA1SyAABjCCFBQDX67qaYgAAAA==[0m:flex-java-war:java:war:processResources
Skipping task ':flex-java-war:java:war:processResources' as it has no source files.
[8mha:AAAAYB+LCAAAAAAAAABb85aBtbiIQSWjNKU4P0+vIKc0PTOvWC+9KDElJ1XPHUyFJBZn++WXpC7zV766aHPULSYGhooiBimoluT8vOJ8oFpnCA1SyAABjCCFBQDX67qaYgAAAA==[0m:flex-java-war:java:war:processResources UP-TO-DATE
[8mha:AAAAYB+LCAAAAAAAAABb85aBtbiIQSWjNKU4P0+vIKc0PTOvWC+9KDElJ1XPHUyFJBZn++WXpC7zV766aHPULSYGhooiBimoluT8vOJ8oFpnCA1SyAABjCCFBQDX67qaYgAAAA==[0m:flex-java-war:java:war:classes
Skipping task ':flex-java-war:java:war:classes' as it has no actions.
[8mha:AAAAYB+LCAAAAAAAAABb85aBtbiIQSWjNKU4P0+vIKc0PTOvWC+9KDElJ1XPHUyFJBZn++WXpC7zV766aHPULSYGhooiBimoluT8vOJ8oFpnCA1SyAABjCCFBQDX67qaYgAAAA==[0m:flex-java-war:java:war:classes UP-TO-DATE
[8mha:AAAAYB+LCAAAAAAAAABb85aBtbiIQSWjNKU4P0+vIKc0PTOvWC+9KDElJ1XPHUyFJBZn++WXpC7zV766aHPULSYGhooiBimoluT8vOJ8oFpnCA1SyAABjCCFBQDX67qaYgAAAA==[0m:flex-java-war:java:war:compileTestJava
Skipping task ':flex-java-war:java:war:compileTestJava' as it has no source files.
[8mha:AAAAYB+LCAAAAAAAAABb85aBtbiIQSWjNKU4P0+vIKc0PTOvWC+9KDElJ1XPHUyFJBZn++WXpC7zV766aHPULSYGhooiBimoluT8vOJ8oFpnCA1SyAABjCCFBQDX67qaYgAAAA==[0m:flex-java-war:java:war:compileTestJava UP-TO-DATE
[8mha:AAAAYB+LCAAAAAAAAABb85aBtbiIQSWjNKU4P0+vIKc0PTOvWC+9KDElJ1XPHUyFJBZn++WXpC7zV766aHPULSYGhooiBimoluT8vOJ8oFpnCA1SyAABjCCFBQDX67qaYgAAAA==[0m:flex-java-war:java:war:processTestResources
Skipping task ':flex-java-war:java:war:processTestResources' as it has no source files.
[8mha:AAAAYB+LCAAAAAAAAABb85aBtbiIQSWjNKU4P0+vIKc0PTOvWC+9KDElJ1XPHUyFJBZn++WXpC7zV766aHPULSYGhooiBimoluT8vOJ8oFpnCA1SyAABjCCFBQDX67qaYgAAAA==[0m:flex-java-war:java:war:processTestResources UP-TO-DATE
[8mha:AAAAYB+LCAAAAAAAAABb85aBtbiIQSWjNKU4P0+vIKc0PTOvWC+9KDElJ1XPHUyFJBZn++WXpC7zV766aHPULSYGhooiBimoluT8vOJ8oFpnCA1SyAABjCCFBQDX67qaYgAAAA==[0m:flex-java-war:java:war:testClasses
Skipping task ':flex-java-war:java:war:testClasses' as it has no actions.
[8mha:AAAAYB+LCAAAAAAAAABb85aBtbiIQSWjNKU4P0+vIKc0PTOvWC+9KDElJ1XPHUyFJBZn++WXpC7zV766aHPULSYGhooiBimoluT8vOJ8oFpnCA1SyAABjCCFBQDX67qaYgAAAA==[0m:flex-java-war:java:war:testClasses UP-TO-DATE
[8mha:AAAAYB+LCAAAAAAAAABb85aBtbiIQSWjNKU4P0+vIKc0PTOvWC+9KDElJ1XPHUyFJBZn++WXpC7zV766aHPULSYGhooiBimoluT8vOJ8oFpnCA1SyAABjCCFBQDX67qaYgAAAA==[0m:flex-java-war:java:war:test
file or directory '/var/lib/jenkins/workspace/GradleFx Testbed Build/flex-java-war/java/war/build/classes/test', not found
Executing task ':flex-java-war:java:war:test' due to:
  Output file /var/lib/jenkins/workspace/GradleFx Testbed Build/flex-java-war/java/war/build/reports/tests has changed.
  Output file /var/lib/jenkins/workspace/GradleFx Testbed Build/flex-java-war/java/war/build/test-results/binary/test has changed.
  Output file /var/lib/jenkins/workspace/GradleFx Testbed Build/flex-java-war/java/war/build/test-results has changed.
  Output file /var/lib/jenkins/workspace/GradleFx Testbed Build/flex-java-war/java/war/build/reports/tests/base-style.css has been removed.
  Output file /var/lib/jenkins/workspace/GradleFx Testbed Build/flex-java-war/java/war/build/test-results/binary/test/results.bin has been removed.
  Output file /var/lib/jenkins/workspace/GradleFx Testbed Build/flex-java-war/java/war/build/reports/tests/report.js has been removed.
  Output file /var/lib/jenkins/workspace/GradleFx Testbed Build/flex-java-war/java/war/build/reports/tests/index.html has been removed.
  Output file /var/lib/jenkins/workspace/GradleFx Testbed Build/flex-java-war/java/war/build/reports/tests/css3-pie-1.0beta3.htc has been removed.
  Output file /var/lib/jenkins/workspace/GradleFx Testbed Build/flex-java-war/java/war/build/reports/tests/style.css has been removed.
file or directory '/var/lib/jenkins/workspace/GradleFx Testbed Build/flex-java-war/java/war/build/classes/test', not found
Finished generating test XML results (0.0 secs)
Generating HTML test report...
Finished generating test html results (0.004 secs)
[8mha:AAAAYB+LCAAAAAAAAABb85aBtbiIQSWjNKU4P0+vIKc0PTOvWC+9KDElJ1XPHUyFJBZn++WXpC7zV766aHPULSYGhooiBimoluT8vOJ8oFpnCA1SyAABjCCFBQDX67qaYgAAAA==[0m:actionscript-only-project:copyresources
Task ':actionscript-only-project:copyresources' has not declared any outputs, assuming that it is out-of-date.
from /var/lib/jenkins/workspace/GradleFx Testbed Build/actionscript-only-project/src/main/resources to /var/lib/jenkins/workspace/GradleFx Testbed Build/actionscript-only-project/build
[8mha:AAAAYB+LCAAAAAAAAABb85aBtbiIQSWjNKU4P0+vIKc0PTOvWC+9KDElJ1XPHUyFJBZn++WXpC7zV766aHPULSYGhooiBimoluT8vOJ8oFpnCA1SyAABjCCFBQDX67qaYgAAAA==[0m:actionscript-only-project:compileFlex
Executing task ':actionscript-only-project:compileFlex' due to:
  Output file /var/lib/jenkins/workspace/GradleFx Testbed Build/actionscript-only-project/build has changed.
  Output file /var/lib/jenkins/workspace/GradleFx Testbed Build/actionscript-only-project/build/actionscript-only-project.swf has been removed.
Compiling with mxmlc
	+configname=flex
	-load-config=
	-external-library-path+=/var/lib/jenkins/dependencies/sdks/Flex4.6/frameworks/libs/player/{targetPlayerMajorVersion}.{targetPlayerMinorVersion}/playerglobal.swc
	-source-path+=/var/lib/jenkins/workspace/GradleFx Testbed Build/actionscript-only-project/src/main/actionscript
	-output=/var/lib/jenkins/workspace/GradleFx Testbed Build/actionscript-only-project/build/actionscript-only-project.swf
	/var/lib/jenkins/workspace/GradleFx Testbed Build/actionscript-only-project/src/main/actionscript/Main.as
[mxmlc] /var/lib/jenkins/workspace/GradleFx Testbed Build/actionscript-only-project/build/actionscript-only-project.swf (283 bytes)
[8mha:AAAAYB+LCAAAAAAAAABb85aBtbiIQSWjNKU4P0+vIKc0PTOvWC+9KDElJ1XPHUyFJBZn++WXpC7zV766aHPULSYGhooiBimoluT8vOJ8oFpnCA1SyAABjCCFBQDX67qaYgAAAA==[0m:air-single-project:copyresources
Task ':air-single-project:copyresources' has not declared any outputs, assuming that it is out-of-date.
from /var/lib/jenkins/workspace/GradleFx Testbed Build/air-single-project/src/main/resources to /var/lib/jenkins/workspace/GradleFx Testbed Build/air-single-project/build
[8mha:AAAAYB+LCAAAAAAAAABb85aBtbiIQSWjNKU4P0+vIKc0PTOvWC+9KDElJ1XPHUyFJBZn++WXpC7zV766aHPULSYGhooiBimoluT8vOJ8oFpnCA1SyAABjCCFBQDX67qaYgAAAA==[0m:air-single-project:compileFlex
Executing task ':air-single-project:compileFlex' due to:
  Output file /var/lib/jenkins/workspace/GradleFx Testbed Build/air-single-project/build/charts_4.9.1.1447119.swf has been removed.
  Output file /var/lib/jenkins/workspace/GradleFx Testbed Build/air-single-project/build/spark_dmv_4.9.1.1447119.swf has been removed.
  Output file /var/lib/jenkins/workspace/GradleFx Testbed Build/air-single-project/build/advancedgrids_4.9.1.1447119.swf has been removed.
  Output file /var/lib/jenkins/workspace/GradleFx Testbed Build/air-single-project/build/air-single-project.swf has been removed.
  Output file /var/lib/jenkins/workspace/GradleFx Testbed Build/air-single-project/build/mx_4.9.1.1447119.swf has been removed.
  Output file /var/lib/jenkins/workspace/GradleFx Testbed Build/air-single-project/build/spark_4.9.1.1447119.swf has been removed.
  Output file /var/lib/jenkins/workspace/GradleFx Testbed Build/air-single-project/build/textLayout_4.9.1.1447119.swf has been removed.
  Output file /var/lib/jenkins/workspace/GradleFx Testbed Build/air-single-project/build/rpc_4.9.1.1447119.swf has been removed.
  Output file /var/lib/jenkins/workspace/GradleFx Testbed Build/air-single-project/build/framework_4.9.1.1447119.swf has been removed.
  Output file /var/lib/jenkins/workspace/GradleFx Testbed Build/air-single-project/build/sparkskins_4.9.1.1447119.swf has been removed.
Compiling with mxmlc
	+configname=air
	-source-path+=/var/lib/jenkins/workspace/GradleFx Testbed Build/air-single-project/src/main/actionscript
	-library-path+=/var/lib/jenkins/.gradle/caches/artifacts-24/filestore/org.as3commons/as3commons-lang/0.3.2/swc/727bc6546e79c3bb63ccc939b7ebefa1a1ae03c6/as3commons-lang-0.3.2.swc
	-output=/var/lib/jenkins/workspace/GradleFx Testbed Build/air-single-project/build/air-single-project.swf
	/var/lib/jenkins/workspace/GradleFx Testbed Build/air-single-project/src/main/actionscript/Main.mxml
[mxmlc] Loading configuration file /var/lib/jenkins/.gradle/gradleFx/sdks/e9231c6b8603e063b49cf4b5647ed773aacdb659/frameworks/air-config.xml
/var/lib/jenkins/workspace/GradleFx Testbed Build/air-single-project/build/reports/TestRunner.swf (709547 bytes)
[8mha:AAAAYB+LCAAAAAAAAABb85aBtbiIQSWjNKU4P0+vIKc0PTOvWC+9KDElJ1XPHUyFJBZn++WXpC7zV766aHPULSYGhooiBimoluT8vOJ8oFpnCA1SyAABjCCFBQDX67qaYgAAAA==[0m:flexunit-single-project:compileFlex
Executing task ':flexunit-single-project:compileFlex' due to:
  Output file /var/lib/jenkins/workspace/GradleFx Testbed Build/flexunit-single-project/build/flexunit-single-project.swc has been removed.
Compiling with compc
	-runtime-shared-library-path=
	-external-library-path+=/var/lib/jenkins/dependencies/sdks/Flex4.6/frameworks/libs/framework.swc
	-external-library-path+=/var/lib/jenkins/dependencies/sdks/Flex4.6/frameworks/libs/textLayout.swc
	-external-library-path+=/var/lib/jenkins/dependencies/sdks/Flex4.6/frameworks/libs/spark.swc
	-external-library-path+=/var/lib/jenkins/dependencies/sdks/Flex4.6/frameworks/libs/sparkskins.swc
	-external-library-path+=/var/lib/jenkins/dependencies/sdks/Flex4.6/frameworks/libs/rpc.swc
	-external-library-path+=/var/lib/jenkins/dependencies/sdks/Flex4.6/frameworks/libs/charts.swc
	-external-library-path+=/var/lib/jenkins/dependencies/sdks/Flex4.6/frameworks/libs/spark_dmv.swc
	-external-library-path+=/var/lib/jenkins/dependencies/sdks/Flex4.6/frameworks/libs/osmf.swc
	-external-library-path+=/var/lib/jenkins/dependencies/sdks/Flex4.6/frameworks/libs/mx/mx.swc
	-external-library-path+=/var/lib/jenkins/dependencies/sdks/Flex4.6/frameworks/libs/advancedgrids.swc
	-source-path+=/var/lib/jenkins/workspace/GradleFx Testbed Build/flexunit-single-project/src/main/actionscript
	-include-sources+=/var/lib/jenkins/workspace/GradleFx Testbed Build/flexunit-single-project/src/main/actionscript
	-include-lookup-only=false
	-output=/var/lib/jenkins/workspace/GradleFx Testbed Build/flexunit-single-project/build/flexunit-single-project.swc
[compc] Loading configuration file /var/lib/jenkins/dependencies/sdks/Flex4.6/frameworks/flex-config.xml
/var/lib/jenkins/workspace/GradleFx Testbed Build/flexunit-single-project/build/flexunit-single-project.swc (2018 bytes)
[8mha:AAAAYB+LCAAAAAAAAABb85aBtbiIQSWjNKU4P0+vIKc0PTOvWC+9KDElJ1XPHUyFJBZn++WXpC7zV766aHPULSYGhooiBimoluT8vOJ8oFpnCA1SyAABjCCFBQDX67qaYgAAAA==[0m:multiproject-all-conventions:util:compileFlex
Executing task ':multiproject-all-conventions:util:compileFlex' due to:
  Output file /var/lib/jenkins/workspace/GradleFx Testbed Build/multiproject-all-conventions/util/build has changed.
  Output file /var/lib/jenkins/workspace/GradleFx Testbed Build/multiproject-all-conventions/util/build/util.swc has been removed.
Resource missing. [HTTP GET: http://repo1.maven.org/maven2/org/springextensions/actionscript/spring-actionscript-core/1.2-SNAPSHOT/maven-metadata.xml]
Resource missing. [HTTP HEAD: http://repo1.maven.org/maven2/org/springextensions/actionscript/spring-actionscript-core/1.2-SNAPSHOT/spring-actionscript-core-1.2-SNAPSHOT.pom]
Resource missing. [HTTP HEAD: http://repo1.maven.org/maven2/org/springextensions/actionscript/spring-actionscript-core/1.2-SNAPSHOT/spring-actionscript-core-1.2-SNAPSHOT.swc]
Resource missing. [HTTP GET: http://projects.yoolab.org/maven/content/repositories/releases/org/springextensions/actionscript/spring-actionscript-core/1.2-SNAPSHOT/maven-metadata.xml]
Resource missing. [HTTP HEAD: http://projects.yoolab.org/maven/content/repositories/releases/org/springextensions/actionscript/spring-actionscript-core/1.2-SNAPSHOT/spring-actionscript-core-1.2-SNAPSHOT.pom]
Resource missing. [HTTP HEAD: http://projects.yoolab.org/maven/content/repositories/releases/org/springextensions/actionscript/spring-actionscript-core/1.2-SNAPSHOT/spring-actionscript-core-1.2-SNAPSHOT.swc]
Cached resource is up-to-date (lastModified: Sun Jun 19 15:58:52 CEST 2011). [HTTP: http://projects.yoolab.org/maven/content/repositories/snapshots/org/springextensions/actionscript/spring-actionscript-core/1.2-SNAPSHOT/spring-actionscript-core-1.2-20110619.135822-9.pom]
Resource missing. [HTTP GET: http://repo1.maven.org/maven2/org/springextensions/actionscript/spring-actionscript-superpom/1.2-SNAPSHOT/maven-metadata.xml]
Resource missing. [HTTP HEAD: http://repo1.maven.org/maven2/org/springextensions/actionscript/spring-actionscript-superpom/1.2-SNAPSHOT/spring-actionscript-superpom-1.2-SNAPSHOT.pom]
Resource missing. [HTTP HEAD: http://repo1.maven.org/maven2/org/springextensions/actionscript/spring-actionscript-superpom/1.2-SNAPSHOT/spring-actionscript-superpom-1.2-SNAPSHOT.jar]
Resource missing. [HTTP GET: http://projects.yoolab.org/maven/content/repositories/releases/org/springextensions/actionscript/spring-actionscript-superpom/1.2-SNAPSHOT/maven-metadata.xml]
Resource missing. [HTTP HEAD: http://projects.yoolab.org/maven/content/repositories/releases/org/springextensions/actionscript/spring-actionscript-superpom/1.2-SNAPSHOT/spring-actionscript-superpom-1.2-SNAPSHOT.pom]
Resource missing. [HTTP HEAD: http://projects.yoolab.org/maven/content/repositories/releases/org/springextensions/actionscript/spring-actionscript-superpom/1.2-SNAPSHOT/spring-actionscript-superpom-1.2-SNAPSHOT.jar]
Cached resource is up-to-date (lastModified: Thu Oct 28 13:36:17 CEST 2010). [HTTP: http://projects.yoolab.org/maven/content/repositories/snapshots/org/springextensions/actionscript/spring-actionscript-superpom/1.2-SNAPSHOT/spring-actionscript-superpom-1.2-20101028.113613-1.pom]
Resource missing. [HTTP HEAD: http://projects.yoolab.org/maven/content/repositories/snapshots/org/springextensions/actionscript/spring-actionscript-superpom/1.2-SNAPSHOT/spring-actionscript-superpom-1.2-20101028.113613-1.jar]
Relying on packaging to define the extension of the main artifact has been deprecated and is scheduled to be removed in Gradle 2.0
Resource missing. [HTTP HEAD: http://repo1.maven.org/maven2/org/as3commons/as3commons-collections/1.1/as3commons-collections-1.1.pom]
Resource missing. [HTTP HEAD: http://repo1.maven.org/maven2/org/as3commons/as3commons-collections/1.1/as3commons-collections-1.1.swc]
Resource missing. [HTTP HEAD: http://repo1.maven.org/maven2/org/as3commons/as3commons-lang/0.3.2/as3commons-lang-0.3.2.pom]
Resource missing. [HTTP HEAD: http://repo1.maven.org/maven2/org/as3commons/as3commons-lang/0.3.2/as3commons-lang-0.3.2.swc]
Cached resource is up-to-date (lastModified: Sun Jun 19 15:58:36 CEST 2011). [HTTP: http://projects.yoolab.org/maven/content/repositories/snapshots/org/springextensions/actionscript/spring-actionscript-core/1.2-SNAPSHOT/spring-actionscript-core-1.2-20110619.135822-9.swc]
Compiling with compc
	-runtime-shared-library-path=
	-external-library-path+=/var/lib/jenkins/dependencies/sdks/Flex4.6/frameworks/libs/framework.swc
	-external-library-path+=/var/lib/jenkins/dependencies/sdks/Flex4.6/frameworks/libs/textLayout.swc
	-external-library-path+=/var/lib/jenkins/dependencies/sdks/Flex4.6/frameworks/libs/spark.swc
	-external-library-path+=/var/lib/jenkins/dependencies/sdks/Flex4.6/frameworks/libs/sparkskins.swc
	-external-library-path+=/var/lib/jenkins/dependencies/sdks/Flex4.6/frameworks/libs/rpc.swc
	-external-library-path+=/var/lib/jenkins/dependencies/sdks/Flex4.6/frameworks/libs/charts.swc
	-external-library-path+=/var/lib/jenkins/dependencies/sdks/Flex4.6/frameworks/libs/spark_dmv.swc
	-external-library-path+=/var/lib/jenkins/dependencies/sdks/Flex4.6/frameworks/libs/osmf.swc
	-external-library-path+=/var/lib/jenkins/dependencies/sdks/Flex4.6/frameworks/libs/mx/mx.swc
	-external-library-path+=/var/lib/jenkins/dependencies/sdks/Flex4.6/frameworks/libs/advancedgrids.swc
	-source-path+=/var/lib/jenkins/workspace/GradleFx Testbed Build/multiproject-all-conventions/util/src/main/actionscript
	-include-sources+=/var/lib/jenkins/workspace/GradleFx Testbed Build/multiproject-all-conventions/util/src/main/actionscript
	-external-library-path+=/var/lib/jenkins/.gradle/caches/artifacts-24/filestore/org.springextensions.actionscript/spring-actionscript-core/1.2-SNAPSHOT/swc/77a138a127ce33f7bea9ba3ab0ede43fd23845d5/spring-actionscript-core-1.2-SNAPSHOT.swc
	-external-library-path+=/var/lib/jenkins/.gradle/caches/artifacts-24/filestore/org.as3commons/as3commons-collections/1.1/swc/6f1afabb411dd065b8caae24d9886a8a268b5fbf/as3commons-collections-1.1.swc
	-external-library-path+=/var/lib/jenkins/.gradle/caches/artifacts-24/filestore/org.as3commons/as3commons-lang/0.3.2/swc/727bc6546e79c3bb63ccc939b7ebefa1a1ae03c6/as3commons-lang-0.3.2.swc
	-external-library-path+=/var/lib/jenkins/.gradle/caches/artifacts-24/filestore/org.graniteds/granite-swc/2.2.0.SP1/swc/9d925fb9da7d66ebe45578da4e5ad04161f89ffa/granite-swc-2.2.0.SP1.swc
	-external-library-path+=/var/lib/jenkins/.gradle/caches/artifacts-24/filestore/org.graniteds/granite-essentials-swc/2.2.0.SP1/swc/bc19d391f529458acb5864accad6ff2f51793261/granite-essentials-swc-2.2.0.SP1.swc
	-output=/var/lib/jenkins/workspace/GradleFx Testbed Build/multiproject-all-conventions/util/build/util.swc
[compc] Loading configuration file /var/lib/jenkins/dependencies/sdks/Flex4.6/frameworks/flex-config.xml
/var/lib/jenkins/workspace/GradleFx Testbed Build/multiproject-all-conventions/util/build/util.swc (2006 bytes)
[8mha:AAAAYB+LCAAAAAAAAABb85aBtbiIQSWjNKU4P0+vIKc0PTOvWC+9KDElJ1XPHUyFJBZn++WXpC7zV766aHPULSYGhooiBimoluT8vOJ8oFpnCA1SyAABjCCFBQDX67qaYgAAAA==[0m:merge-swc-packages:domain:compileFlex
Executing task ':merge-swc-packages:domain:compileFlex' due to:
  Output file /var/lib/jenkins/workspace/GradleFx Testbed Build/merge-swc-packages/domain/build has changed.
  Output file /var/lib/jenkins/workspace/GradleFx Testbed Build/merge-swc-packages/domain/build/domain-0.1.swc has been removed.
Compiling with compc
	-runtime-shared-library-path=
	-external-library-path+=/var/lib/jenkins/dependencies/sdks/Flex4.6/frameworks/libs/framework.swc
	-external-library-path+=/var/lib/jenkins/dependencies/sdks/Flex4.6/frameworks/libs/textLayout.swc
	-external-library-path+=/var/lib/jenkins/dependencies/sdks/Flex4.6/frameworks/libs/spark.swc
	-external-library-path+=/var/lib/jenkins/dependencies/sdks/Flex4.6/frameworks/libs/sparkskins.swc
	-external-library-path+=/var/lib/jenkins/dependencies/sdks/Flex4.6/frameworks/libs/rpc.swc
	-external-library-path+=/var/lib/jenkins/dependencies/sdks/Flex4.6/frameworks/libs/charts.swc
	-external-library-path+=/var/lib/jenkins/dependencies/sdks/Flex4.6/frameworks/libs/spark_dmv.swc
	-external-library-path+=/var/lib/jenkins/dependencies/sdks/Flex4.6/frameworks/libs/osmf.swc
	-external-library-path+=/var/lib/jenkins/dependencies/sdks/Flex4.6/frameworks/libs/mx/mx.swc
	-external-library-path+=/var/lib/jenkins/dependencies/sdks/Flex4.6/frameworks/libs/advancedgrids.swc
	-source-path+=/var/lib/jenkins/workspace/GradleFx Testbed Build/merge-swc-packages/domain/src/main/actionscript
	-include-sources+=/var/lib/jenkins/workspace/GradleFx Testbed Build/merge-swc-packages/domain/src/main/actionscript
	-include-file
	test.txt
	/var/lib/jenkins/workspace/GradleFx Testbed Build/merge-swc-packages/domain/src/main/resources/test.txt
	-external-library-path+=/var/lib/jenkins/.gradle/caches/artifacts-24/filestore/org.springextensions.actionscript/spring-actionscript-core/1.2-SNAPSHOT/swc/77a138a127ce33f7bea9ba3ab0ede43fd23845d5/spring-actionscript-core-1.2-SNAPSHOT.swc
	-external-library-path+=/var/lib/jenkins/.gradle/caches/artifacts-24/filestore/org.as3commons/as3commons-collections/1.1/swc/6f1afabb411dd065b8caae24d9886a8a268b5fbf/as3commons-collections-1.1.swc
	-external-library-path+=/var/lib/jenkins/.gradle/caches/artifacts-24/filestore/org.as3commons/as3commons-lang/0.3.2/swc/727bc6546e79c3bb63ccc939b7ebefa1a1ae03c6/as3commons-lang-0.3.2.swc
	-external-library-path+=/var/lib/jenkins/.gradle/caches/artifacts-24/filestore/org.graniteds/granite-swc/2.2.0.SP1/swc/9d925fb9da7d66ebe45578da4e5ad04161f89ffa/granite-swc-2.2.0.SP1.swc
	-external-library-path+=/var/lib/jenkins/.gradle/caches/artifacts-24/filestore/org.graniteds/granite-essentials-swc/2.2.0.SP1/swc/bc19d391f529458acb5864accad6ff2f51793261/granite-essentials-swc-2.2.0.SP1.swc
	-external-library-path+=/var/lib/jenkins/workspace/GradleFx Testbed Build/multiproject-all-conventions/util/build/util.swc
	-output=/var/lib/jenkins/workspace/GradleFx Testbed Build/merge-swc-packages/domain/build/domain-0.1.swc
[compc] Loading configuration file /var/lib/jenkins/dependencies/sdks/Flex4.6/frameworks/flex-config.xml
/var/lib/jenkins/workspace/GradleFx Testbed Build/merge-swc-packages/domain/build/domain-0.1.swc (2103 bytes)
[8mha:AAAAYB+LCAAAAAAAAABb85aBtbiIQSWjNKU4P0+vIKc0PTOvWC+9KDElJ1XPHUyFJBZn++WXpC7zV766aHPULSYGhooiBimoluT8vOJ8oFpnCA1SyAABjCCFBQDX67qaYgAAAA==[0m:merge-swc-packages:util:compileFlex
Executing task ':merge-swc-packages:util:compileFlex' due to:
  Output file /var/lib/jenkins/workspace/GradleFx Testbed Build/merge-swc-packages/util/build has changed.
  Output file /var/lib/jenkins/workspace/GradleFx Testbed Build/merge-swc-packages/util/build/util-0.1.swc has been removed.
Compiling with compc
	-runtime-shared-library-path=
	-external-library-path+=/var/lib/jenkins/dependencies/sdks/Flex4.6/frameworks/libs/framework.swc
	-external-library-path+=/var/lib/jenkins/dependencies/sdks/Flex4.6/frameworks/libs/textLayout.swc
	-external-library-path+=/var/lib/jenkins/dependencies/sdks/Flex4.6/frameworks/libs/spark.swc
	-external-library-path+=/var/lib/jenkins/dependencies/sdks/Flex4.6/frameworks/libs/sparkskins.swc
	-external-library-path+=/var/lib/jenkins/dependencies/sdks/Flex4.6/frameworks/libs/rpc.swc
	-external-library-path+=/var/lib/jenkins/dependencies/sdks/Flex4.6/frameworks/libs/charts.swc
	-external-library-path+=/var/lib/jenkins/dependencies/sdks/Flex4.6/frameworks/libs/spark_dmv.swc
	-external-library-path+=/var/lib/jenkins/dependencies/sdks/Flex4.6/frameworks/libs/osmf.swc
	-external-library-path+=/var/lib/jenkins/dependencies/sdks/Flex4.6/frameworks/libs/mx/mx.swc
	-external-library-path+=/var/lib/jenkins/dependencies/sdks/Flex4.6/frameworks/libs/advancedgrids.swc
	-source-path+=/var/lib/jenkins/workspace/GradleFx Testbed Build/merge-swc-packages/util/src/main/actionscript
	-include-sources+=/var/lib/jenkins/workspace/GradleFx Testbed Build/merge-swc-packages/util/src/main/actionscript
	-external-library-path+=/var/lib/jenkins/.gradle/caches/artifacts-24/filestore/org.springextensions.actionscript/spring-actionscript-core/1.2-SNAPSHOT/swc/77a138a127ce33f7bea9ba3ab0ede43fd23845d5/spring-actionscript-core-1.2-SNAPSHOT.swc
	-external-library-path+=/var/lib/jenkins/.gradle/caches/artifacts-24/filestore/org.as3commons/as3commons-collections/1.1/swc/6f1afabb411dd065b8caae24d9886a8a268b5fbf/as3commons-collections-1.1.swc
	-external-library-path+=/var/lib/jenkins/.gradle/caches/artifacts-24/filestore/org.as3commons/as3commons-lang/0.3.2/swc/727bc6546e79c3bb63ccc939b7ebefa1a1ae03c6/as3commons-lang-0.3.2.swc
	-external-library-path+=/var/lib/jenkins/.gradle/caches/artifacts-24/filestore/org.graniteds/granite-swc/2.2.0.SP1/swc/9d925fb9da7d66ebe45578da4e5ad04161f89ffa/granite-swc-2.2.0.SP1.swc
	-external-library-path+=/var/lib/jenkins/.gradle/caches/artifacts-24/filestore/org.graniteds/granite-essentials-swc/2.2.0.SP1/swc/bc19d391f529458acb5864accad6ff2f51793261/granite-essentials-swc-2.2.0.SP1.swc
	-output=/var/lib/jenkins/workspace/GradleFx Testbed Build/merge-swc-packages/util/build/util-0.1.swc
[compc] Loading configuration file /var/lib/jenkins/dependencies/sdks/Flex4.6/frameworks/flex-config.xml
/var/lib/jenkins/workspace/GradleFx Testbed Build/merge-swc-packages/util/build/util-0.1.swc (1999 bytes)
[8mha:AAAAYB+LCAAAAAAAAABb85aBtbiIQSWjNKU4P0+vIKc0PTOvWC+9KDElJ1XPHUyFJBZn++WXpC7zV766aHPULSYGhooiBimoluT8vOJ8oFpnCA1SyAABjCCFBQDX67qaYgAAAA==[0m:merge-swc-packages:compileFlex
Executing task ':merge-swc-packages:compileFlex' due to:
  Output file /var/lib/jenkins/workspace/GradleFx Testbed Build/merge-swc-packages/build has changed.
  Output file /var/lib/jenkins/workspace/GradleFx Testbed Build/merge-swc-packages/build/combinedPackage-0.1.swc has been removed.
Compiling with compc
	-runtime-shared-library-path=
	-external-library-path+=/var/lib/jenkins/dependencies/sdks/Flex4.6/frameworks/libs/framework.swc
	-external-library-path+=/var/lib/jenkins/dependencies/sdks/Flex4.6/frameworks/libs/textLayout.swc
	-external-library-path+=/var/lib/jenkins/dependencies/sdks/Flex4.6/frameworks/libs/spark.swc
	-external-library-path+=/var/lib/jenkins/dependencies/sdks/Flex4.6/frameworks/libs/sparkskins.swc
	-external-library-path+=/var/lib/jenkins/dependencies/sdks/Flex4.6/frameworks/libs/rpc.swc
	-external-library-path+=/var/lib/jenkins/dependencies/sdks/Flex4.6/frameworks/libs/charts.swc
	-external-library-path+=/var/lib/jenkins/dependencies/sdks/Flex4.6/frameworks/libs/spark_dmv.swc
	-external-library-path+=/var/lib/jenkins/dependencies/sdks/Flex4.6/frameworks/libs/osmf.swc
	-external-library-path+=/var/lib/jenkins/dependencies/sdks/Flex4.6/frameworks/libs/mx/mx.swc
	-external-library-path+=/var/lib/jenkins/dependencies/sdks/Flex4.6/frameworks/libs/advancedgrids.swc
	-include-libraries+=/var/lib/jenkins/workspace/GradleFx Testbed Build/merge-swc-packages/util/build/util-0.1.swc
	-include-libraries+=/var/lib/jenkins/workspace/GradleFx Testbed Build/merge-swc-packages/domain/build/domain-0.1.swc
	-output=/var/lib/jenkins/workspace/GradleFx Testbed Build/merge-swc-packages/build/combinedPackage-0.1.swc
[compc] Loading configuration file /var/lib/jenkins/dependencies/sdks/Flex4.6/frameworks/flex-config.xml
/var/lib/jenkins/workspace/GradleFx Testbed Build/merge-swc-packages/build/combinedPackage-0.1.swc (2646 bytes)
[8mha:AAAAYB+LCAAAAAAAAABb85aBtbiIQSWjNKU4P0+vIKc0PTOvWC+9KDElJ1XPHUyFJBZn++WXpC7zV766aHPULSYGhooiBimoluT8vOJ8oFpnCA1SyAABjCCFBQDX67qaYgAAAA==[0m:flashbuilder-integration:fb-air-fx:copyresources
Task ':flashbuilder-integration:fb-air-fx:copyresources' has not declared any outputs, assuming that it is out-of-date.
from /var/lib/jenkins/workspace/GradleFx Testbed Build/flashbuilder-integration/fb-air-fx/src/main/resources to /var/lib/jenkins/workspace/GradleFx Testbed Build/flashbuilder-integration/fb-air-fx/build
[8mha:AAAAYB+LCAAAAAAAAABb85aBtbiIQSWjNKU4P0+vIKc0PTOvWC+9KDElJ1XPHUyFJBZn++WXpC7zV766aHPULSYGhooiBimoluT8vOJ8oFpnCA1SyAABjCCFBQDX67qaYgAAAA==[0m:flashbuilder-integration:fb-air-fx:compileFlex
Executing task ':flashbuilder-integration:fb-air-fx:compileFlex' due to:
  Output file /var/lib/jenkins/workspace/GradleFx Testbed Build/flashbuilder-integration/fb-air-fx/build has changed.
  Output file /var/lib/jenkins/workspace/GradleFx Testbed Build/flashbuilder-integration/fb-air-fx/build/charts_4.6.0.23201.swz has been removed.
  Output file /var/lib/jenkins/workspace/GradleFx Testbed Build/flashbuilder-integration/fb-air-fx/build/fb-air-fx.swf has been removed.
  Output file /var/lib/jenkins/workspace/GradleFx Testbed Build/flashbuilder-integration/fb-air-fx/build/textLayout_2.0.0.232.swz has been removed.
  Output file /var/lib/jenkins/workspace/GradleFx Testbed Build/flashbuilder-integration/fb-air-fx/build/osmf_1.0.0.16316.swz has been removed.
  Output file /var/lib/jenkins/workspace/GradleFx Testbed Build/flashbuilder-integration/fb-air-fx/build/sparkskins_4.6.0.23201.swz has been removed.
  Output file /var/lib/jenkins/workspace/GradleFx Testbed Build/flashbuilder-integration/fb-air-fx/build/spark_4.6.0.23201.swz has been removed.
  Output file /var/lib/jenkins/workspace/GradleFx Testbed Build/flashbuilder-integration/fb-air-fx/build/spark_dmv_4.6.0.23201.swz has been removed.
  Output file /var/lib/jenkins/workspace/GradleFx Testbed Build/flashbuilder-integration/fb-air-fx/build/advancedgrids_4.6.0.23201.swz has been removed.
  Output file /var/lib/jenkins/workspace/GradleFx Testbed Build/flashbuilder-integration/fb-air-fx/build/rpc_4.6.0.23201.swz has been removed.
Compiling with mxmlc
	+configname=air
	-source-path+=/var/lib/jenkins/workspace/GradleFx Testbed Build/flashbuilder-integration/fb-air-fx/src/main/actionscript
	-output=/var/lib/jenkins/workspace/GradleFx Testbed Build/flashbuilder-integration/fb-air-fx/build/fb-air-fx.swf
	/var/lib/jenkins/workspace/GradleFx Testbed Build/flashbuilder-integration/fb-air-fx/src/main/actionscript/Main.mxml
[mxmlc] Loading configuration file /var/lib/jenkins/dependencies/sdks/Flex4.6/frameworks/air-config.xml
/var/lib/jenkins/workspace/GradleFx Testbed Build/flashbuilder-integration/fb-air-fx/build/fb-air-fx.swf (407339 bytes)
[8mha:AAAAYB+LCAAAAAAAAABb85aBtbiIQSWjNKU4P0+vIKc0PTOvWC+9KDElJ1XPHUyFJBZn++WXpC7zV766aHPULSYGhooiBimoluT8vOJ8oFpnCA1SyAABjCCFBQDX67qaYgAAAA==[0m:flashbuilder-integration:fb-mobile-as:copyresources
Task ':flashbuilder-integration:fb-mobile-as:copyresources' has not declared any outputs, assuming that it is out-of-date.
from /var/lib/jenkins/workspace/GradleFx Testbed Build/flashbuilder-integration/fb-mobile-as/src/main/resources to /var/lib/jenkins/workspace/GradleFx Testbed Build/flashbuilder-integration/fb-mobile-as/build
[8mha:AAAAYB+LCAAAAAAAAABb85aBtbiIQSWjNKU4P0+vIKc0PTOvWC+9KDElJ1XPHUyFJBZn++WXpC7zV766aHPULSYGhooiBimoluT8vOJ8oFpnCA1SyAABjCCFBQDX67qaYgAAAA==[0m:flashbuilder-integration:fb-mobile-as:compileFlex
Executing task ':flashbuilder-integration:fb-mobile-as:compileFlex' due to:
  Output file /var/lib/jenkins/workspace/GradleFx Testbed Build/flashbuilder-integration/fb-mobile-as/build has changed.
  Output file /var/lib/jenkins/workspace/GradleFx Testbed Build/flashbuilder-integration/fb-mobile-as/build/fb-mobile-as.swf has been removed.
WARNING: The -external-library-path option is being used internally by GradleFx. Alternative: specify the library as an 'external' Gradle dependendency
Compiling with mxmlc
	+configname=airmobile
	-load-config=
	-external-library-path+=/var/lib/jenkins/dependencies/sdks/Flex4.6/frameworks/
	-source-path+=/var/lib/jenkins/workspace/GradleFx Testbed Build/flashbuilder-integration/fb-mobile-as/src/main/actionscript
	-external-library-path+=libs/player/{targetPlayerMajorVersion}.{targetPlayerMinorVersion}/playerglobal.swc
	-output=/var/lib/jenkins/workspace/GradleFx Testbed Build/flashbuilder-integration/fb-mobile-as/build/fb-mobile-as.swf
	/var/lib/jenkins/workspace/GradleFx Testbed Build/flashbuilder-integration/fb-mobile-as/src/main/actionscript/Main.as
[ant:java] : java.io.IOException: Cannot run program "/usr/lib/jvm/java-6-openjdk/jre/bin/java" (in directory "/var/lib/jenkins/dependencies/sdks/Flex4.6/frameworks"): java.io.IOException: error=12, Cannot allocate memory
	at org.apache.tools.ant.taskdefs.Java.fork(Java.java:798)
	at org.apache.tools.ant.taskdefs.Java.executeJava(Java.java:214)
	at org.apache.tools.ant.taskdefs.Java.executeJava(Java.java:135)
	at org.apache.tools.ant.taskdefs.Java.execute(Java.java:108)
	at org.apache.tools.ant.UnknownElement.execute(UnknownElement.java:291)
	at sun.reflect.GeneratedMethodAccessor184.invoke(Unknown Source)
	at sun.reflect.DelegatingMethodAccessorImpl.invoke(DelegatingMethodAccessorImpl.java:43)
	at java.lang.reflect.Method.invoke(Method.java:616)
	at org.apache.tools.ant.dispatch.DispatchUtils.execute(DispatchUtils.java:106)
	at groovy.util.AntBuilder.performTask(AntBuilder.java:260)
	at groovy.util.AntBuilder.nodeCompleted(AntBuilder.java:220)
	at org.gradle.api.internal.project.ant.BasicAntBuilder.nodeCompleted(BasicAntBuilder.java:71)
	at groovy.util.BuilderSupport.doInvokeMethod(BuilderSupport.java:147)
	at groovy.util.AntBuilder.doInvokeMethod(AntBuilder.java:170)
	at org.gradle.api.internal.project.ant.BasicAntBuilder.doInvokeMethod(BasicAntBuilder.java:86)
	at groovy.util.BuilderSupport.invokeMethod(BuilderSupport.java:64)
	at org.gradle.api.internal.project.DefaultAntBuilder.super$3$invokeMethod(DefaultAntBuilder.groovy)
	at sun.reflect.GeneratedMethodAccessor180.invoke(Unknown Source)
	at sun.reflect.DelegatingMethodAccessorImpl.invoke(DelegatingMethodAccessorImpl.java:43)
	at java.lang.reflect.Method.invoke(Method.java:616)
	at org.codehaus.groovy.reflection.CachedMethod.invoke(CachedMethod.java:90)
	at groovy.lang.MetaMethod.doMethodInvoke(MetaMethod.java:233)
	at groovy.lang.MetaClassImpl.invokeMethod(MetaClassImpl.java:1047)
	at org.codehaus.groovy.runtime.ScriptBytecodeAdapter.invokeMethodOnSuperN(ScriptBytecodeAdapter.java:128)
	at org.gradle.api.internal.project.DefaultAntBuilder.invokeMethod(DefaultAntBuilder.groovy:37)
	at org.codehaus.groovy.runtime.callsite.PogoMetaClassSite.call(PogoMetaClassSite.java:45)
	at org.codehaus.groovy.runtime.callsite.AbstractCallSite.call(AbstractCallSite.java:120)
	at org.gradlefx.cli.CommandLineInstruction.execute(CommandLineInstruction.groovy:194)
	at org.gradlefx.cli.CommandLineInstruction$execute.call(Unknown Source)
	at org.gradlefx.tasks.compile.Mxmlc.compileFlex(Mxmlc.groovy:39)
	at org.gradlefx.tasks.compile.CompileTask$compileFlex.call(Unknown Source)
	at org.gradlefx.tasks.compile.Compile.compileFlex(Compile.groovy:56)
	at sun.reflect.NativeMethodAccessorImpl.invoke0(Native Method)
	at sun.reflect.NativeMethodAccessorImpl.invoke(NativeMethodAccessorImpl.java:57)
	at sun.reflect.DelegatingMethodAccessorImpl.invoke(DelegatingMethodAccessorImpl.java:43)
	at java.lang.reflect.Method.invoke(Method.java:616)
	at org.codehaus.groovy.reflection.CachedMethod.invoke(CachedMethod.java:90)
	at groovy.lang.MetaMethod.doMethodInvoke(MetaMethod.java:233)
	at groovy.lang.MetaClassImpl.invokeMethod(MetaClassImpl.java:1047)
	at groovy.lang.MetaClassImpl.invokeMethod(MetaClassImpl.java:877)
	at org.gradle.api.internal.BeanDynamicObject$MetaClassAdapter.invokeMethod(BeanDynamicObject.java:216)
	at org.gradle.api.internal.BeanDynamicObject.invokeMethod(BeanDynamicObject.java:122)
	at org.gradle.api.internal.CompositeDynamicObject.invokeMethod(CompositeDynamicObject.java:147)
	at org.gradlefx.tasks.compile.Compile_Decorated.invokeMethod(Unknown Source)
	at groovy.lang.GroovyObject$invokeMethod.call(Unknown Source)
	at org.codehaus.groovy.runtime.callsite.CallSiteArray.defaultCall(CallSiteArray.java:42)
	at groovy.lang.GroovyObject$invokeMethod.call(Unknown Source)
	at org.gradle.util.ReflectionUtil.invoke(ReflectionUtil.groovy:23)
	at org.gradle.api.internal.project.taskfactory.AnnotationProcessingTaskFactory$StandardTaskAction.doExecute(AnnotationProcessingTaskFactory.java:217)
	at org.gradle.api.internal.project.taskfactory.AnnotationProcessingTaskFactory$StandardTaskAction.execute(AnnotationProcessingTaskFactory.java:210)
	at org.gradle.api.internal.project.taskfactory.AnnotationProcessingTaskFactory$StandardTaskAction.execute(AnnotationProcessingTaskFactory.java:199)
	at org.gradle.api.internal.AbstractTask$TaskActionWrapper.execute(AbstractTask.java:526)
	at org.gradle.api.internal.AbstractTask$TaskActionWrapper.execute(AbstractTask.java:509)
	at org.gradle.api.internal.tasks.execution.ExecuteActionsTaskExecuter.executeAction(ExecuteActionsTaskExecuter.java:80)
	at org.gradle.api.internal.tasks.execution.ExecuteActionsTaskExecuter.executeActions(ExecuteActionsTaskExecuter.java:61)
	at org.gradle.api.internal.tasks.execution.ExecuteActionsTaskExecuter.execute(ExecuteActionsTaskExecuter.java:46)
	at org.gradle.api.internal.tasks.execution.PostExecutionAnalysisTaskExecuter.execute(PostExecutionAnalysisTaskExecuter.java:35)
	at org.gradle.api.internal.changedetection.state.CacheLockReleasingTaskExecuter$1.run(CacheLockReleasingTaskExecuter.java:35)
	at org.gradle.internal.Factories$1.create(Factories.java:22)
	at org.gradle.cache.internal.DefaultCacheAccess.longRunningOperation(DefaultCacheAccess.java:179)
	at org.gradle.cache.internal.DefaultCacheAccess.longRunningOperation(DefaultCacheAccess.java:232)
	at org.gradle.cache.internal.DefaultPersistentDirectoryStore.longRunningOperation(DefaultPersistentDirectoryStore.java:142)
	at org.gradle.api.internal.changedetection.state.DefaultTaskArtifactStateCacheAccess.longRunningOperation(DefaultTaskArtifactStateCacheAccess.java:83)
	at org.gradle.api.internal.changedetection.state.CacheLockReleasingTaskExecuter.execute(CacheLockReleasingTaskExecuter.java:33)
	at org.gradle.api.internal.tasks.execution.SkipUpToDateTaskExecuter.execute(SkipUpToDateTaskExecuter.java:58)
	at org.gradle.api.internal.tasks.execution.ContextualisingTaskExecuter.execute(ContextualisingTaskExecuter.java:34)
	at org.gradle.api.internal.changedetection.state.CacheLockAcquiringTaskExecuter$1.run(CacheLockAcquiringTaskExecuter.java:39)
	at org.gradle.internal.Factories$1.create(Factories.java:22)
	at org.gradle.cache.internal.DefaultCacheAccess.useCache(DefaultCacheAccess.java:124)
	at org.gradle.cache.internal.DefaultCacheAccess.useCache(DefaultCacheAccess.java:112)
	at org.gradle.cache.internal.DefaultPersistentDirectoryStore.useCache(DefaultPersistentDirectoryStore.java:134)
	at org.gradle.api.internal.changedetection.state.DefaultTaskArtifactStateCacheAccess.useCache(DefaultTaskArtifactStateCacheAccess.java:79)
	at org.gradle.api.internal.changedetection.state.CacheLockAcquiringTaskExecuter.execute(CacheLockAcquiringTaskExecuter.java:37)
	at org.gradle.api.internal.tasks.execution.ValidatingTaskExecuter.execute(ValidatingTaskExecuter.java:57)
	at org.gradle.api.internal.tasks.execution.SkipEmptySourceFilesTaskExecuter.execute(SkipEmptySourceFilesTaskExecuter.java:41)
	at org.gradle.api.internal.tasks.execution.SkipTaskWithNoActionsExecuter.execute(SkipTaskWithNoActionsExecuter.java:51)
	at org.gradle.api.internal.tasks.execution.SkipOnlyIfTaskExecuter.execute(SkipOnlyIfTaskExecuter.java:52)
	at org.gradle.api.internal.tasks.execution.ExecuteAtMostOnceTaskExecuter.execute(ExecuteAtMostOnceTaskExecuter.java:42)
	at org.gradle.api.internal.AbstractTask.executeWithoutThrowingTaskFailure(AbstractTask.java:282)
	at org.gradle.execution.taskgraph.DefaultTaskPlanExecutor.executeTask(DefaultTaskPlanExecutor.java:48)
	at org.gradle.execution.taskgraph.DefaultTaskPlanExecutor.processTask(DefaultTaskPlanExecutor.java:34)
	at org.gradle.execution.taskgraph.DefaultTaskPlanExecutor.process(DefaultTaskPlanExecutor.java:27)
	at org.gradle.execution.taskgraph.DefaultTaskGraphExecuter.execute(DefaultTaskGraphExecuter.java:89)
	at org.gradle.execution.SelectedTaskExecutionAction.execute(SelectedTaskExecutionAction.java:29)
	at org.gradle.execution.DefaultBuildExecuter.execute(DefaultBuildExecuter.java:61)
	at org.gradle.execution.DefaultBuildExecuter.access$200(DefaultBuildExecuter.java:23)
	at org.gradle.execution.DefaultBuildExecuter$2.proceed(DefaultBuildExecuter.java:67)
	at org.gradle.api.internal.changedetection.state.TaskCacheLockHandlingBuildExecuter$1.run(TaskCacheLockHandlingBuildExecuter.java:31)
	at org.gradle.internal.Factories$1.create(Factories.java:22)
	at org.gradle.cache.internal.DefaultCacheAccess.useCache(DefaultCacheAccess.java:124)
	at org.gradle.cache.internal.DefaultCacheAccess.useCache(DefaultCacheAccess.java:112)
	at org.gradle.cache.internal.DefaultPersistentDirectoryStore.useCache(DefaultPersistentDirectoryStore.java:134)
	at org.gradle.api.internal.changedetection.state.DefaultTaskArtifactStateCacheAccess.useCache(DefaultTaskArtifactStateCacheAccess.java:79)
	at org.gradle.api.internal.changedetection.state.TaskCacheLockHandlingBuildExecuter.execute(TaskCacheLockHandlingBuildExecuter.java:29)
	at org.gradle.execution.DefaultBuildExecuter.execute(DefaultBuildExecuter.java:61)
	at org.gradle.execution.DefaultBuildExecuter.access$200(DefaultBuildExecuter.java:23)
	at org.gradle.execution.DefaultBuildExecuter$2.proceed(DefaultBuildExecuter.java:67)
	at org.gradle.execution.DryRunBuildExecutionAction.execute(DryRunBuildExecutionAction.java:32)
	at org.gradle.execution.DefaultBuildExecuter.execute(DefaultBuildExecuter.java:61)
	at org.gradle.execution.DefaultBuildExecuter.execute(DefaultBuildExecuter.java:54)
	at org.gradle.initialization.DefaultGradleLauncher.doBuildStages(DefaultGradleLauncher.java:166)
	at org.gradle.initialization.DefaultGradleLauncher.doBuild(DefaultGradleLauncher.java:113)
	at org.gradle.initialization.DefaultGradleLauncher.run(DefaultGradleLauncher.java:81)
	at org.gradle.launcher.exec.InProcessBuildActionExecuter$DefaultBuildController.run(InProcessBuildActionExecuter.java:64)
	at org.gradle.launcher.cli.ExecuteBuildAction.run(ExecuteBuildAction.java:33)
	at org.gradle.launcher.cli.ExecuteBuildAction.run(ExecuteBuildAction.java:24)
	at org.gradle.launcher.exec.InProcessBuildActionExecuter.execute(InProcessBuildActionExecuter.java:35)
	at org.gradle.launcher.exec.InProcessBuildActionExecuter.execute(InProcessBuildActionExecuter.java:26)
	at org.gradle.launcher.cli.RunBuildAction.run(RunBuildAction.java:50)
	at org.gradle.api.internal.Actions$RunnableActionAdapter.execute(Actions.java:171)
	at org.gradle.launcher.cli.CommandLineActionFactory$ParseAndBuildAction.execute(CommandLineActionFactory.java:201)
	at org.gradle.launcher.cli.CommandLineActionFactory$ParseAndBuildAction.execute(CommandLineActionFactory.java:174)
	at org.gradle.launcher.cli.CommandLineActionFactory$WithLogging.execute(CommandLineActionFactory.java:170)
	at org.gradle.launcher.cli.CommandLineActionFactory$WithLogging.execute(CommandLineActionFactory.java:139)
	at org.gradle.launcher.cli.ExceptionReportingAction.execute(ExceptionReportingAction.java:33)
	at org.gradle.launcher.cli.ExceptionReportingAction.execute(ExceptionReportingAction.java:22)
	at org.gradle.launcher.Main.doAction(Main.java:48)
	at org.gradle.launcher.bootstrap.EntryPoint.run(EntryPoint.java:45)
	at org.gradle.launcher.Main.main(Main.java:39)
	at sun.reflect.NativeMethodAccessorImpl.invoke0(Native Method)
	at sun.reflect.NativeMethodAccessorImpl.invoke(NativeMethodAccessorImpl.java:57)
	at sun.reflect.DelegatingMethodAccessorImpl.invoke(DelegatingMethodAccessorImpl.java:43)
	at java.lang.reflect.Method.invoke(Method.java:616)
	at org.gradle.launcher.bootstrap.ProcessBootstrap.runNoExit(ProcessBootstrap.java:50)
	at org.gradle.launcher.bootstrap.ProcessBootstrap.run(ProcessBootstrap.java:32)
	at org.gradle.launcher.GradleMain.main(GradleMain.java:26)
	at sun.reflect.NativeMethodAccessorImpl.invoke0(Native Method)
	at sun.reflect.NativeMethodAccessorImpl.invoke(NativeMethodAccessorImpl.java:57)
	at sun.reflect.DelegatingMethodAccessorImpl.invoke(DelegatingMethodAccessorImpl.java:43)
	at java.lang.reflect.Method.invoke(Method.java:616)
	at org.gradle.wrapper.BootstrapMainStarter.start(BootstrapMainStarter.java:33)
	at org.gradle.wrapper.WrapperExecutor.execute(WrapperExecutor.java:130)
	at org.gradle.wrapper.GradleWrapperMain.main(GradleWrapperMain.java:48)
Caused by: java.io.IOException: Cannot run program "/usr/lib/jvm/java-6-openjdk/jre/bin/java" (in directory "/var/lib/jenkins/dependencies/sdks/Flex4.6/frameworks"): java.io.IOException: error=12, Cannot allocate memory
	at java.lang.ProcessBuilder.start(ProcessBuilder.java:475)
	at java.lang.Runtime.exec(Runtime.java:610)
	at org.apache.tools.ant.taskdefs.Execute$Java13CommandLauncher.exec(Execute.java:862)
	at org.apache.tools.ant.taskdefs.Execute.launch(Execute.java:481)
	at org.apache.tools.ant.taskdefs.Execute.execute(Execute.java:495)
	at org.apache.tools.ant.taskdefs.Java.fork(Java.java:791)
	... 132 more
Caused by: java.io.IOException: java.io.IOException: error=12, Cannot allocate memory
	at java.lang.UNIXProcess.<init>(UNIXProcess.java:164)
	at java.lang.ProcessImpl.start(ProcessImpl.java:81)
	at java.lang.ProcessBuilder.start(ProcessBuilder.java:468)
	... 137 more
[ant:java] Java Result: -1
[8mha:AAAAYB+LCAAAAAAAAABb85aBtbiIQSWjNKU4P0+vIKc0PTOvWC+9KDElJ1XPHUyFJBZn++WXpC7zV766aHPULSYGhooiBimoluT8vOJ8oFpnCA1SyAABjCCFBQDX67qaYgAAAA==[0m:flashbuilder-integration:fb-mobile-as:compileFlex FAILED

FAILURE: Build failed with an exception.

* What went wrong:
Execution failed for task ':flashbuilder-integration:fb-mobile-as:compileFlex'.
> Cannot invoke method contains() on null object

* Try:
Run with --debug option to get more log output.

* Exception is:
org.gradle.api.tasks.TaskExecutionException: Execution failed for task ':flashbuilder-integration:fb-mobile-as:compileFlex'.
	at org.gradle.api.internal.tasks.execution.ExecuteActionsTaskExecuter.executeActions(ExecuteActionsTaskExecuter.java:69)
	at org.gradle.api.internal.tasks.execution.ExecuteActionsTaskExecuter.execute(ExecuteActionsTaskExecuter.java:46)
	at org.gradle.api.internal.tasks.execution.PostExecutionAnalysisTaskExecuter.execute(PostExecutionAnalysisTaskExecuter.java:35)
	at org.gradle.api.internal.changedetection.state.CacheLockReleasingTaskExecuter$1.run(CacheLockReleasingTaskExecuter.java:35)
	at org.gradle.internal.Factories$1.create(Factories.java:22)
	at org.gradle.cache.internal.DefaultCacheAccess.longRunningOperation(DefaultCacheAccess.java:179)
	at org.gradle.cache.internal.DefaultCacheAccess.longRunningOperation(DefaultCacheAccess.java:232)
	at org.gradle.cache.internal.DefaultPersistentDirectoryStore.longRunningOperation(DefaultPersistentDirectoryStore.java:142)
	at org.gradle.api.internal.changedetection.state.DefaultTaskArtifactStateCacheAccess.longRunningOperation(DefaultTaskArtifactStateCacheAccess.java:83)
	at org.gradle.api.internal.changedetection.state.CacheLockReleasingTaskExecuter.execute(CacheLockReleasingTaskExecuter.java:33)
	at org.gradle.api.internal.tasks.execution.SkipUpToDateTaskExecuter.execute(SkipUpToDateTaskExecuter.java:58)
	at org.gradle.api.internal.tasks.execution.ContextualisingTaskExecuter.execute(ContextualisingTaskExecuter.java:34)
	at org.gradle.api.internal.changedetection.state.CacheLockAcquiringTaskExecuter$1.run(CacheLockAcquiringTaskExecuter.java:39)
	at org.gradle.internal.Factories$1.create(Factories.java:22)
	at org.gradle.cache.internal.DefaultCacheAccess.useCache(DefaultCacheAccess.java:124)
	at org.gradle.cache.internal.DefaultCacheAccess.useCache(DefaultCacheAccess.java:112)
	at org.gradle.cache.internal.DefaultPersistentDirectoryStore.useCache(DefaultPersistentDirectoryStore.java:134)
	at org.gradle.api.internal.changedetection.state.DefaultTaskArtifactStateCacheAccess.useCache(DefaultTaskArtifactStateCacheAccess.java:79)
	at org.gradle.api.internal.changedetection.state.CacheLockAcquiringTaskExecuter.execute(CacheLockAcquiringTaskExecuter.java:37)
	at org.gradle.api.internal.tasks.execution.ValidatingTaskExecuter.execute(ValidatingTaskExecuter.java:57)
	at org.gradle.api.internal.tasks.execution.SkipEmptySourceFilesTaskExecuter.execute(SkipEmptySourceFilesTaskExecuter.java:41)
	at org.gradle.api.internal.tasks.execution.SkipTaskWithNoActionsExecuter.execute(SkipTaskWithNoActionsExecuter.java:51)
	at org.gradle.api.internal.tasks.execution.SkipOnlyIfTaskExecuter.execute(SkipOnlyIfTaskExecuter.java:52)
	at org.gradle.api.internal.tasks.execution.ExecuteAtMostOnceTaskExecuter.execute(ExecuteAtMostOnceTaskExecuter.java:42)
	at org.gradle.api.internal.AbstractTask.executeWithoutThrowingTaskFailure(AbstractTask.java:282)
	at org.gradle.execution.taskgraph.DefaultTaskPlanExecutor.executeTask(DefaultTaskPlanExecutor.java:48)
	at org.gradle.execution.taskgraph.DefaultTaskPlanExecutor.processTask(DefaultTaskPlanExecutor.java:34)
	at org.gradle.execution.taskgraph.DefaultTaskPlanExecutor.process(DefaultTaskPlanExecutor.java:27)
	at org.gradle.execution.taskgraph.DefaultTaskGraphExecuter.execute(DefaultTaskGraphExecuter.java:89)
	at org.gradle.execution.SelectedTaskExecutionAction.execute(SelectedTaskExecutionAction.java:29)
	at org.gradle.execution.DefaultBuildExecuter.execute(DefaultBuildExecuter.java:61)
	at org.gradle.execution.DefaultBuildExecuter.access$200(DefaultBuildExecuter.java:23)
	at org.gradle.execution.DefaultBuildExecuter$2.proceed(DefaultBuildExecuter.java:67)
	at org.gradle.api.internal.changedetection.state.TaskCacheLockHandlingBuildExecuter$1.run(TaskCacheLockHandlingBuildExecuter.java:31)
	at org.gradle.internal.Factories$1.create(Factories.java:22)
	at org.gradle.cache.internal.DefaultCacheAccess.useCache(DefaultCacheAccess.java:124)
	at org.gradle.cache.internal.DefaultCacheAccess.useCache(DefaultCacheAccess.java:112)
	at org.gradle.cache.internal.DefaultPersistentDirectoryStore.useCache(DefaultPersistentDirectoryStore.java:134)
	at org.gradle.api.internal.changedetection.state.DefaultTaskArtifactStateCacheAccess.useCache(DefaultTaskArtifactStateCacheAccess.java:79)
	at org.gradle.api.internal.changedetection.state.TaskCacheLockHandlingBuildExecuter.execute(TaskCacheLockHandlingBuildExecuter.java:29)
	at org.gradle.execution.DefaultBuildExecuter.execute(DefaultBuildExecuter.java:61)
	at org.gradle.execution.DefaultBuildExecuter.access$200(DefaultBuildExecuter.java:23)
	at org.gradle.execution.DefaultBuildExecuter$2.proceed(DefaultBuildExecuter.java:67)
	at org.gradle.execution.DryRunBuildExecutionAction.execute(DryRunBuildExecutionAction.java:32)
	at org.gradle.execution.DefaultBuildExecuter.execute(DefaultBuildExecuter.java:61)
	at org.gradle.execution.DefaultBuildExecuter.execute(DefaultBuildExecuter.java:54)
	at org.gradle.initialization.DefaultGradleLauncher.doBuildStages(DefaultGradleLauncher.java:166)
	at org.gradle.initialization.DefaultGradleLauncher.doBuild(DefaultGradleLauncher.java:113)
	at org.gradle.initialization.DefaultGradleLauncher.run(DefaultGradleLauncher.java:81)
	at org.gradle.launcher.exec.InProcessBuildActionExecuter$DefaultBuildController.run(InProcessBuildActionExecuter.java:64)
	at org.gradle.launcher.cli.ExecuteBuildAction.run(ExecuteBuildAction.java:33)
	at org.gradle.launcher.cli.ExecuteBuildAction.run(ExecuteBuildAction.java:24)
	at org.gradle.launcher.exec.InProcessBuildActionExecuter.execute(InProcessBuildActionExecuter.java:35)
	at org.gradle.launcher.exec.InProcessBuildActionExecuter.execute(InProcessBuildActionExecuter.java:26)
	at org.gradle.launcher.cli.RunBuildAction.run(RunBuildAction.java:50)
	at org.gradle.api.internal.Actions$RunnableActionAdapter.execute(Actions.java:171)
	at org.gradle.launcher.cli.CommandLineActionFactory$ParseAndBuildAction.execute(CommandLineActionFactory.java:201)
	at org.gradle.launcher.cli.CommandLineActionFactory$ParseAndBuildAction.execute(CommandLineActionFactory.java:174)
	at org.gradle.launcher.cli.CommandLineActionFactory$WithLogging.execute(CommandLineActionFactory.java:170)
	at org.gradle.launcher.cli.CommandLineActionFactory$WithLogging.execute(CommandLineActionFactory.java:139)
	at org.gradle.launcher.cli.ExceptionReportingAction.execute(ExceptionReportingAction.java:33)
	at org.gradle.launcher.cli.ExceptionReportingAction.execute(ExceptionReportingAction.java:22)
	at org.gradle.launcher.Main.doAction(Main.java:48)
	at org.gradle.launcher.bootstrap.EntryPoint.run(EntryPoint.java:45)
	at org.gradle.launcher.Main.main(Main.java:39)
	at org.gradle.launcher.bootstrap.ProcessBootstrap.runNoExit(ProcessBootstrap.java:50)
	at org.gradle.launcher.bootstrap.ProcessBootstrap.run(ProcessBootstrap.java:32)
	at org.gradle.launcher.GradleMain.main(GradleMain.java:26)
	at org.gradle.wrapper.BootstrapMainStarter.start(BootstrapMainStarter.java:33)
	at org.gradle.wrapper.WrapperExecutor.execute(WrapperExecutor.java:130)
	at org.gradle.wrapper.GradleWrapperMain.main(GradleWrapperMain.java:48)
Caused by: java.lang.NullPointerException: Cannot invoke method contains() on null object
	at org.gradlefx.cli.CommandLineInstruction.handleError(CommandLineInstruction.groovy:217)
	at org.gradlefx.cli.CommandLineInstruction.execute(CommandLineInstruction.groovy:213)
	at org.gradlefx.cli.CommandLineInstruction$execute.call(Unknown Source)
	at org.gradlefx.tasks.compile.Mxmlc.compileFlex(Mxmlc.groovy:39)
	at org.gradlefx.tasks.compile.CompileTask$compileFlex.call(Unknown Source)
	at org.gradlefx.tasks.compile.Compile.compileFlex(Compile.groovy:56)
	at org.gradle.api.internal.BeanDynamicObject$MetaClassAdapter.invokeMethod(BeanDynamicObject.java:216)
	at org.gradle.api.internal.BeanDynamicObject.invokeMethod(BeanDynamicObject.java:122)
	at org.gradle.api.internal.CompositeDynamicObject.invokeMethod(CompositeDynamicObject.java:147)
	at org.gradlefx.tasks.compile.Compile_Decorated.invokeMethod(Unknown Source)
	at org.gradle.util.ReflectionUtil.invoke(ReflectionUtil.groovy:23)
	at org.gradle.api.internal.project.taskfactory.AnnotationProcessingTaskFactory$StandardTaskAction.doExecute(AnnotationProcessingTaskFactory.java:217)
	at org.gradle.api.internal.project.taskfactory.AnnotationProcessingTaskFactory$StandardTaskAction.execute(AnnotationProcessingTaskFactory.java:210)
	at org.gradle.api.internal.project.taskfactory.AnnotationProcessingTaskFactory$StandardTaskAction.execute(AnnotationProcessingTaskFactory.java:199)
	at org.gradle.api.internal.AbstractTask$TaskActionWrapper.execute(AbstractTask.java:526)
	at org.gradle.api.internal.AbstractTask$TaskActionWrapper.execute(AbstractTask.java:509)
	at org.gradle.api.internal.tasks.execution.ExecuteActionsTaskExecuter.executeAction(ExecuteActionsTaskExecuter.java:80)
	at org.gradle.api.internal.tasks.execution.ExecuteActionsTaskExecuter.executeActions(ExecuteActionsTaskExecuter.java:61)
	... 70 more


[8mha:AAAAYx+LCAAAAAAAAABb85aBtbiIQT2jNKU4P0+vIKc0PTOvWC+9KDElJ1XPHUz5l5Yk5+em+uWXpBabBRd0uewzZWJgqChikILqSs7PK84HKneG0CCFDBDACFJYAAAMk/XNZQAAAA==[0mBUILD FAILED

Total time: 1 mins 37.703 secs
Build step 'Invoke Gradle script' changed build result to FAILURE
Build step 'Invoke Gradle script' marked build as failure
Terminating xvnc.
$ vncserver -kill :12
Killing Xvnc4 process ID 18190
Finished: FAILURE
